[0.007s] Invoking command in '/home/user/workspace/ros2_moveit2/src/wholebody_description/build/wholebody_description': CMAKE_PREFIX_PATH=${CMAKE_PREFIX_PATH}:/home/user/workspace/ws_moveit/install/moveit_configs_utils:/opt/ros/humble /usr/local/bin/cmake /home/user/workspace/ros2_moveit2/src/wholebody_description -DCMAKE_INSTALL_PREFIX=/home/user/workspace/ros2_moveit2/src/wholebody_description/install/wholebody_description
[0.033s] -- The C compiler identification is GNU 11.3.0
[0.060s] -- The CXX compiler identification is GNU 11.3.0
[0.066s] -- Detecting C compiler ABI info
[0.093s] -- Detecting C compiler ABI info - done
[0.098s] -- Check for working C compiler: /usr/bin/cc - skipped
[0.098s] -- Detecting C compile features
[0.098s] -- Detecting C compile features - done
[0.100s] -- Detecting CXX compiler ABI info
[0.134s] -- Detecting CXX compiler ABI info - done
[0.139s] -- Check for working CXX compiler: /usr/bin/c++ - skipped
[0.139s] -- Detecting CXX compile features
[0.140s] -- Detecting CXX compile features - done
[0.141s] -- Found ament_cmake: 1.3.4 (/opt/ros/humble/share/ament_cmake/cmake)
[0.437s] -- Found Python3: /usr/bin/python3.10 (found version "3.10.6") found components: Interpreter 
[0.515s] -- Configuring done (0.5s)
[0.516s] -- Generating done (0.0s)
[0.517s] -- Build files have been written to: /home/user/workspace/ros2_moveit2/src/wholebody_description/build/wholebody_description
[0.519s] Invoked command in '/home/user/workspace/ros2_moveit2/src/wholebody_description/build/wholebody_description' returned '0': CMAKE_PREFIX_PATH=${CMAKE_PREFIX_PATH}:/home/user/workspace/ws_moveit/install/moveit_configs_utils:/opt/ros/humble /usr/local/bin/cmake /home/user/workspace/ros2_moveit2/src/wholebody_description -DCMAKE_INSTALL_PREFIX=/home/user/workspace/ros2_moveit2/src/wholebody_description/install/wholebody_description
[0.520s] Invoking command in '/home/user/workspace/ros2_moveit2/src/wholebody_description/build/wholebody_description': CMAKE_PREFIX_PATH=${CMAKE_PREFIX_PATH}:/home/user/workspace/ws_moveit/install/moveit_configs_utils:/opt/ros/humble /usr/local/bin/cmake --build /home/user/workspace/ros2_moveit2/src/wholebody_description/build/wholebody_description -- -j24 -l24
[0.528s] Invoked command in '/home/user/workspace/ros2_moveit2/src/wholebody_description/build/wholebody_description' returned '0': CMAKE_PREFIX_PATH=${CMAKE_PREFIX_PATH}:/home/user/workspace/ws_moveit/install/moveit_configs_utils:/opt/ros/humble /usr/local/bin/cmake --build /home/user/workspace/ros2_moveit2/src/wholebody_description/build/wholebody_description -- -j24 -l24
[0.540s] Invoking command in '/home/user/workspace/ros2_moveit2/src/wholebody_description/build/wholebody_description': CMAKE_PREFIX_PATH=${CMAKE_PREFIX_PATH}:/home/user/workspace/ws_moveit/install/moveit_configs_utils:/opt/ros/humble /usr/local/bin/cmake --install /home/user/workspace/ros2_moveit2/src/wholebody_description/build/wholebody_description
[0.541s] -- Install configuration: ""
[0.541s] [31mCMake Error at cmake_install.cmake:46 (file):
[0.541s]   file INSTALL cannot find
[0.541s]   "/home/user/workspace/ros2_moveit2/src/wholebody_description/launch": No
[0.541s]   such file or directory.
[0.541s] 
[0.541s] [0m
[0.542s] Invoked command in '/home/user/workspace/ros2_moveit2/src/wholebody_description/build/wholebody_description' returned '1': CMAKE_PREFIX_PATH=${CMAKE_PREFIX_PATH}:/home/user/workspace/ws_moveit/install/moveit_configs_utils:/opt/ros/humble /usr/local/bin/cmake --install /home/user/workspace/ros2_moveit2/src/wholebody_description/build/wholebody_description
