[0.024s] Invoking command in '/home/pathfinder/vis_ws/build/wholebody_visualization': CMAKE_PREFIX_PATH=${CMAKE_PREFIX_PATH}:/home/pathfinder/ws_moveit2/install/moveit_configs_utils:/home/pathfinder/ws_moveit2/install/launch_param_builder:/opt/ros/humble /usr/bin/cmake --build /home/pathfinder/vis_ws/build/wholebody_visualization -- -j12 -l12
[0.071s] [35m[1mConsolidate compiler generated dependencies of target wholebody_visualization[0m
[0.086s] [ 50%] [32mBuilding CXX object CMakeFiles/wholebody_visualization.dir/src/joint_state_pub.cpp.o[0m
[1.696s] [01m[K/home/pathfinder/vis_ws/src/wholebody_visualization/src/joint_state_pub.cpp:[m[K In constructor ‘[01m[KJointStatePub::JointStatePub(std::string)[m[K’:
[1.696s] [01m[K/home/pathfinder/vis_ws/src/wholebody_visualization/src/joint_state_pub.cpp:82:21:[m[K [01;31m[Kerror: [m[Kredeclaration of ‘[01m[Ktf2::Quaternion orien[m[K’
[1.696s]    82 |     tf2::Quaternion [01;31m[Korien[m[K(0.0, 1.0, 0.0, 1.0);
[1.696s]       |                     [01;31m[K^~~~~[m[K
[1.696s] [01m[K/home/pathfinder/vis_ws/src/wholebody_visualization/src/joint_state_pub.cpp:72:21:[m[K [01;36m[Knote: [m[K‘[01m[Ktf2::Quaternion orien[m[K’ previously declared here
[1.696s]    72 |     tf2::Quaternion [01;36m[Korien[m[K(1.0, 0.0, 0.0, 1.0);
[1.696s]       |                     [01;36m[K^~~~~[m[K
[1.696s] [01m[K/home/pathfinder/vis_ws/src/wholebody_visualization/src/joint_state_pub.cpp:93:21:[m[K [01;31m[Kerror: [m[Kredeclaration of ‘[01m[Ktf2::Quaternion orien[m[K’
[1.696s]    93 |     tf2::Quaternion [01;31m[Korien[m[K(0.0, 0.0, 1.0, 1.0);
[1.696s]       |                     [01;31m[K^~~~~[m[K
[1.696s] [01m[K/home/pathfinder/vis_ws/src/wholebody_visualization/src/joint_state_pub.cpp:72:21:[m[K [01;36m[Knote: [m[K‘[01m[Ktf2::Quaternion orien[m[K’ previously declared here
[1.696s]    72 |     tf2::Quaternion [01;36m[Korien[m[K(1.0, 0.0, 0.0, 1.0);
[1.697s]       |                     [01;36m[K^~~~~[m[K
[3.252s] gmake[2]: *** [CMakeFiles/wholebody_visualization.dir/build.make:76: CMakeFiles/wholebody_visualization.dir/src/joint_state_pub.cpp.o] Error 1
[3.253s] gmake[1]: *** [CMakeFiles/Makefile2:137: CMakeFiles/wholebody_visualization.dir/all] Error 2
[3.253s] gmake: *** [Makefile:146: all] Error 2
[3.256s] Invoked command in '/home/pathfinder/vis_ws/build/wholebody_visualization' returned '2': CMAKE_PREFIX_PATH=${CMAKE_PREFIX_PATH}:/home/pathfinder/ws_moveit2/install/moveit_configs_utils:/home/pathfinder/ws_moveit2/install/launch_param_builder:/opt/ros/humble /usr/bin/cmake --build /home/pathfinder/vis_ws/build/wholebody_visualization -- -j12 -l12
