[0.023s] Invoking command in '/home/pathfinder/vis_ws/build/wholebody_visualization': CMAKE_PREFIX_PATH=${CMAKE_PREFIX_PATH}:/home/pathfinder/ws_moveit2/install/moveit_configs_utils:/home/pathfinder/ws_moveit2/install/launch_param_builder:/opt/ros/humble /usr/bin/cmake --build /home/pathfinder/vis_ws/build/wholebody_visualization -- -j12 -l12
[0.070s] [35m[1mConsolidate compiler generated dependencies of target wholebody_visualization[0m
[0.090s] [ 50%] [32mBuilding CXX object CMakeFiles/wholebody_visualization.dir/src/joint_state_pub.cpp.o[0m
[1.689s] [01m[K/home/pathfinder/vis_ws/src/wholebody_visualization/src/joint_state_pub.cpp:[m[K In constructor ‘[01m[KJointStatePub::JointStatePub(std::string)[m[K’:
[1.689s] [01m[K/home/pathfinder/vis_ws/src/wholebody_visualization/src/joint_state_pub.cpp:26:1:[m[K [01;31m[Kerror: [m[K‘[01m[Kcount[m[K’ was not declared in this scope; did you mean ‘[01m[Kstd::count[m[K’?
[1.689s]    26 | [01;31m[Kcount[m[K=1;
[1.689s]       | [01;31m[K^~~~~[m[K
[1.689s]       | [32m[Kstd::count[m[K
[1.689s] In file included from [01m[K/usr/include/c++/11/algorithm:74[m[K,
[1.689s]                  from [01m[K/opt/ros/humble/include/rclcpp/rclcpp/executor.hpp:18[m[K,
[1.689s]                  from [01m[K/opt/ros/humble/include/rclcpp/rclcpp/executors/multi_threaded_executor.hpp:25[m[K,
[1.689s]                  from [01m[K/opt/ros/humble/include/rclcpp/rclcpp/executors.hpp:21[m[K,
[1.689s]                  from [01m[K/opt/ros/humble/include/rclcpp/rclcpp/rclcpp.hpp:155[m[K,
[1.689s]                  from [01m[K/home/pathfinder/vis_ws/src/wholebody_visualization/include/joint_state_pub.h:4[m[K,
[1.689s]                  from [01m[K/home/pathfinder/vis_ws/src/wholebody_visualization/src/joint_state_pub.cpp:1[m[K:
[1.690s] [01m[K/usr/include/c++/11/pstl/glue_algorithm_defs.h:101:1:[m[K [01;36m[Knote: [m[K‘[01m[Kstd::count[m[K’ declared here
[1.690s]   101 | [01;36m[Kcount[m[K(_ExecutionPolicy&& __exec, _ForwardIterator __first, _ForwardIterator __last, const _Tp& __value);
[1.690s]       | [01;36m[K^~~~~[m[K
[3.188s] gmake[2]: *** [CMakeFiles/wholebody_visualization.dir/build.make:76: CMakeFiles/wholebody_visualization.dir/src/joint_state_pub.cpp.o] Error 1
[3.188s] gmake[1]: *** [CMakeFiles/Makefile2:137: CMakeFiles/wholebody_visualization.dir/all] Error 2
[3.188s] gmake: *** [Makefile:146: all] Error 2
[3.190s] Invoked command in '/home/pathfinder/vis_ws/build/wholebody_visualization' returned '2': CMAKE_PREFIX_PATH=${CMAKE_PREFIX_PATH}:/home/pathfinder/ws_moveit2/install/moveit_configs_utils:/home/pathfinder/ws_moveit2/install/launch_param_builder:/opt/ros/humble /usr/bin/cmake --build /home/pathfinder/vis_ws/build/wholebody_visualization -- -j12 -l12
