[0.208s] DEBUG:colcon:Command line arguments: ['/usr/bin/colcon', 'build', '--packages-select', 'interactive_marker_tutorials']
[0.208s] DEBUG:colcon:Parsed command line arguments: Namespace(log_base=None, log_level=None, verb_name='build', build_base='build', install_base='install', merge_install=False, symlink_install=False, test_result_base=None, continue_on_error=False, executor='parallel', parallel_workers=12, event_handlers=None, ignore_user_meta=False, metas=['./colcon.meta'], base_paths=['.'], packages_ignore=None, packages_ignore_regex=None, paths=None, packages_up_to=None, packages_up_to_regex=None, packages_above=None, packages_above_and_dependencies=None, packages_above_depth=None, packages_select_by_dep=None, packages_skip_by_dep=None, packages_skip_up_to=None, packages_select_build_failed=False, packages_skip_build_finished=False, packages_select_test_failures=False, packages_skip_test_passed=False, packages_select=['interactive_marker_tutorials'], packages_skip=None, packages_select_regex=None, packages_skip_regex=None, packages_start=None, packages_end=None, allow_overriding=[], cmake_args=None, cmake_target=None, cmake_target_skip_unavailable=False, cmake_clean_cache=False, cmake_clean_first=False, cmake_force_configure=False, ament_cmake_args=None, catkin_cmake_args=None, catkin_skip_building_tests=False, mixin_files=None, mixin=None, verb_parser=<colcon_mixin.mixin.mixin_argument.MixinArgumentDecorator object at 0x7fd7844abe50>, verb_extension=<colcon_core.verb.build.BuildVerb object at 0x7fd784cde650>, main=<bound method BuildVerb.main of <colcon_core.verb.build.BuildVerb object at 0x7fd784cde650>>, mixin_verb=('build',))
[0.223s] Level 1:colcon.colcon_core.package_discovery:discover_packages(colcon_meta) check parameters
[0.223s] Level 1:colcon.colcon_core.package_discovery:discover_packages(recursive) check parameters
[0.223s] Level 1:colcon.colcon_core.package_discovery:discover_packages(ignore) check parameters
[0.223s] Level 1:colcon.colcon_core.package_discovery:discover_packages(path) check parameters
[0.223s] Level 1:colcon.colcon_core.package_discovery:discover_packages(colcon_meta) discover
[0.223s] Level 1:colcon.colcon_core.package_discovery:discover_packages(recursive) discover
[0.223s] INFO:colcon.colcon_core.package_discovery:Crawling recursively for packages in '/home/pathfinder/vis_ws'
[0.224s] Level 1:colcon.colcon_core.package_identification:_identify(.) by extensions ['ignore', 'ignore_ament_install']
[0.224s] Level 1:colcon.colcon_core.package_identification:_identify(.) by extension 'ignore'
[0.224s] Level 1:colcon.colcon_core.package_identification:_identify(.) by extension 'ignore_ament_install'
[0.224s] Level 1:colcon.colcon_core.package_identification:_identify(.) by extensions ['colcon_pkg']
[0.224s] Level 1:colcon.colcon_core.package_identification:_identify(.) by extension 'colcon_pkg'
[0.224s] Level 1:colcon.colcon_core.package_identification:_identify(.) by extensions ['colcon_meta']
[0.224s] Level 1:colcon.colcon_core.package_identification:_identify(.) by extension 'colcon_meta'
[0.224s] Level 1:colcon.colcon_core.package_identification:_identify(.) by extensions ['ros']
[0.224s] Level 1:colcon.colcon_core.package_identification:_identify(.) by extension 'ros'
[0.230s] Level 1:colcon.colcon_core.package_identification:_identify(.) by extensions ['cmake', 'python']
[0.230s] Level 1:colcon.colcon_core.package_identification:_identify(.) by extension 'cmake'
[0.230s] Level 1:colcon.colcon_core.package_identification:_identify(.) by extension 'python'
[0.230s] Level 1:colcon.colcon_core.package_identification:_identify(.) by extensions ['python_setup_py']
[0.230s] Level 1:colcon.colcon_core.package_identification:_identify(.) by extension 'python_setup_py'
[0.230s] Level 1:colcon.colcon_core.package_identification:_identify(build) by extensions ['ignore', 'ignore_ament_install']
[0.230s] Level 1:colcon.colcon_core.package_identification:_identify(build) by extension 'ignore'
[0.230s] Level 1:colcon.colcon_core.package_identification:_identify(build) ignored
[0.230s] Level 1:colcon.colcon_core.package_identification:_identify(install) by extensions ['ignore', 'ignore_ament_install']
[0.230s] Level 1:colcon.colcon_core.package_identification:_identify(install) by extension 'ignore'
[0.230s] Level 1:colcon.colcon_core.package_identification:_identify(install) ignored
[0.230s] Level 1:colcon.colcon_core.package_identification:_identify(log) by extensions ['ignore', 'ignore_ament_install']
[0.230s] Level 1:colcon.colcon_core.package_identification:_identify(log) by extension 'ignore'
[0.230s] Level 1:colcon.colcon_core.package_identification:_identify(log) ignored
[0.230s] Level 1:colcon.colcon_core.package_identification:_identify(src) by extensions ['ignore', 'ignore_ament_install']
[0.231s] Level 1:colcon.colcon_core.package_identification:_identify(src) by extension 'ignore'
[0.231s] Level 1:colcon.colcon_core.package_identification:_identify(src) by extension 'ignore_ament_install'
[0.231s] Level 1:colcon.colcon_core.package_identification:_identify(src) by extensions ['colcon_pkg']
[0.231s] Level 1:colcon.colcon_core.package_identification:_identify(src) by extension 'colcon_pkg'
[0.231s] Level 1:colcon.colcon_core.package_identification:_identify(src) by extensions ['colcon_meta']
[0.231s] Level 1:colcon.colcon_core.package_identification:_identify(src) by extension 'colcon_meta'
[0.231s] Level 1:colcon.colcon_core.package_identification:_identify(src) by extensions ['ros']
[0.231s] Level 1:colcon.colcon_core.package_identification:_identify(src) by extension 'ros'
[0.231s] Level 1:colcon.colcon_core.package_identification:_identify(src) by extensions ['cmake', 'python']
[0.231s] Level 1:colcon.colcon_core.package_identification:_identify(src) by extension 'cmake'
[0.231s] Level 1:colcon.colcon_core.package_identification:_identify(src) by extension 'python'
[0.231s] Level 1:colcon.colcon_core.package_identification:_identify(src) by extensions ['python_setup_py']
[0.231s] Level 1:colcon.colcon_core.package_identification:_identify(src) by extension 'python_setup_py'
[0.231s] Level 1:colcon.colcon_core.package_identification:_identify(src/vis) by extensions ['ignore', 'ignore_ament_install']
[0.231s] Level 1:colcon.colcon_core.package_identification:_identify(src/vis) by extension 'ignore'
[0.231s] Level 1:colcon.colcon_core.package_identification:_identify(src/vis) by extension 'ignore_ament_install'
[0.231s] Level 1:colcon.colcon_core.package_identification:_identify(src/vis) by extensions ['colcon_pkg']
[0.231s] Level 1:colcon.colcon_core.package_identification:_identify(src/vis) by extension 'colcon_pkg'
[0.231s] Level 1:colcon.colcon_core.package_identification:_identify(src/vis) by extensions ['colcon_meta']
[0.231s] Level 1:colcon.colcon_core.package_identification:_identify(src/vis) by extension 'colcon_meta'
[0.231s] Level 1:colcon.colcon_core.package_identification:_identify(src/vis) by extensions ['ros']
[0.231s] Level 1:colcon.colcon_core.package_identification:_identify(src/vis) by extension 'ros'
[0.231s] Level 1:colcon.colcon_core.package_identification:_identify(src/vis) by extensions ['cmake', 'python']
[0.231s] Level 1:colcon.colcon_core.package_identification:_identify(src/vis) by extension 'cmake'
[0.231s] Level 1:colcon.colcon_core.package_identification:_identify(src/vis) by extension 'python'
[0.231s] Level 1:colcon.colcon_core.package_identification:_identify(src/vis) by extensions ['python_setup_py']
[0.231s] Level 1:colcon.colcon_core.package_identification:_identify(src/vis) by extension 'python_setup_py'
[0.231s] Level 1:colcon.colcon_core.package_identification:_identify(src/vis/__pycache__) by extensions ['ignore', 'ignore_ament_install']
[0.231s] Level 1:colcon.colcon_core.package_identification:_identify(src/vis/__pycache__) by extension 'ignore'
[0.231s] Level 1:colcon.colcon_core.package_identification:_identify(src/vis/__pycache__) by extension 'ignore_ament_install'
[0.231s] Level 1:colcon.colcon_core.package_identification:_identify(src/vis/__pycache__) by extensions ['colcon_pkg']
[0.231s] Level 1:colcon.colcon_core.package_identification:_identify(src/vis/__pycache__) by extension 'colcon_pkg'
[0.231s] Level 1:colcon.colcon_core.package_identification:_identify(src/vis/__pycache__) by extensions ['colcon_meta']
[0.231s] Level 1:colcon.colcon_core.package_identification:_identify(src/vis/__pycache__) by extension 'colcon_meta'
[0.231s] Level 1:colcon.colcon_core.package_identification:_identify(src/vis/__pycache__) by extensions ['ros']
[0.231s] Level 1:colcon.colcon_core.package_identification:_identify(src/vis/__pycache__) by extension 'ros'
[0.231s] Level 1:colcon.colcon_core.package_identification:_identify(src/vis/__pycache__) by extensions ['cmake', 'python']
[0.231s] Level 1:colcon.colcon_core.package_identification:_identify(src/vis/__pycache__) by extension 'cmake'
[0.231s] Level 1:colcon.colcon_core.package_identification:_identify(src/vis/__pycache__) by extension 'python'
[0.231s] Level 1:colcon.colcon_core.package_identification:_identify(src/vis/__pycache__) by extensions ['python_setup_py']
[0.231s] Level 1:colcon.colcon_core.package_identification:_identify(src/vis/__pycache__) by extension 'python_setup_py'
[0.231s] Level 1:colcon.colcon_core.package_identification:_identify(src/vis/build) by extensions ['ignore', 'ignore_ament_install']
[0.231s] Level 1:colcon.colcon_core.package_identification:_identify(src/vis/build) by extension 'ignore'
[0.231s] Level 1:colcon.colcon_core.package_identification:_identify(src/vis/build) ignored
[0.231s] Level 1:colcon.colcon_core.package_identification:_identify(src/vis/install) by extensions ['ignore', 'ignore_ament_install']
[0.231s] Level 1:colcon.colcon_core.package_identification:_identify(src/vis/install) by extension 'ignore'
[0.231s] Level 1:colcon.colcon_core.package_identification:_identify(src/vis/install) ignored
[0.232s] Level 1:colcon.colcon_core.package_identification:_identify(src/vis/interactive_marker_tutorials) by extensions ['ignore', 'ignore_ament_install']
[0.232s] Level 1:colcon.colcon_core.package_identification:_identify(src/vis/interactive_marker_tutorials) by extension 'ignore'
[0.232s] Level 1:colcon.colcon_core.package_identification:_identify(src/vis/interactive_marker_tutorials) by extension 'ignore_ament_install'
[0.232s] Level 1:colcon.colcon_core.package_identification:_identify(src/vis/interactive_marker_tutorials) by extensions ['colcon_pkg']
[0.232s] Level 1:colcon.colcon_core.package_identification:_identify(src/vis/interactive_marker_tutorials) by extension 'colcon_pkg'
[0.232s] Level 1:colcon.colcon_core.package_identification:_identify(src/vis/interactive_marker_tutorials) by extensions ['colcon_meta']
[0.232s] Level 1:colcon.colcon_core.package_identification:_identify(src/vis/interactive_marker_tutorials) by extension 'colcon_meta'
[0.232s] Level 1:colcon.colcon_core.package_identification:_identify(src/vis/interactive_marker_tutorials) by extensions ['ros']
[0.232s] Level 1:colcon.colcon_core.package_identification:_identify(src/vis/interactive_marker_tutorials) by extension 'ros'
[0.233s] DEBUG:colcon.colcon_core.package_identification:Package 'src/vis/interactive_marker_tutorials' with type 'ros.ament_cmake' and name 'interactive_marker_tutorials'
[0.234s] Level 1:colcon.colcon_core.package_identification:_identify(src/vis/librviz_tutorial) by extensions ['ignore', 'ignore_ament_install']
[0.234s] Level 1:colcon.colcon_core.package_identification:_identify(src/vis/librviz_tutorial) by extension 'ignore'
[0.234s] Level 1:colcon.colcon_core.package_identification:_identify(src/vis/librviz_tutorial) by extension 'ignore_ament_install'
[0.234s] Level 1:colcon.colcon_core.package_identification:_identify(src/vis/librviz_tutorial) by extensions ['colcon_pkg']
[0.234s] Level 1:colcon.colcon_core.package_identification:_identify(src/vis/librviz_tutorial) by extension 'colcon_pkg'
[0.234s] Level 1:colcon.colcon_core.package_identification:_identify(src/vis/librviz_tutorial) by extensions ['colcon_meta']
[0.234s] Level 1:colcon.colcon_core.package_identification:_identify(src/vis/librviz_tutorial) by extension 'colcon_meta'
[0.234s] Level 1:colcon.colcon_core.package_identification:_identify(src/vis/librviz_tutorial) by extensions ['ros']
[0.234s] Level 1:colcon.colcon_core.package_identification:_identify(src/vis/librviz_tutorial) by extension 'ros'
[0.234s] DEBUG:colcon.colcon_core.package_identification:Package 'src/vis/librviz_tutorial' with type 'ros.ament_cmake' and name 'librviz_tutorial'
[0.234s] Level 1:colcon.colcon_core.package_identification:_identify(src/vis/log) by extensions ['ignore', 'ignore_ament_install']
[0.234s] Level 1:colcon.colcon_core.package_identification:_identify(src/vis/log) by extension 'ignore'
[0.234s] Level 1:colcon.colcon_core.package_identification:_identify(src/vis/log) ignored
[0.234s] Level 1:colcon.colcon_core.package_identification:_identify(src/vis/rviz_plugin_tutorials) by extensions ['ignore', 'ignore_ament_install']
[0.234s] Level 1:colcon.colcon_core.package_identification:_identify(src/vis/rviz_plugin_tutorials) by extension 'ignore'
[0.234s] Level 1:colcon.colcon_core.package_identification:_identify(src/vis/rviz_plugin_tutorials) by extension 'ignore_ament_install'
[0.234s] Level 1:colcon.colcon_core.package_identification:_identify(src/vis/rviz_plugin_tutorials) by extensions ['colcon_pkg']
[0.235s] Level 1:colcon.colcon_core.package_identification:_identify(src/vis/rviz_plugin_tutorials) by extension 'colcon_pkg'
[0.235s] Level 1:colcon.colcon_core.package_identification:_identify(src/vis/rviz_plugin_tutorials) by extensions ['colcon_meta']
[0.235s] Level 1:colcon.colcon_core.package_identification:_identify(src/vis/rviz_plugin_tutorials) by extension 'colcon_meta'
[0.235s] Level 1:colcon.colcon_core.package_identification:_identify(src/vis/rviz_plugin_tutorials) by extensions ['ros']
[0.235s] Level 1:colcon.colcon_core.package_identification:_identify(src/vis/rviz_plugin_tutorials) by extension 'ros'
[0.235s] DEBUG:colcon.colcon_core.package_identification:Package 'src/vis/rviz_plugin_tutorials' with type 'ros.ament_cmake' and name 'rviz_plugin_tutorials'
[0.235s] Level 1:colcon.colcon_core.package_identification:_identify(src/vis/rviz_python_tutorial) by extensions ['ignore', 'ignore_ament_install']
[0.235s] Level 1:colcon.colcon_core.package_identification:_identify(src/vis/rviz_python_tutorial) by extension 'ignore'
[0.235s] Level 1:colcon.colcon_core.package_identification:_identify(src/vis/rviz_python_tutorial) ignored
[0.235s] Level 1:colcon.colcon_core.package_identification:_identify(src/vis/visualization_marker_tutorials) by extensions ['ignore', 'ignore_ament_install']
[0.235s] Level 1:colcon.colcon_core.package_identification:_identify(src/vis/visualization_marker_tutorials) by extension 'ignore'
[0.235s] Level 1:colcon.colcon_core.package_identification:_identify(src/vis/visualization_marker_tutorials) by extension 'ignore_ament_install'
[0.235s] Level 1:colcon.colcon_core.package_identification:_identify(src/vis/visualization_marker_tutorials) by extensions ['colcon_pkg']
[0.235s] Level 1:colcon.colcon_core.package_identification:_identify(src/vis/visualization_marker_tutorials) by extension 'colcon_pkg'
[0.235s] Level 1:colcon.colcon_core.package_identification:_identify(src/vis/visualization_marker_tutorials) by extensions ['colcon_meta']
[0.235s] Level 1:colcon.colcon_core.package_identification:_identify(src/vis/visualization_marker_tutorials) by extension 'colcon_meta'
[0.235s] Level 1:colcon.colcon_core.package_identification:_identify(src/vis/visualization_marker_tutorials) by extensions ['ros']
[0.235s] Level 1:colcon.colcon_core.package_identification:_identify(src/vis/visualization_marker_tutorials) by extension 'ros'
[0.236s] DEBUG:colcon.colcon_core.package_identification:Package 'src/vis/visualization_marker_tutorials' with type 'ros.ament_cmake' and name 'visualization_marker_tutorials'
[0.236s] Level 1:colcon.colcon_core.package_identification:_identify(src/vis/visualization_tutorials) by extensions ['ignore', 'ignore_ament_install']
[0.236s] Level 1:colcon.colcon_core.package_identification:_identify(src/vis/visualization_tutorials) by extension 'ignore'
[0.236s] Level 1:colcon.colcon_core.package_identification:_identify(src/vis/visualization_tutorials) by extension 'ignore_ament_install'
[0.236s] Level 1:colcon.colcon_core.package_identification:_identify(src/vis/visualization_tutorials) by extensions ['colcon_pkg']
[0.236s] Level 1:colcon.colcon_core.package_identification:_identify(src/vis/visualization_tutorials) by extension 'colcon_pkg'
[0.236s] Level 1:colcon.colcon_core.package_identification:_identify(src/vis/visualization_tutorials) by extensions ['colcon_meta']
[0.236s] Level 1:colcon.colcon_core.package_identification:_identify(src/vis/visualization_tutorials) by extension 'colcon_meta'
[0.236s] Level 1:colcon.colcon_core.package_identification:_identify(src/vis/visualization_tutorials) by extensions ['ros']
[0.236s] Level 1:colcon.colcon_core.package_identification:_identify(src/vis/visualization_tutorials) by extension 'ros'
[0.236s] DEBUG:colcon.colcon_core.package_identification:Package 'src/vis/visualization_tutorials' with type 'ros.ament_cmake' and name 'visualization_tutorials'
[0.236s] Level 1:colcon.colcon_core.package_identification:_identify(src/whole_vis) by extensions ['ignore', 'ignore_ament_install']
[0.236s] Level 1:colcon.colcon_core.package_identification:_identify(src/whole_vis) by extension 'ignore'
[0.236s] Level 1:colcon.colcon_core.package_identification:_identify(src/whole_vis) by extension 'ignore_ament_install'
[0.236s] Level 1:colcon.colcon_core.package_identification:_identify(src/whole_vis) by extensions ['colcon_pkg']
[0.236s] Level 1:colcon.colcon_core.package_identification:_identify(src/whole_vis) by extension 'colcon_pkg'
[0.236s] Level 1:colcon.colcon_core.package_identification:_identify(src/whole_vis) by extensions ['colcon_meta']
[0.236s] Level 1:colcon.colcon_core.package_identification:_identify(src/whole_vis) by extension 'colcon_meta'
[0.236s] Level 1:colcon.colcon_core.package_identification:_identify(src/whole_vis) by extensions ['ros']
[0.236s] Level 1:colcon.colcon_core.package_identification:_identify(src/whole_vis) by extension 'ros'
[0.236s] Level 1:colcon.colcon_core.package_identification:_identify(src/whole_vis) by extensions ['cmake', 'python']
[0.236s] Level 1:colcon.colcon_core.package_identification:_identify(src/whole_vis) by extension 'cmake'
[0.236s] Level 1:colcon.colcon_core.package_identification:_identify(src/whole_vis) by extension 'python'
[0.236s] Level 1:colcon.colcon_core.package_identification:_identify(src/whole_vis) by extensions ['python_setup_py']
[0.236s] Level 1:colcon.colcon_core.package_identification:_identify(src/whole_vis) by extension 'python_setup_py'
[0.236s] Level 1:colcon.colcon_core.package_identification:_identify(src/wholebody_description) by extensions ['ignore', 'ignore_ament_install']
[0.236s] Level 1:colcon.colcon_core.package_identification:_identify(src/wholebody_description) by extension 'ignore'
[0.237s] Level 1:colcon.colcon_core.package_identification:_identify(src/wholebody_description) by extension 'ignore_ament_install'
[0.237s] Level 1:colcon.colcon_core.package_identification:_identify(src/wholebody_description) by extensions ['colcon_pkg']
[0.237s] Level 1:colcon.colcon_core.package_identification:_identify(src/wholebody_description) by extension 'colcon_pkg'
[0.237s] Level 1:colcon.colcon_core.package_identification:_identify(src/wholebody_description) by extensions ['colcon_meta']
[0.237s] Level 1:colcon.colcon_core.package_identification:_identify(src/wholebody_description) by extension 'colcon_meta'
[0.237s] Level 1:colcon.colcon_core.package_identification:_identify(src/wholebody_description) by extensions ['ros']
[0.237s] Level 1:colcon.colcon_core.package_identification:_identify(src/wholebody_description) by extension 'ros'
[0.237s] DEBUG:colcon.colcon_core.package_identification:Package 'src/wholebody_description' with type 'ros.ament_cmake' and name 'wholebody_description'
[0.237s] Level 1:colcon.colcon_core.package_identification:_identify(src/wholebody_visualization) by extensions ['ignore', 'ignore_ament_install']
[0.237s] Level 1:colcon.colcon_core.package_identification:_identify(src/wholebody_visualization) by extension 'ignore'
[0.237s] Level 1:colcon.colcon_core.package_identification:_identify(src/wholebody_visualization) by extension 'ignore_ament_install'
[0.237s] Level 1:colcon.colcon_core.package_identification:_identify(src/wholebody_visualization) by extensions ['colcon_pkg']
[0.237s] Level 1:colcon.colcon_core.package_identification:_identify(src/wholebody_visualization) by extension 'colcon_pkg'
[0.237s] Level 1:colcon.colcon_core.package_identification:_identify(src/wholebody_visualization) by extensions ['colcon_meta']
[0.237s] Level 1:colcon.colcon_core.package_identification:_identify(src/wholebody_visualization) by extension 'colcon_meta'
[0.237s] Level 1:colcon.colcon_core.package_identification:_identify(src/wholebody_visualization) by extensions ['ros']
[0.237s] Level 1:colcon.colcon_core.package_identification:_identify(src/wholebody_visualization) by extension 'ros'
[0.238s] DEBUG:colcon.colcon_core.package_identification:Package 'src/wholebody_visualization' with type 'ros.ament_cmake' and name 'wholebody_visualization'
[0.238s] Level 1:colcon.colcon_core.package_discovery:discover_packages(recursive) using defaults
[0.238s] Level 1:colcon.colcon_core.package_discovery:discover_packages(ignore) discover
[0.238s] Level 1:colcon.colcon_core.package_discovery:discover_packages(ignore) using defaults
[0.238s] Level 1:colcon.colcon_core.package_discovery:discover_packages(path) discover
[0.238s] Level 1:colcon.colcon_core.package_discovery:discover_packages(path) using defaults
[0.251s] INFO:colcon.colcon_core.package_selection:Skipping not selected package 'librviz_tutorial' in 'src/vis/librviz_tutorial'
[0.251s] INFO:colcon.colcon_core.package_selection:Skipping not selected package 'rviz_plugin_tutorials' in 'src/vis/rviz_plugin_tutorials'
[0.251s] INFO:colcon.colcon_core.package_selection:Skipping not selected package 'visualization_marker_tutorials' in 'src/vis/visualization_marker_tutorials'
[0.251s] INFO:colcon.colcon_core.package_selection:Skipping not selected package 'wholebody_description' in 'src/wholebody_description'
[0.251s] INFO:colcon.colcon_core.package_selection:Skipping not selected package 'wholebody_visualization' in 'src/wholebody_visualization'
[0.251s] INFO:colcon.colcon_core.package_selection:Skipping not selected package 'visualization_tutorials' in 'src/vis/visualization_tutorials'
[0.252s] Level 1:colcon.colcon_core.package_discovery:discover_packages(prefix_path) check parameters
[0.252s] Level 1:colcon.colcon_core.package_discovery:discover_packages(prefix_path) discover
[0.255s] DEBUG:colcon.colcon_installed_package_information.package_discovery:Found 7 installed packages in /home/pathfinder/vis_ws/install
[0.256s] DEBUG:colcon.colcon_installed_package_information.package_discovery:Found 58 installed packages in /home/pathfinder/ws_moveit2/install
[0.257s] DEBUG:colcon.colcon_installed_package_information.package_discovery:Found 364 installed packages in /opt/ros/humble
[0.258s] Level 1:colcon.colcon_core.package_discovery:discover_packages(prefix_path) using defaults
[0.292s] WARNING:colcon.colcon_core.package_selection:Some selected packages are already built in one or more underlay workspaces:
	'interactive_marker_tutorials' is in: /home/pathfinder/vis_ws/install/interactive_marker_tutorials
If a package in a merged underlay workspace is overridden and it installs headers, then all packages in the overlay must sort their include directories by workspace order. Failure to do so may result in build failures or undefined behavior at run time.
If the overridden package is used by another package in any underlay, then the overriding package in the overlay must be API and ABI compatible or undefined behavior at run time may occur.

If you understand the risks and want to override a package anyways, add the following to the command line:
	--allow-overriding interactive_marker_tutorials

This may be promoted to an error in a future release of colcon-override-check.
[0.293s] Level 5:colcon.colcon_core.verb:set package 'interactive_marker_tutorials' build argument 'cmake_args' from command line to 'None'
[0.293s] Level 5:colcon.colcon_core.verb:set package 'interactive_marker_tutorials' build argument 'cmake_target' from command line to 'None'
[0.293s] Level 5:colcon.colcon_core.verb:set package 'interactive_marker_tutorials' build argument 'cmake_target_skip_unavailable' from command line to 'False'
[0.293s] Level 5:colcon.colcon_core.verb:set package 'interactive_marker_tutorials' build argument 'cmake_clean_cache' from command line to 'False'
[0.293s] Level 5:colcon.colcon_core.verb:set package 'interactive_marker_tutorials' build argument 'cmake_clean_first' from command line to 'False'
[0.293s] Level 5:colcon.colcon_core.verb:set package 'interactive_marker_tutorials' build argument 'cmake_force_configure' from command line to 'False'
[0.293s] Level 5:colcon.colcon_core.verb:set package 'interactive_marker_tutorials' build argument 'ament_cmake_args' from command line to 'None'
[0.293s] Level 5:colcon.colcon_core.verb:set package 'interactive_marker_tutorials' build argument 'catkin_cmake_args' from command line to 'None'
[0.293s] Level 5:colcon.colcon_core.verb:set package 'interactive_marker_tutorials' build argument 'catkin_skip_building_tests' from command line to 'False'
[0.293s] DEBUG:colcon.colcon_core.verb:Building package 'interactive_marker_tutorials' with the following arguments: {'ament_cmake_args': None, 'build_base': '/home/pathfinder/vis_ws/build/interactive_marker_tutorials', 'catkin_cmake_args': None, 'catkin_skip_building_tests': False, 'cmake_args': None, 'cmake_clean_cache': False, 'cmake_clean_first': False, 'cmake_force_configure': False, 'cmake_target': None, 'cmake_target_skip_unavailable': False, 'install_base': '/home/pathfinder/vis_ws/install/interactive_marker_tutorials', 'merge_install': False, 'path': '/home/pathfinder/vis_ws/src/vis/interactive_marker_tutorials', 'symlink_install': False, 'test_result_base': None}
[0.293s] INFO:colcon.colcon_core.executor:Executing jobs using 'parallel' executor
[0.295s] DEBUG:colcon.colcon_parallel_executor.executor.parallel:run_until_complete
[0.296s] INFO:colcon.colcon_ros.task.ament_cmake.build:Building ROS package in '/home/pathfinder/vis_ws/src/vis/interactive_marker_tutorials' with build type 'ament_cmake'
[0.296s] INFO:colcon.colcon_cmake.task.cmake.build:Building CMake package in '/home/pathfinder/vis_ws/src/vis/interactive_marker_tutorials'
[0.299s] INFO:colcon.colcon_core.plugin_system:Skipping extension 'colcon_core.shell.bat': Not used on non-Windows systems
[0.299s] INFO:colcon.colcon_core.shell:Skip shell extension 'powershell' for command environment: Not usable outside of PowerShell
[0.300s] DEBUG:colcon.colcon_core.shell:Skip shell extension 'dsv' for command environment
[0.308s] DEBUG:colcon.colcon_core.event_handler.log_command:Invoking command in '/home/pathfinder/vis_ws/build/interactive_marker_tutorials': CMAKE_PREFIX_PATH=${CMAKE_PREFIX_PATH}:/home/pathfinder/ws_moveit2/install/moveit_configs_utils:/home/pathfinder/ws_moveit2/install/launch_param_builder:/opt/ros/humble /usr/bin/cmake --build /home/pathfinder/vis_ws/build/interactive_marker_tutorials -- -j12 -l12
[2.838s] DEBUG:colcon.colcon_core.event_handler.log_command:Invoked command in '/home/pathfinder/vis_ws/build/interactive_marker_tutorials' returned '0': CMAKE_PREFIX_PATH=${CMAKE_PREFIX_PATH}:/home/pathfinder/ws_moveit2/install/moveit_configs_utils:/home/pathfinder/ws_moveit2/install/launch_param_builder:/opt/ros/humble /usr/bin/cmake --build /home/pathfinder/vis_ws/build/interactive_marker_tutorials -- -j12 -l12
[2.884s] DEBUG:colcon.colcon_core.event_handler.log_command:Invoking command in '/home/pathfinder/vis_ws/build/interactive_marker_tutorials': CMAKE_PREFIX_PATH=${CMAKE_PREFIX_PATH}:/home/pathfinder/ws_moveit2/install/moveit_configs_utils:/home/pathfinder/ws_moveit2/install/launch_param_builder:/opt/ros/humble /usr/bin/cmake --install /home/pathfinder/vis_ws/build/interactive_marker_tutorials
[2.892s] Level 1:colcon.colcon_core.environment:create_environment_scripts_only(interactive_marker_tutorials)
[2.892s] DEBUG:colcon.colcon_core.event_handler.log_command:Invoked command in '/home/pathfinder/vis_ws/build/interactive_marker_tutorials' returned '0': CMAKE_PREFIX_PATH=${CMAKE_PREFIX_PATH}:/home/pathfinder/ws_moveit2/install/moveit_configs_utils:/home/pathfinder/ws_moveit2/install/launch_param_builder:/opt/ros/humble /usr/bin/cmake --install /home/pathfinder/vis_ws/build/interactive_marker_tutorials
[2.896s] Level 1:colcon.colcon_core.environment:checking '/home/pathfinder/vis_ws/install/interactive_marker_tutorials' for CMake module files
[2.896s] Level 1:colcon.colcon_core.environment:checking '/home/pathfinder/vis_ws/install/interactive_marker_tutorials' for CMake config files
[2.897s] Level 1:colcon.colcon_core.shell:create_environment_hook('interactive_marker_tutorials', 'cmake_prefix_path')
[2.897s] INFO:colcon.colcon_core.shell:Creating environment hook '/home/pathfinder/vis_ws/install/interactive_marker_tutorials/share/interactive_marker_tutorials/hook/cmake_prefix_path.ps1'
[2.898s] INFO:colcon.colcon_core.shell:Creating environment descriptor '/home/pathfinder/vis_ws/install/interactive_marker_tutorials/share/interactive_marker_tutorials/hook/cmake_prefix_path.dsv'
[2.898s] INFO:colcon.colcon_core.shell:Creating environment hook '/home/pathfinder/vis_ws/install/interactive_marker_tutorials/share/interactive_marker_tutorials/hook/cmake_prefix_path.sh'
[2.898s] Level 1:colcon.colcon_core.environment:checking '/home/pathfinder/vis_ws/install/interactive_marker_tutorials/lib'
[2.898s] Level 1:colcon.colcon_core.shell:create_environment_hook('interactive_marker_tutorials', 'ld_library_path_lib')
[2.899s] INFO:colcon.colcon_core.shell:Creating environment hook '/home/pathfinder/vis_ws/install/interactive_marker_tutorials/share/interactive_marker_tutorials/hook/ld_library_path_lib.ps1'
[2.899s] INFO:colcon.colcon_core.shell:Creating environment descriptor '/home/pathfinder/vis_ws/install/interactive_marker_tutorials/share/interactive_marker_tutorials/hook/ld_library_path_lib.dsv'
[2.899s] INFO:colcon.colcon_core.shell:Creating environment hook '/home/pathfinder/vis_ws/install/interactive_marker_tutorials/share/interactive_marker_tutorials/hook/ld_library_path_lib.sh'
[2.900s] Level 1:colcon.colcon_core.environment:checking '/home/pathfinder/vis_ws/install/interactive_marker_tutorials/bin'
[2.900s] Level 1:colcon.colcon_core.shell:create_environment_hook('interactive_marker_tutorials', 'path')
[2.900s] INFO:colcon.colcon_core.shell:Creating environment hook '/home/pathfinder/vis_ws/install/interactive_marker_tutorials/share/interactive_marker_tutorials/hook/path.ps1'
[2.900s] INFO:colcon.colcon_core.shell:Creating environment descriptor '/home/pathfinder/vis_ws/install/interactive_marker_tutorials/share/interactive_marker_tutorials/hook/path.dsv'
[2.901s] INFO:colcon.colcon_core.shell:Creating environment hook '/home/pathfinder/vis_ws/install/interactive_marker_tutorials/share/interactive_marker_tutorials/hook/path.sh'
[2.901s] Level 1:colcon.colcon_core.environment:checking '/home/pathfinder/vis_ws/install/interactive_marker_tutorials/lib/pkgconfig/interactive_marker_tutorials.pc'
[2.901s] Level 1:colcon.colcon_core.environment:checking '/home/pathfinder/vis_ws/install/interactive_marker_tutorials/lib/python3.10/site-packages'
[2.901s] Level 1:colcon.colcon_core.environment:checking '/home/pathfinder/vis_ws/install/interactive_marker_tutorials/bin'
[2.901s] Level 1:colcon.colcon_core.shell:create_environment_hook('interactive_marker_tutorials', 'pythonscriptspath')
[2.902s] INFO:colcon.colcon_core.shell:Creating environment hook '/home/pathfinder/vis_ws/install/interactive_marker_tutorials/share/interactive_marker_tutorials/hook/pythonscriptspath.ps1'
[2.902s] INFO:colcon.colcon_core.shell:Creating environment descriptor '/home/pathfinder/vis_ws/install/interactive_marker_tutorials/share/interactive_marker_tutorials/hook/pythonscriptspath.dsv'
[2.902s] INFO:colcon.colcon_core.shell:Creating environment hook '/home/pathfinder/vis_ws/install/interactive_marker_tutorials/share/interactive_marker_tutorials/hook/pythonscriptspath.sh'
[2.903s] INFO:colcon.colcon_core.shell:Creating package script '/home/pathfinder/vis_ws/install/interactive_marker_tutorials/share/interactive_marker_tutorials/package.ps1'
[2.903s] INFO:colcon.colcon_core.shell:Creating package descriptor '/home/pathfinder/vis_ws/install/interactive_marker_tutorials/share/interactive_marker_tutorials/package.dsv'
[2.904s] INFO:colcon.colcon_core.shell:Creating package script '/home/pathfinder/vis_ws/install/interactive_marker_tutorials/share/interactive_marker_tutorials/package.sh'
[2.904s] INFO:colcon.colcon_core.shell:Creating package script '/home/pathfinder/vis_ws/install/interactive_marker_tutorials/share/interactive_marker_tutorials/package.bash'
[2.905s] INFO:colcon.colcon_core.shell:Creating package script '/home/pathfinder/vis_ws/install/interactive_marker_tutorials/share/interactive_marker_tutorials/package.zsh'
[2.905s] Level 1:colcon.colcon_core.environment:create_file_with_runtime_dependencies(/home/pathfinder/vis_ws/install/interactive_marker_tutorials/share/colcon-core/packages/interactive_marker_tutorials)
[2.946s] Level 1:colcon.colcon_core.environment:create_environment_scripts_only(interactive_marker_tutorials)
[2.948s] Level 1:colcon.colcon_core.environment:checking '/home/pathfinder/vis_ws/install/interactive_marker_tutorials' for CMake module files
[2.948s] Level 1:colcon.colcon_core.environment:checking '/home/pathfinder/vis_ws/install/interactive_marker_tutorials' for CMake config files
[2.948s] Level 1:colcon.colcon_core.shell:create_environment_hook('interactive_marker_tutorials', 'cmake_prefix_path')
[2.949s] INFO:colcon.colcon_core.shell:Creating environment hook '/home/pathfinder/vis_ws/install/interactive_marker_tutorials/share/interactive_marker_tutorials/hook/cmake_prefix_path.ps1'
[2.949s] INFO:colcon.colcon_core.shell:Creating environment descriptor '/home/pathfinder/vis_ws/install/interactive_marker_tutorials/share/interactive_marker_tutorials/hook/cmake_prefix_path.dsv'
[2.949s] INFO:colcon.colcon_core.shell:Creating environment hook '/home/pathfinder/vis_ws/install/interactive_marker_tutorials/share/interactive_marker_tutorials/hook/cmake_prefix_path.sh'
[2.949s] Level 1:colcon.colcon_core.environment:checking '/home/pathfinder/vis_ws/install/interactive_marker_tutorials/lib'
[2.950s] Level 1:colcon.colcon_core.shell:create_environment_hook('interactive_marker_tutorials', 'ld_library_path_lib')
[2.950s] INFO:colcon.colcon_core.shell:Creating environment hook '/home/pathfinder/vis_ws/install/interactive_marker_tutorials/share/interactive_marker_tutorials/hook/ld_library_path_lib.ps1'
[2.950s] INFO:colcon.colcon_core.shell:Creating environment descriptor '/home/pathfinder/vis_ws/install/interactive_marker_tutorials/share/interactive_marker_tutorials/hook/ld_library_path_lib.dsv'
[2.951s] INFO:colcon.colcon_core.shell:Creating environment hook '/home/pathfinder/vis_ws/install/interactive_marker_tutorials/share/interactive_marker_tutorials/hook/ld_library_path_lib.sh'
[2.951s] Level 1:colcon.colcon_core.environment:checking '/home/pathfinder/vis_ws/install/interactive_marker_tutorials/bin'
[2.951s] Level 1:colcon.colcon_core.shell:create_environment_hook('interactive_marker_tutorials', 'path')
[2.951s] INFO:colcon.colcon_core.shell:Creating environment hook '/home/pathfinder/vis_ws/install/interactive_marker_tutorials/share/interactive_marker_tutorials/hook/path.ps1'
[2.952s] INFO:colcon.colcon_core.shell:Creating environment descriptor '/home/pathfinder/vis_ws/install/interactive_marker_tutorials/share/interactive_marker_tutorials/hook/path.dsv'
[2.952s] INFO:colcon.colcon_core.shell:Creating environment hook '/home/pathfinder/vis_ws/install/interactive_marker_tutorials/share/interactive_marker_tutorials/hook/path.sh'
[2.952s] Level 1:colcon.colcon_core.environment:checking '/home/pathfinder/vis_ws/install/interactive_marker_tutorials/lib/pkgconfig/interactive_marker_tutorials.pc'
[2.952s] Level 1:colcon.colcon_core.environment:checking '/home/pathfinder/vis_ws/install/interactive_marker_tutorials/lib/python3.10/site-packages'
[2.952s] Level 1:colcon.colcon_core.environment:checking '/home/pathfinder/vis_ws/install/interactive_marker_tutorials/bin'
[2.952s] Level 1:colcon.colcon_core.shell:create_environment_hook('interactive_marker_tutorials', 'pythonscriptspath')
[2.953s] INFO:colcon.colcon_core.shell:Creating environment hook '/home/pathfinder/vis_ws/install/interactive_marker_tutorials/share/interactive_marker_tutorials/hook/pythonscriptspath.ps1'
[2.953s] INFO:colcon.colcon_core.shell:Creating environment descriptor '/home/pathfinder/vis_ws/install/interactive_marker_tutorials/share/interactive_marker_tutorials/hook/pythonscriptspath.dsv'
[2.953s] INFO:colcon.colcon_core.shell:Creating environment hook '/home/pathfinder/vis_ws/install/interactive_marker_tutorials/share/interactive_marker_tutorials/hook/pythonscriptspath.sh'
[2.954s] INFO:colcon.colcon_core.shell:Creating package script '/home/pathfinder/vis_ws/install/interactive_marker_tutorials/share/interactive_marker_tutorials/package.ps1'
[2.954s] INFO:colcon.colcon_core.shell:Creating package descriptor '/home/pathfinder/vis_ws/install/interactive_marker_tutorials/share/interactive_marker_tutorials/package.dsv'
[2.954s] INFO:colcon.colcon_core.shell:Creating package script '/home/pathfinder/vis_ws/install/interactive_marker_tutorials/share/interactive_marker_tutorials/package.sh'
[2.954s] INFO:colcon.colcon_core.shell:Creating package script '/home/pathfinder/vis_ws/install/interactive_marker_tutorials/share/interactive_marker_tutorials/package.bash'
[2.955s] INFO:colcon.colcon_core.shell:Creating package script '/home/pathfinder/vis_ws/install/interactive_marker_tutorials/share/interactive_marker_tutorials/package.zsh'
[2.955s] Level 1:colcon.colcon_core.environment:create_file_with_runtime_dependencies(/home/pathfinder/vis_ws/install/interactive_marker_tutorials/share/colcon-core/packages/interactive_marker_tutorials)
[2.955s] DEBUG:colcon.colcon_parallel_executor.executor.parallel:closing loop
[2.955s] DEBUG:colcon.colcon_parallel_executor.executor.parallel:loop closed
[2.955s] DEBUG:colcon.colcon_parallel_executor.executor.parallel:run_until_complete finished with '0'
[2.955s] DEBUG:colcon.colcon_core.event_reactor:joining thread
[2.961s] INFO:colcon.colcon_core.plugin_system:Skipping extension 'colcon_notification.desktop_notification.terminal_notifier': Not used on non-Darwin systems
[2.961s] INFO:colcon.colcon_core.plugin_system:Skipping extension 'colcon_notification.desktop_notification.win32': Not used on non-Windows systems
[2.961s] INFO:colcon.colcon_notification.desktop_notification:Sending desktop notification using 'notify2'
[2.970s] DEBUG:colcon.colcon_core.event_reactor:joined thread
[2.971s] INFO:colcon.colcon_core.shell:Creating prefix script '/home/pathfinder/vis_ws/install/local_setup.ps1'
[2.971s] INFO:colcon.colcon_core.shell:Creating prefix util module '/home/pathfinder/vis_ws/install/_local_setup_util_ps1.py'
[2.972s] INFO:colcon.colcon_core.shell:Creating prefix chain script '/home/pathfinder/vis_ws/install/setup.ps1'
[2.974s] INFO:colcon.colcon_core.shell:Creating prefix script '/home/pathfinder/vis_ws/install/local_setup.sh'
[2.974s] INFO:colcon.colcon_core.shell:Creating prefix util module '/home/pathfinder/vis_ws/install/_local_setup_util_sh.py'
[2.974s] INFO:colcon.colcon_core.shell:Creating prefix chain script '/home/pathfinder/vis_ws/install/setup.sh'
[2.976s] INFO:colcon.colcon_core.shell:Creating prefix script '/home/pathfinder/vis_ws/install/local_setup.bash'
[2.976s] INFO:colcon.colcon_core.shell:Creating prefix chain script '/home/pathfinder/vis_ws/install/setup.bash'
[2.978s] INFO:colcon.colcon_core.shell:Creating prefix script '/home/pathfinder/vis_ws/install/local_setup.zsh'
[2.978s] INFO:colcon.colcon_core.shell:Creating prefix chain script '/home/pathfinder/vis_ws/install/setup.zsh'
