[35m[1mConsolidate compiler generated dependencies of target wholebody_visualization[0m
[ 50%] [32mBuilding CXX object CMakeFiles/wholebody_visualization.dir/src/joint_state_pub.cpp.o[0m
[01m[K/home/pathfinder/vis_ws/src/wholebody_visualization/src/joint_state_pub.cpp:[m[K In member function ‘[01m[Kvoid JointStatePub::processFeedback(const ConstSharedPtr&, geometry_msgs::msg::Pose&, visualization_msgs::msg::InteractiveMarker&)[m[K’:
[01m[K/home/pathfinder/vis_ws/src/wholebody_visualization/src/joint_state_pub.cpp:229:29:[m[K [01;35m[Kwarning: [m[Kunused parameter ‘[01m[Kupdated_pose[m[K’ [[01;35m[K]8;;https://gcc.gnu.org/onlinedocs/gcc/Warning-Options.html#index-Wunused-parameter-Wunused-parameter]8;;[m[K]
  229 |   [01;35m[Kgeometry_msgs::msg::Pose& updated_pose[m[K,
      |   [01;35m[K~~~~~~~~~~~~~~~~~~~~~~~~~~^~~~~~~~~~~~[m[K
[100%] [32m[1mLinking CXX executable wholebody_visualization[0m
[100%] Built target wholebody_visualization
-- Install configuration: ""
-- Up-to-date: /home/pathfinder/vis_ws/install/wholebody_visualization/share/wholebody_visualization/launch
-- Up-to-date: /home/pathfinder/vis_ws/install/wholebody_visualization/share/wholebody_visualization/launch/rviz.launch.py
-- Installing: /home/pathfinder/vis_ws/install/wholebody_visualization/lib/wholebody_visualization/wholebody_visualization
-- Set runtime path of "/home/pathfinder/vis_ws/install/wholebody_visualization/lib/wholebody_visualization/wholebody_visualization" to ""
-- Up-to-date: /home/pathfinder/vis_ws/install/wholebody_visualization/share/ament_index/resource_index/package_run_dependencies/wholebody_visualization
-- Up-to-date: /home/pathfinder/vis_ws/install/wholebody_visualization/share/ament_index/resource_index/parent_prefix_path/wholebody_visualization
-- Up-to-date: /home/pathfinder/vis_ws/install/wholebody_visualization/share/wholebody_visualization/environment/ament_prefix_path.sh
-- Up-to-date: /home/pathfinder/vis_ws/install/wholebody_visualization/share/wholebody_visualization/environment/ament_prefix_path.dsv
-- Up-to-date: /home/pathfinder/vis_ws/install/wholebody_visualization/share/wholebody_visualization/environment/path.sh
-- Up-to-date: /home/pathfinder/vis_ws/install/wholebody_visualization/share/wholebody_visualization/environment/path.dsv
-- Up-to-date: /home/pathfinder/vis_ws/install/wholebody_visualization/share/wholebody_visualization/local_setup.bash
-- Up-to-date: /home/pathfinder/vis_ws/install/wholebody_visualization/share/wholebody_visualization/local_setup.sh
-- Up-to-date: /home/pathfinder/vis_ws/install/wholebody_visualization/share/wholebody_visualization/local_setup.zsh
-- Up-to-date: /home/pathfinder/vis_ws/install/wholebody_visualization/share/wholebody_visualization/local_setup.dsv
-- Installing: /home/pathfinder/vis_ws/install/wholebody_visualization/share/wholebody_visualization/package.dsv
-- Up-to-date: /home/pathfinder/vis_ws/install/wholebody_visualization/share/ament_index/resource_index/packages/wholebody_visualization
-- Up-to-date: /home/pathfinder/vis_ws/install/wholebody_visualization/share/wholebody_visualization/cmake/wholebody_visualizationConfig.cmake
-- Up-to-date: /home/pathfinder/vis_ws/install/wholebody_visualization/share/wholebody_visualization/cmake/wholebody_visualizationConfig-version.cmake
-- Up-to-date: /home/pathfinder/vis_ws/install/wholebody_visualization/share/wholebody_visualization/package.xml
