[0.023s] Invoking command in '/home/pathfinder/vis_ws/build/wholebody_visualization': CMAKE_PREFIX_PATH=${CMAKE_PREFIX_PATH}:/home/pathfinder/ws_moveit2/install/moveit_configs_utils:/home/pathfinder/ws_moveit2/install/launch_param_builder:/opt/ros/humble /usr/bin/cmake --build /home/pathfinder/vis_ws/build/wholebody_visualization -- -j12 -l12
[0.077s] [35m[1mConsolidate compiler generated dependencies of target wholebody_visualization[0m
[0.092s] [ 50%] [32mBuilding CXX object CMakeFiles/wholebody_visualization.dir/src/joint_state_pub.cpp.o[0m
[1.581s] [01m[K/home/pathfinder/vis_ws/src/wholebody_visualization/src/joint_state_pub.cpp:[m[K In member function ‘[01m[Kvoid JointStatePub::processFeedback(const ConstSharedPtr&, geometry_msgs::msg::Pose&, visualization_msgs::msg::InteractiveMarker&)[m[K’:
[1.581s] [01m[K/home/pathfinder/vis_ws/src/wholebody_visualization/src/joint_state_pub.cpp:229:29:[m[K [01;35m[Kwarning: [m[Kunused parameter ‘[01m[Kupdated_pose[m[K’ [[01;35m[K]8;;https://gcc.gnu.org/onlinedocs/gcc/Warning-Options.html#index-Wunused-parameter-Wunused-parameter]8;;[m[K]
[1.581s]   229 |   [01;35m[Kgeometry_msgs::msg::Pose& updated_pose[m[K,
[1.581s]       |   [01;35m[K~~~~~~~~~~~~~~~~~~~~~~~~~~^~~~~~~~~~~~[m[K
[6.612s] [100%] [32m[1mLinking CXX executable wholebody_visualization[0m
[6.970s] [100%] Built target wholebody_visualization
[6.978s] Invoked command in '/home/pathfinder/vis_ws/build/wholebody_visualization' returned '0': CMAKE_PREFIX_PATH=${CMAKE_PREFIX_PATH}:/home/pathfinder/ws_moveit2/install/moveit_configs_utils:/home/pathfinder/ws_moveit2/install/launch_param_builder:/opt/ros/humble /usr/bin/cmake --build /home/pathfinder/vis_ws/build/wholebody_visualization -- -j12 -l12
[6.998s] Invoking command in '/home/pathfinder/vis_ws/build/wholebody_visualization': CMAKE_PREFIX_PATH=${CMAKE_PREFIX_PATH}:/home/pathfinder/ws_moveit2/install/moveit_configs_utils:/home/pathfinder/ws_moveit2/install/launch_param_builder:/opt/ros/humble /usr/bin/cmake --install /home/pathfinder/vis_ws/build/wholebody_visualization
[7.004s] -- Install configuration: ""
[7.004s] -- Up-to-date: /home/pathfinder/vis_ws/install/wholebody_visualization/share/wholebody_visualization/launch
[7.004s] -- Up-to-date: /home/pathfinder/vis_ws/install/wholebody_visualization/share/wholebody_visualization/launch/rviz.launch.py
[7.004s] -- Installing: /home/pathfinder/vis_ws/install/wholebody_visualization/lib/wholebody_visualization/wholebody_visualization
[7.008s] -- Set runtime path of "/home/pathfinder/vis_ws/install/wholebody_visualization/lib/wholebody_visualization/wholebody_visualization" to ""
[7.008s] -- Up-to-date: /home/pathfinder/vis_ws/install/wholebody_visualization/share/ament_index/resource_index/package_run_dependencies/wholebody_visualization
[7.008s] -- Up-to-date: /home/pathfinder/vis_ws/install/wholebody_visualization/share/ament_index/resource_index/parent_prefix_path/wholebody_visualization
[7.008s] -- Up-to-date: /home/pathfinder/vis_ws/install/wholebody_visualization/share/wholebody_visualization/environment/ament_prefix_path.sh
[7.008s] -- Up-to-date: /home/pathfinder/vis_ws/install/wholebody_visualization/share/wholebody_visualization/environment/ament_prefix_path.dsv
[7.008s] -- Up-to-date: /home/pathfinder/vis_ws/install/wholebody_visualization/share/wholebody_visualization/environment/path.sh
[7.008s] -- Up-to-date: /home/pathfinder/vis_ws/install/wholebody_visualization/share/wholebody_visualization/environment/path.dsv
[7.008s] -- Up-to-date: /home/pathfinder/vis_ws/install/wholebody_visualization/share/wholebody_visualization/local_setup.bash
[7.008s] -- Up-to-date: /home/pathfinder/vis_ws/install/wholebody_visualization/share/wholebody_visualization/local_setup.sh
[7.009s] -- Up-to-date: /home/pathfinder/vis_ws/install/wholebody_visualization/share/wholebody_visualization/local_setup.zsh
[7.009s] -- Up-to-date: /home/pathfinder/vis_ws/install/wholebody_visualization/share/wholebody_visualization/local_setup.dsv
[7.009s] -- Installing: /home/pathfinder/vis_ws/install/wholebody_visualization/share/wholebody_visualization/package.dsv
[7.009s] -- Up-to-date: /home/pathfinder/vis_ws/install/wholebody_visualization/share/ament_index/resource_index/packages/wholebody_visualization
[7.009s] -- Up-to-date: /home/pathfinder/vis_ws/install/wholebody_visualization/share/wholebody_visualization/cmake/wholebody_visualizationConfig.cmake
[7.009s] -- Up-to-date: /home/pathfinder/vis_ws/install/wholebody_visualization/share/wholebody_visualization/cmake/wholebody_visualizationConfig-version.cmake
[7.009s] -- Up-to-date: /home/pathfinder/vis_ws/install/wholebody_visualization/share/wholebody_visualization/package.xml
[7.011s] Invoked command in '/home/pathfinder/vis_ws/build/wholebody_visualization' returned '0': CMAKE_PREFIX_PATH=${CMAKE_PREFIX_PATH}:/home/pathfinder/ws_moveit2/install/moveit_configs_utils:/home/pathfinder/ws_moveit2/install/launch_param_builder:/opt/ros/humble /usr/bin/cmake --install /home/pathfinder/vis_ws/build/wholebody_visualization
