[0.025s] Invoking command in '/home/pathfinder/vis_ws/build/rviz_plugin_tutorials': CMAKE_PREFIX_PATH=${CMAKE_PREFIX_PATH}:/home/pathfinder/ws_moveit2/install/moveit_configs_utils:/home/pathfinder/ws_moveit2/install/launch_param_builder:/opt/ros/humble /usr/bin/cmake /home/pathfinder/vis_ws/src/vis/rviz_plugin_tutorials -DCMAKE_INSTALL_PREFIX=/home/pathfinder/vis_ws/install/rviz_plugin_tutorials
[0.069s] -- The C compiler identification is GNU 11.4.0
[0.111s] -- The CXX compiler identification is GNU 11.4.0
[0.117s] -- Detecting C compiler ABI info
[0.183s] -- Detecting C compiler ABI info - done
[0.191s] -- Check for working C compiler: /usr/bin/cc - skipped
[0.191s] -- Detecting C compile features
[0.191s] -- Detecting C compile features - done
[0.194s] -- Detecting CXX compiler ABI info
[0.272s] -- Detecting CXX compiler ABI info - done
[0.280s] -- Check for working CXX compiler: /usr/bin/c++ - skipped
[0.280s] -- Detecting CXX compile features
[0.280s] -- Detecting CXX compile features - done
[0.286s] -- Found ament_cmake: 1.3.5 (/opt/ros/humble/share/ament_cmake/cmake)
[0.454s] -- Found Python3: /usr/bin/python3.10 (found version "3.10.12") found components: Interpreter 
[0.572s] -- Found geometry_msgs: 4.2.3 (/opt/ros/humble/share/geometry_msgs/cmake)
[0.649s] -- Found rosidl_generator_c: 3.1.5 (/opt/ros/humble/share/rosidl_generator_c/cmake)
[0.662s] -- Found rosidl_adapter: 3.1.5 (/opt/ros/humble/share/rosidl_adapter/cmake)
[0.678s] -- Found rosidl_generator_cpp: 3.1.5 (/opt/ros/humble/share/rosidl_generator_cpp/cmake)
[0.701s] -- Using all available rosidl_typesupport_c: rosidl_typesupport_fastrtps_c;rosidl_typesupport_introspection_c
[0.733s] -- Using all available rosidl_typesupport_cpp: rosidl_typesupport_fastrtps_cpp;rosidl_typesupport_introspection_cpp
[0.863s] -- Found pluginlib: 5.1.0 (/opt/ros/humble/share/pluginlib/cmake)
[0.911s] -- Found rclcpp: 16.0.5 (/opt/ros/humble/share/rclcpp/cmake)
[0.970s] -- Found rmw_implementation_cmake: 6.1.1 (/opt/ros/humble/share/rmw_implementation_cmake/cmake)
[0.975s] -- Found rmw_fastrtps_cpp: 6.2.3 (/opt/ros/humble/share/rmw_fastrtps_cpp/cmake)
[1.078s] -- Found OpenSSL: /usr/lib/x86_64-linux-gnu/libcrypto.so (found version "3.0.2")  
[1.111s] -- Found FastRTPS: /opt/ros/humble/include  
[1.170s] -- Using RMW implementation 'rmw_fastrtps_cpp' as default
[1.192s] -- Looking for pthread.h
[1.262s] -- Looking for pthread.h - found
[1.263s] -- Performing Test CMAKE_HAVE_LIBC_PTHREAD
[1.335s] -- Performing Test CMAKE_HAVE_LIBC_PTHREAD - Success
[1.335s] -- Found Threads: TRUE  
[1.427s] -- Found rviz_common: 11.2.6 (/opt/ros/humble/share/rviz_common/cmake)
[1.446s] -- Setting OGRE_DIR to: '/opt/ros/humble/share/rviz_ogre_vendor/cmake/../../../opt/rviz_ogre_vendor/lib/OGRE/cmake'
[1.446s] -- Found OGRE
[1.447s] --   static     : OFF
[1.447s] --   components : HLMS;MeshLodGenerator;Overlay;Paging;Property;RTShaderSystem;Terrain;Volume
[1.447s] --   plugins    : Plugin_BSPSceneManager;Plugin_OctreeSceneManager;Plugin_PCZSceneManager;Plugin_ParticleFX;RenderSystem_GL;RenderSystem_GL3Plus;Codec_STBI
[1.447s] --   media      : /opt/ros/humble/opt/rviz_ogre_vendor/share/OGRE/Media
[1.447s] -- OGRE_LIBRARIES: OgreHLMS;OgreMeshLodGenerator;OgreOverlay;OgrePaging;OgreProperty;OgreRTShaderSystem;OgreTerrain;OgreVolume;OgreMain
[1.447s] -- OGRE_LIBRARY_DIRS: /opt/ros/humble/opt/rviz_ogre_vendor/lib
[1.447s] -- OGRE_PLUGINS: Plugin_BSPSceneManager;Plugin_OctreeSceneManager;Plugin_PCZSceneManager;Plugin_ParticleFX;RenderSystem_GL;RenderSystem_GL3Plus;Codec_STBI
[1.447s] -- OGRE_PLUGIN_DIR: /opt/ros/humble/opt/rviz_ogre_vendor/lib/OGRE
[1.447s] -- rviz_ogre_vendor::OgreOverlay for IMPORTED_LOCATION_RELEASE: /opt/ros/humble/opt/rviz_ogre_vendor/lib/libOgreOverlay.so
[1.447s] -- rviz_ogre_vendor::OgreOverlay for IMPORTED_LOCATION_DEBUG: /opt/ros/humble/opt/rviz_ogre_vendor/lib/libOgreOverlay.so
[1.447s] -- rviz_ogre_vendor::OgreMain for IMPORTED_LOCATION_RELEASE: /opt/ros/humble/opt/rviz_ogre_vendor/lib/libOgreMain.so
[1.447s] -- rviz_ogre_vendor::OgreMain for IMPORTED_LOCATION_DEBUG: /opt/ros/humble/opt/rviz_ogre_vendor/lib/libOgreMain.so
[1.448s] -- Could not find freeimage library
[1.466s] -- Found ZLIB: /usr/lib/x86_64-linux-gnu/libz.so (found version "1.2.11") 
[1.474s] -- Found OpenGL: /usr/lib/x86_64-linux-gnu/libOpenGL.so   
[1.579s] -- Found X11: /usr/include   
[1.580s] -- Looking for XOpenDisplay in /usr/lib/x86_64-linux-gnu/libX11.so;/usr/lib/x86_64-linux-gnu/libXext.so
[1.648s] -- Looking for XOpenDisplay in /usr/lib/x86_64-linux-gnu/libX11.so;/usr/lib/x86_64-linux-gnu/libXext.so - found
[1.648s] -- Looking for gethostbyname
[1.701s] -- Looking for gethostbyname - found
[1.701s] -- Looking for connect
[1.758s] -- Looking for connect - found
[1.758s] -- Looking for remove
[1.819s] -- Looking for remove - found
[1.819s] -- Looking for shmat
[1.873s] -- Looking for shmat - found
[1.873s] -- Looking for IceConnectionNumber in ICE
[1.926s] -- Looking for IceConnectionNumber in ICE - found
[1.929s] -- rviz_ogre_vendor::RenderSystem_GL for IMPORTED_LOCATION_RELEASE: _render_system_gl_static_library_abs-NOTFOUND
[1.929s] -- rviz_ogre_vendor::RenderSystem_GL for IMPORTED_LOCATION_DEBUG: _render_system_gl_static_library_abs-NOTFOUND
[2.041s] -- library: /usr/lib/x86_64-linux-gnu/libcurl.so
[2.204s] -- Found Eigen3: TRUE (found version "3.4.0") 
[2.204s] -- Ensuring Eigen3 include directory is part of orocos-kdl CMake target
[2.710s] -- Found ament_lint_auto: 0.12.7 (/opt/ros/humble/share/ament_lint_auto/cmake)
[2.854s] -- Deploy OGRE media
[2.855s] -- Added test 'copyright' to check source files copyright and LICENSE
[2.860s] -- Added test 'cppcheck' to perform static code analysis on C / C++ code
[2.861s] -- Configured cppcheck include dirs: 
[2.861s] -- Configured cppcheck exclude dirs and/or files: 
[2.865s] -- Added test 'cpplint' to check C / C++ code against the Google style
[2.865s] -- Configured cpplint exclude dirs and/or files: 
[2.867s] -- Added test 'flake8' to check Python code syntax and style conventions
[2.869s] -- Added test 'lint_cmake' to check CMake code style
[2.872s] -- Added test 'pep257' to check Python code against some of the docstring style conventions in PEP 257
[2.876s] -- Added test 'uncrustify' to check C / C++ code style
[2.876s] -- Configured uncrustify additional arguments: 
[2.878s] -- Added test 'xmllint' to check XML markup files
[2.883s] -- Configuring done
[2.931s] -- Generating done
[2.945s] -- Build files have been written to: /home/pathfinder/vis_ws/build/rviz_plugin_tutorials
[2.985s] Invoked command in '/home/pathfinder/vis_ws/build/rviz_plugin_tutorials' returned '0': CMAKE_PREFIX_PATH=${CMAKE_PREFIX_PATH}:/home/pathfinder/ws_moveit2/install/moveit_configs_utils:/home/pathfinder/ws_moveit2/install/launch_param_builder:/opt/ros/humble /usr/bin/cmake /home/pathfinder/vis_ws/src/vis/rviz_plugin_tutorials -DCMAKE_INSTALL_PREFIX=/home/pathfinder/vis_ws/install/rviz_plugin_tutorials
[2.986s] Invoking command in '/home/pathfinder/vis_ws/build/rviz_plugin_tutorials': CMAKE_PREFIX_PATH=${CMAKE_PREFIX_PATH}:/home/pathfinder/ws_moveit2/install/moveit_configs_utils:/home/pathfinder/ws_moveit2/install/launch_param_builder:/opt/ros/humble /usr/bin/cmake --build /home/pathfinder/vis_ws/build/rviz_plugin_tutorials -- -j12 -l12
[3.187s] [ 12%] [34m[1mAutomatic MOC for target rviz_plugin_tutorials[0m
[3.857s] [ 12%] Built target rviz_plugin_tutorials_autogen
[3.933s] [ 25%] [32mBuilding CXX object CMakeFiles/rviz_plugin_tutorials.dir/rviz_plugin_tutorials_autogen/mocs_compilation.cpp.o[0m
[3.935s] [ 37%] [32mBuilding CXX object CMakeFiles/rviz_plugin_tutorials.dir/src/drive_widget.cpp.o[0m
[3.951s] [ 50%] [32mBuilding CXX object CMakeFiles/rviz_plugin_tutorials.dir/src/imu_display.cpp.o[0m
[3.963s] [ 62%] [32mBuilding CXX object CMakeFiles/rviz_plugin_tutorials.dir/src/plant_flag_tool.cpp.o[0m
[3.967s] [ 75%] [32mBuilding CXX object CMakeFiles/rviz_plugin_tutorials.dir/src/imu_visual.cpp.o[0m
[3.999s] [ 87%] [32mBuilding CXX object CMakeFiles/rviz_plugin_tutorials.dir/src/teleop_panel.cpp.o[0m
[19.921s] [100%] [32m[1mLinking CXX shared library librviz_plugin_tutorials.so[0m
[21.347s] [100%] Built target rviz_plugin_tutorials
[21.356s] Invoked command in '/home/pathfinder/vis_ws/build/rviz_plugin_tutorials' returned '0': CMAKE_PREFIX_PATH=${CMAKE_PREFIX_PATH}:/home/pathfinder/ws_moveit2/install/moveit_configs_utils:/home/pathfinder/ws_moveit2/install/launch_param_builder:/opt/ros/humble /usr/bin/cmake --build /home/pathfinder/vis_ws/build/rviz_plugin_tutorials -- -j12 -l12
[21.389s] Invoking command in '/home/pathfinder/vis_ws/build/rviz_plugin_tutorials': CMAKE_PREFIX_PATH=${CMAKE_PREFIX_PATH}:/home/pathfinder/ws_moveit2/install/moveit_configs_utils:/home/pathfinder/ws_moveit2/install/launch_param_builder:/opt/ros/humble /usr/bin/cmake --install /home/pathfinder/vis_ws/build/rviz_plugin_tutorials
[21.394s] -- Install configuration: ""
[21.394s] -- Installing: /home/pathfinder/vis_ws/install/rviz_plugin_tutorials/share/rviz_plugin_tutorials/plugin_description.xml
[21.394s] -- Installing: /home/pathfinder/vis_ws/install/rviz_plugin_tutorials/lib/rviz_plugin_tutorials/librviz_plugin_tutorials.so
[21.398s] -- Set runtime path of "/home/pathfinder/vis_ws/install/rviz_plugin_tutorials/lib/rviz_plugin_tutorials/librviz_plugin_tutorials.so" to ""
[21.398s] -- Installing: /home/pathfinder/vis_ws/install/rviz_plugin_tutorials/share/rviz_plugin_tutorials/media
[21.398s] -- Installing: /home/pathfinder/vis_ws/install/rviz_plugin_tutorials/share/rviz_plugin_tutorials/media/flag.dae
[21.399s] -- Installing: /home/pathfinder/vis_ws/install/rviz_plugin_tutorials/share/rviz_plugin_tutorials/icons
[21.399s] -- Installing: /home/pathfinder/vis_ws/install/rviz_plugin_tutorials/share/rviz_plugin_tutorials/icons/classes
[21.399s] -- Installing: /home/pathfinder/vis_ws/install/rviz_plugin_tutorials/share/rviz_plugin_tutorials/icons/classes/Teleop.png
[21.399s] -- Installing: /home/pathfinder/vis_ws/install/rviz_plugin_tutorials/share/rviz_plugin_tutorials/icons/classes/Imu.png
[21.399s] -- Installing: /home/pathfinder/vis_ws/install/rviz_plugin_tutorials/share/rviz_plugin_tutorials/icons/classes/PlantFlag.png
[21.399s] -- Installing: /home/pathfinder/vis_ws/install/rviz_plugin_tutorials/lib/rviz_plugin_tutorials/send_test_msgs.py
[21.399s] -- Installing: /home/pathfinder/vis_ws/install/rviz_plugin_tutorials/share/ament_index/resource_index/package_run_dependencies/rviz_plugin_tutorials
[21.399s] -- Installing: /home/pathfinder/vis_ws/install/rviz_plugin_tutorials/share/ament_index/resource_index/parent_prefix_path/rviz_plugin_tutorials
[21.399s] -- Installing: /home/pathfinder/vis_ws/install/rviz_plugin_tutorials/share/rviz_plugin_tutorials/environment/ament_prefix_path.sh
[21.399s] -- Installing: /home/pathfinder/vis_ws/install/rviz_plugin_tutorials/share/rviz_plugin_tutorials/environment/ament_prefix_path.dsv
[21.399s] -- Installing: /home/pathfinder/vis_ws/install/rviz_plugin_tutorials/share/rviz_plugin_tutorials/environment/path.sh
[21.399s] -- Installing: /home/pathfinder/vis_ws/install/rviz_plugin_tutorials/share/rviz_plugin_tutorials/environment/path.dsv
[21.399s] -- Installing: /home/pathfinder/vis_ws/install/rviz_plugin_tutorials/share/rviz_plugin_tutorials/local_setup.bash
[21.399s] -- Installing: /home/pathfinder/vis_ws/install/rviz_plugin_tutorials/share/rviz_plugin_tutorials/local_setup.sh
[21.399s] -- Installing: /home/pathfinder/vis_ws/install/rviz_plugin_tutorials/share/rviz_plugin_tutorials/local_setup.zsh
[21.400s] -- Installing: /home/pathfinder/vis_ws/install/rviz_plugin_tutorials/share/rviz_plugin_tutorials/local_setup.dsv
[21.400s] -- Installing: /home/pathfinder/vis_ws/install/rviz_plugin_tutorials/share/rviz_plugin_tutorials/package.dsv
[21.400s] -- Installing: /home/pathfinder/vis_ws/install/rviz_plugin_tutorials/share/ament_index/resource_index/packages/rviz_plugin_tutorials
[21.400s] -- Installing: /home/pathfinder/vis_ws/install/rviz_plugin_tutorials/share/ament_index/resource_index/rviz_common__pluginlib__plugin/rviz_plugin_tutorials
[21.400s] -- Up-to-date: /home/pathfinder/vis_ws/install/rviz_plugin_tutorials/share/rviz_plugin_tutorials/media
[21.400s] -- Up-to-date: /home/pathfinder/vis_ws/install/rviz_plugin_tutorials/share/rviz_plugin_tutorials/media/flag.dae
[21.400s] -- Installing: /home/pathfinder/vis_ws/install/rviz_plugin_tutorials/share/ament_index/resource_index/rviz_ogre_media_exports/rviz_plugin_tutorials
[21.400s] -- Installing: /home/pathfinder/vis_ws/install/rviz_plugin_tutorials/share/rviz_plugin_tutorials/cmake/ament_cmake_export_dependencies-extras.cmake
[21.400s] -- Installing: /home/pathfinder/vis_ws/install/rviz_plugin_tutorials/share/rviz_plugin_tutorials/cmake/rviz_plugin_tutorialsConfig.cmake
[21.400s] -- Installing: /home/pathfinder/vis_ws/install/rviz_plugin_tutorials/share/rviz_plugin_tutorials/cmake/rviz_plugin_tutorialsConfig-version.cmake
[21.400s] -- Installing: /home/pathfinder/vis_ws/install/rviz_plugin_tutorials/share/rviz_plugin_tutorials/package.xml
[21.402s] Invoked command in '/home/pathfinder/vis_ws/build/rviz_plugin_tutorials' returned '0': CMAKE_PREFIX_PATH=${CMAKE_PREFIX_PATH}:/home/pathfinder/ws_moveit2/install/moveit_configs_utils:/home/pathfinder/ws_moveit2/install/launch_param_builder:/opt/ros/humble /usr/bin/cmake --install /home/pathfinder/vis_ws/build/rviz_plugin_tutorials
