[0.024s] Invoking command in '/home/pathfinder/vis_ws/build/wholebody_visualization': CMAKE_PREFIX_PATH=${CMAKE_PREFIX_PATH}:/home/pathfinder/ws_moveit2/install/moveit_configs_utils:/home/pathfinder/ws_moveit2/install/launch_param_builder:/opt/ros/humble /usr/bin/cmake --build /home/pathfinder/vis_ws/build/wholebody_visualization -- -j12 -l12
[0.076s] [35m[1mConsolidate compiler generated dependencies of target wholebody_visualization[0m
[0.092s] [ 50%] [32mBuilding CXX object CMakeFiles/wholebody_visualization.dir/src/joint_state_pub.cpp.o[0m
[1.603s] [01m[K/home/pathfinder/vis_ws/src/wholebody_visualization/src/joint_state_pub.cpp:11:41:[m[K [01;31m[Kerror: [m[Kredefinition of ‘[01m[Kstd::vector<geometry_msgs::msg::Point_<std::allocator<void> >, std::allocator<geometry_msgs::msg::Point_<std::allocator<void> > > > trajectory_points[m[K’
[1.603s]    11 |  std::vector<geometry_msgs::msg::Point> [01;31m[Ktrajectory_points[m[K;
[1.603s]       |                                         [01;31m[K^~~~~~~~~~~~~~~~~[m[K
[1.603s] [01m[K/home/pathfinder/vis_ws/src/wholebody_visualization/src/joint_state_pub.cpp:9:39:[m[K [01;36m[Knote: [m[K‘[01m[Kstd::vector<geometry_msgs::msg::Point_<std::allocator<void> >, std::allocator<geometry_msgs::msg::Point_<std::allocator<void> > > > trajectory_points[m[K’ previously declared here
[1.603s]     9 | std::vector<geometry_msgs::msg::Point>[01;36m[Ktrajectory_points[m[K;
[1.603s]       |                                       [01;36m[K^~~~~~~~~~~~~~~~~[m[K
[1.617s] [01m[K/home/pathfinder/vis_ws/src/wholebody_visualization/src/joint_state_pub.cpp:[m[K In member function ‘[01m[Kvoid JointStatePub::processFeedback(const ConstSharedPtr&)[m[K’:
[1.617s] [01m[K/home/pathfinder/vis_ws/src/wholebody_visualization/src/joint_state_pub.cpp:140:29:[m[K [01;31m[Kerror: [m[Kredeclaration of ‘[01m[Kgeometry_msgs::msg::Point point[m[K’
[1.617s]   140 |   geometry_msgs::msg::Point [01;31m[Kpoint[m[K;
[1.617s]       |                             [01;31m[K^~~~~[m[K
[1.617s] [01m[K/home/pathfinder/vis_ws/src/wholebody_visualization/src/joint_state_pub.cpp:131:30:[m[K [01;36m[Knote: [m[K‘[01m[Kgeometry_msgs::msg::Point point[m[K’ previously declared here
[1.617s]   131 |    geometry_msgs::msg::Point [01;36m[Kpoint[m[K;
[1.617s]       |                              [01;36m[K^~~~~[m[K
[3.143s] gmake[2]: *** [CMakeFiles/wholebody_visualization.dir/build.make:76: CMakeFiles/wholebody_visualization.dir/src/joint_state_pub.cpp.o] Error 1
[3.143s] gmake[1]: *** [CMakeFiles/Makefile2:137: CMakeFiles/wholebody_visualization.dir/all] Error 2
[3.143s] gmake: *** [Makefile:146: all] Error 2
[3.146s] Invoked command in '/home/pathfinder/vis_ws/build/wholebody_visualization' returned '2': CMAKE_PREFIX_PATH=${CMAKE_PREFIX_PATH}:/home/pathfinder/ws_moveit2/install/moveit_configs_utils:/home/pathfinder/ws_moveit2/install/launch_param_builder:/opt/ros/humble /usr/bin/cmake --build /home/pathfinder/vis_ws/build/wholebody_visualization -- -j12 -l12
