-- The C compiler identification is GNU 11.4.0
-- The CXX compiler identification is GNU 11.4.0
-- Detecting C compiler ABI info
-- Detecting C compiler ABI info - done
-- Check for working C compiler: /usr/bin/cc - skipped
-- Detecting C compile features
-- Detecting C compile features - done
-- Detecting CXX compiler ABI info
-- Detecting CXX compiler ABI info - done
-- Check for working CXX compiler: /usr/bin/c++ - skipped
-- Detecting CXX compile features
-- Detecting CXX compile features - done
-- Found ament_cmake: 1.3.5 (/opt/ros/humble/share/ament_cmake/cmake)
-- Found Python3: /usr/bin/python3.10 (found version "3.10.12") found components: Interpreter 
-- Found rclcpp: 16.0.5 (/opt/ros/humble/share/rclcpp/cmake)
-- Found rosidl_generator_c: 3.1.5 (/opt/ros/humble/share/rosidl_generator_c/cmake)
-- Found rosidl_adapter: 3.1.5 (/opt/ros/humble/share/rosidl_adapter/cmake)
-- Found rosidl_generator_cpp: 3.1.5 (/opt/ros/humble/share/rosidl_generator_cpp/cmake)
-- Using all available rosidl_typesupport_c: rosidl_typesupport_fastrtps_c;rosidl_typesupport_introspection_c
-- Using all available rosidl_typesupport_cpp: rosidl_typesupport_fastrtps_cpp;rosidl_typesupport_introspection_cpp
-- Found rmw_implementation_cmake: 6.1.1 (/opt/ros/humble/share/rmw_implementation_cmake/cmake)
-- Found rmw_fastrtps_cpp: 6.2.3 (/opt/ros/humble/share/rmw_fastrtps_cpp/cmake)
-- Found OpenSSL: /usr/lib/x86_64-linux-gnu/libcrypto.so (found version "3.0.2")  
-- Found FastRTPS: /opt/ros/humble/include  
-- Using RMW implementation 'rmw_fastrtps_cpp' as default
-- Looking for pthread.h
-- Looking for pthread.h - found
-- Performing Test CMAKE_HAVE_LIBC_PTHREAD
-- Performing Test CMAKE_HAVE_LIBC_PTHREAD - Success
-- Found Threads: TRUE  
-- Found geometry_msgs: 4.2.3 (/opt/ros/humble/share/geometry_msgs/cmake)
-- Found visualization_msgs: 4.2.3 (/opt/ros/humble/share/visualization_msgs/cmake)
-- Found ament_lint_auto: 0.12.7 (/opt/ros/humble/share/ament_lint_auto/cmake)
-- Added test 'copyright' to check source files copyright and LICENSE
-- Added test 'cppcheck' to perform static code analysis on C / C++ code
-- Configured cppcheck include dirs: 
-- Configured cppcheck exclude dirs and/or files: 
-- Added test 'cpplint' to check C / C++ code against the Google style
-- Configured cpplint exclude dirs and/or files: 
-- Added test 'flake8' to check Python code syntax and style conventions
-- Added test 'lint_cmake' to check CMake code style
-- Added test 'pep257' to check Python code against some of the docstring style conventions in PEP 257
-- Added test 'uncrustify' to check C / C++ code style
-- Configured uncrustify additional arguments: 
-- Added test 'xmllint' to check XML markup files
-- Configuring done
-- Generating done
-- Build files have been written to: /home/pathfinder/vis_ws/build/visualization_marker_tutorials
[ 25%] [32mBuilding CXX object CMakeFiles/basic_shapes.dir/src/basic_shapes.cpp.o[0m
[ 50%] [32mBuilding CXX object CMakeFiles/points_and_lines.dir/src/points_and_lines.cpp.o[0m
[ 75%] [32m[1mLinking CXX executable basic_shapes[0m
[100%] [32m[1mLinking CXX executable points_and_lines[0m
[100%] Built target basic_shapes
[100%] Built target points_and_lines
-- Install configuration: ""
-- Installing: /home/pathfinder/vis_ws/install/visualization_marker_tutorials/lib/visualization_marker_tutorials/basic_shapes
-- Set runtime path of "/home/pathfinder/vis_ws/install/visualization_marker_tutorials/lib/visualization_marker_tutorials/basic_shapes" to ""
-- Installing: /home/pathfinder/vis_ws/install/visualization_marker_tutorials/lib/visualization_marker_tutorials/points_and_lines
-- Set runtime path of "/home/pathfinder/vis_ws/install/visualization_marker_tutorials/lib/visualization_marker_tutorials/points_and_lines" to ""
-- Installing: /home/pathfinder/vis_ws/install/visualization_marker_tutorials/share/ament_index/resource_index/package_run_dependencies/visualization_marker_tutorials
-- Installing: /home/pathfinder/vis_ws/install/visualization_marker_tutorials/share/ament_index/resource_index/parent_prefix_path/visualization_marker_tutorials
-- Installing: /home/pathfinder/vis_ws/install/visualization_marker_tutorials/share/visualization_marker_tutorials/environment/ament_prefix_path.sh
-- Installing: /home/pathfinder/vis_ws/install/visualization_marker_tutorials/share/visualization_marker_tutorials/environment/ament_prefix_path.dsv
-- Installing: /home/pathfinder/vis_ws/install/visualization_marker_tutorials/share/visualization_marker_tutorials/environment/path.sh
-- Installing: /home/pathfinder/vis_ws/install/visualization_marker_tutorials/share/visualization_marker_tutorials/environment/path.dsv
-- Installing: /home/pathfinder/vis_ws/install/visualization_marker_tutorials/share/visualization_marker_tutorials/local_setup.bash
-- Installing: /home/pathfinder/vis_ws/install/visualization_marker_tutorials/share/visualization_marker_tutorials/local_setup.sh
-- Installing: /home/pathfinder/vis_ws/install/visualization_marker_tutorials/share/visualization_marker_tutorials/local_setup.zsh
-- Installing: /home/pathfinder/vis_ws/install/visualization_marker_tutorials/share/visualization_marker_tutorials/local_setup.dsv
-- Installing: /home/pathfinder/vis_ws/install/visualization_marker_tutorials/share/visualization_marker_tutorials/package.dsv
-- Installing: /home/pathfinder/vis_ws/install/visualization_marker_tutorials/share/ament_index/resource_index/packages/visualization_marker_tutorials
-- Installing: /home/pathfinder/vis_ws/install/visualization_marker_tutorials/share/visualization_marker_tutorials/cmake/ament_cmake_export_dependencies-extras.cmake
-- Installing: /home/pathfinder/vis_ws/install/visualization_marker_tutorials/share/visualization_marker_tutorials/cmake/visualization_marker_tutorialsConfig.cmake
-- Installing: /home/pathfinder/vis_ws/install/visualization_marker_tutorials/share/visualization_marker_tutorials/cmake/visualization_marker_tutorialsConfig-version.cmake
-- Installing: /home/pathfinder/vis_ws/install/visualization_marker_tutorials/share/visualization_marker_tutorials/package.xml
