[0.023s] Invoking command in '/home/pathfinder/vis_ws/build/visualization_marker_tutorials': CMAKE_PREFIX_PATH=${CMAKE_PREFIX_PATH}:/home/pathfinder/ws_moveit2/install/moveit_configs_utils:/home/pathfinder/ws_moveit2/install/launch_param_builder:/opt/ros/humble /usr/bin/cmake /home/pathfinder/vis_ws/src/vis/visualization_marker_tutorials -DCMAKE_INSTALL_PREFIX=/home/pathfinder/vis_ws/install/visualization_marker_tutorials
[0.072s] -- The C compiler identification is GNU 11.4.0
[0.124s] -- The CXX compiler identification is GNU 11.4.0
[0.131s] -- Detecting C compiler ABI info
[0.194s] -- Detecting C compiler ABI info - done
[0.199s] -- Check for working C compiler: /usr/bin/cc - skipped
[0.199s] -- Detecting C compile features
[0.199s] -- Detecting C compile features - done
[0.201s] -- Detecting CXX compiler ABI info
[0.264s] -- Detecting CXX compiler ABI info - done
[0.272s] -- Check for working CXX compiler: /usr/bin/c++ - skipped
[0.272s] -- Detecting CXX compile features
[0.272s] -- Detecting CXX compile features - done
[0.279s] -- Found ament_cmake: 1.3.5 (/opt/ros/humble/share/ament_cmake/cmake)
[0.441s] -- Found Python3: /usr/bin/python3.10 (found version "3.10.12") found components: Interpreter 
[0.576s] -- Found rclcpp: 16.0.5 (/opt/ros/humble/share/rclcpp/cmake)
[0.663s] -- Found rosidl_generator_c: 3.1.5 (/opt/ros/humble/share/rosidl_generator_c/cmake)
[0.676s] -- Found rosidl_adapter: 3.1.5 (/opt/ros/humble/share/rosidl_adapter/cmake)
[0.692s] -- Found rosidl_generator_cpp: 3.1.5 (/opt/ros/humble/share/rosidl_generator_cpp/cmake)
[0.715s] -- Using all available rosidl_typesupport_c: rosidl_typesupport_fastrtps_c;rosidl_typesupport_introspection_c
[0.748s] -- Using all available rosidl_typesupport_cpp: rosidl_typesupport_fastrtps_cpp;rosidl_typesupport_introspection_cpp
[0.857s] -- Found rmw_implementation_cmake: 6.1.1 (/opt/ros/humble/share/rmw_implementation_cmake/cmake)
[0.866s] -- Found rmw_fastrtps_cpp: 6.2.3 (/opt/ros/humble/share/rmw_fastrtps_cpp/cmake)
[0.994s] -- Found OpenSSL: /usr/lib/x86_64-linux-gnu/libcrypto.so (found version "3.0.2")  
[1.026s] -- Found FastRTPS: /opt/ros/humble/include  
[1.082s] -- Using RMW implementation 'rmw_fastrtps_cpp' as default
[1.104s] -- Looking for pthread.h
[1.167s] -- Looking for pthread.h - found
[1.167s] -- Performing Test CMAKE_HAVE_LIBC_PTHREAD
[1.235s] -- Performing Test CMAKE_HAVE_LIBC_PTHREAD - Success
[1.236s] -- Found Threads: TRUE  
[1.420s] -- Found geometry_msgs: 4.2.3 (/opt/ros/humble/share/geometry_msgs/cmake)
[1.469s] -- Found visualization_msgs: 4.2.3 (/opt/ros/humble/share/visualization_msgs/cmake)
[1.713s] -- Found ament_lint_auto: 0.12.7 (/opt/ros/humble/share/ament_lint_auto/cmake)
[1.836s] -- Added test 'copyright' to check source files copyright and LICENSE
[1.839s] -- Added test 'cppcheck' to perform static code analysis on C / C++ code
[1.840s] -- Configured cppcheck include dirs: 
[1.840s] -- Configured cppcheck exclude dirs and/or files: 
[1.842s] -- Added test 'cpplint' to check C / C++ code against the Google style
[1.843s] -- Configured cpplint exclude dirs and/or files: 
[1.844s] -- Added test 'flake8' to check Python code syntax and style conventions
[1.845s] -- Added test 'lint_cmake' to check CMake code style
[1.847s] -- Added test 'pep257' to check Python code against some of the docstring style conventions in PEP 257
[1.849s] -- Added test 'uncrustify' to check C / C++ code style
[1.850s] -- Configured uncrustify additional arguments: 
[1.851s] -- Added test 'xmllint' to check XML markup files
[1.853s] -- Configuring done
[1.865s] -- Generating done
[1.866s] -- Build files have been written to: /home/pathfinder/vis_ws/build/visualization_marker_tutorials
[1.873s] Invoked command in '/home/pathfinder/vis_ws/build/visualization_marker_tutorials' returned '0': CMAKE_PREFIX_PATH=${CMAKE_PREFIX_PATH}:/home/pathfinder/ws_moveit2/install/moveit_configs_utils:/home/pathfinder/ws_moveit2/install/launch_param_builder:/opt/ros/humble /usr/bin/cmake /home/pathfinder/vis_ws/src/vis/visualization_marker_tutorials -DCMAKE_INSTALL_PREFIX=/home/pathfinder/vis_ws/install/visualization_marker_tutorials
[1.874s] Invoking command in '/home/pathfinder/vis_ws/build/visualization_marker_tutorials': CMAKE_PREFIX_PATH=${CMAKE_PREFIX_PATH}:/home/pathfinder/ws_moveit2/install/moveit_configs_utils:/home/pathfinder/ws_moveit2/install/launch_param_builder:/opt/ros/humble /usr/bin/cmake --build /home/pathfinder/vis_ws/build/visualization_marker_tutorials -- -j12 -l12
[1.928s] [ 25%] [32mBuilding CXX object CMakeFiles/basic_shapes.dir/src/basic_shapes.cpp.o[0m
[1.930s] [ 50%] [32mBuilding CXX object CMakeFiles/points_and_lines.dir/src/points_and_lines.cpp.o[0m
[9.987s] [ 75%] [32m[1mLinking CXX executable basic_shapes[0m
[10.013s] [100%] [32m[1mLinking CXX executable points_and_lines[0m
[10.336s] [100%] Built target basic_shapes
[10.620s] [100%] Built target points_and_lines
[10.654s] Invoked command in '/home/pathfinder/vis_ws/build/visualization_marker_tutorials' returned '0': CMAKE_PREFIX_PATH=${CMAKE_PREFIX_PATH}:/home/pathfinder/ws_moveit2/install/moveit_configs_utils:/home/pathfinder/ws_moveit2/install/launch_param_builder:/opt/ros/humble /usr/bin/cmake --build /home/pathfinder/vis_ws/build/visualization_marker_tutorials -- -j12 -l12
[10.761s] Invoking command in '/home/pathfinder/vis_ws/build/visualization_marker_tutorials': CMAKE_PREFIX_PATH=${CMAKE_PREFIX_PATH}:/home/pathfinder/ws_moveit2/install/moveit_configs_utils:/home/pathfinder/ws_moveit2/install/launch_param_builder:/opt/ros/humble /usr/bin/cmake --install /home/pathfinder/vis_ws/build/visualization_marker_tutorials
[10.775s] -- Install configuration: ""
[10.775s] -- Installing: /home/pathfinder/vis_ws/install/visualization_marker_tutorials/lib/visualization_marker_tutorials/basic_shapes
[10.777s] -- Set runtime path of "/home/pathfinder/vis_ws/install/visualization_marker_tutorials/lib/visualization_marker_tutorials/basic_shapes" to ""
[10.777s] -- Installing: /home/pathfinder/vis_ws/install/visualization_marker_tutorials/lib/visualization_marker_tutorials/points_and_lines
[10.778s] -- Set runtime path of "/home/pathfinder/vis_ws/install/visualization_marker_tutorials/lib/visualization_marker_tutorials/points_and_lines" to ""
[10.778s] -- Installing: /home/pathfinder/vis_ws/install/visualization_marker_tutorials/share/ament_index/resource_index/package_run_dependencies/visualization_marker_tutorials
[10.779s] -- Installing: /home/pathfinder/vis_ws/install/visualization_marker_tutorials/share/ament_index/resource_index/parent_prefix_path/visualization_marker_tutorials
[10.779s] -- Installing: /home/pathfinder/vis_ws/install/visualization_marker_tutorials/share/visualization_marker_tutorials/environment/ament_prefix_path.sh
[10.779s] -- Installing: /home/pathfinder/vis_ws/install/visualization_marker_tutorials/share/visualization_marker_tutorials/environment/ament_prefix_path.dsv
[10.779s] -- Installing: /home/pathfinder/vis_ws/install/visualization_marker_tutorials/share/visualization_marker_tutorials/environment/path.sh
[10.779s] -- Installing: /home/pathfinder/vis_ws/install/visualization_marker_tutorials/share/visualization_marker_tutorials/environment/path.dsv
[10.779s] -- Installing: /home/pathfinder/vis_ws/install/visualization_marker_tutorials/share/visualization_marker_tutorials/local_setup.bash
[10.779s] -- Installing: /home/pathfinder/vis_ws/install/visualization_marker_tutorials/share/visualization_marker_tutorials/local_setup.sh
[10.780s] -- Installing: /home/pathfinder/vis_ws/install/visualization_marker_tutorials/share/visualization_marker_tutorials/local_setup.zsh
[10.780s] -- Installing: /home/pathfinder/vis_ws/install/visualization_marker_tutorials/share/visualization_marker_tutorials/local_setup.dsv
[10.780s] -- Installing: /home/pathfinder/vis_ws/install/visualization_marker_tutorials/share/visualization_marker_tutorials/package.dsv
[10.780s] -- Installing: /home/pathfinder/vis_ws/install/visualization_marker_tutorials/share/ament_index/resource_index/packages/visualization_marker_tutorials
[10.780s] -- Installing: /home/pathfinder/vis_ws/install/visualization_marker_tutorials/share/visualization_marker_tutorials/cmake/ament_cmake_export_dependencies-extras.cmake
[10.781s] -- Installing: /home/pathfinder/vis_ws/install/visualization_marker_tutorials/share/visualization_marker_tutorials/cmake/visualization_marker_tutorialsConfig.cmake
[10.781s] -- Installing: /home/pathfinder/vis_ws/install/visualization_marker_tutorials/share/visualization_marker_tutorials/cmake/visualization_marker_tutorialsConfig-version.cmake
[10.781s] -- Installing: /home/pathfinder/vis_ws/install/visualization_marker_tutorials/share/visualization_marker_tutorials/package.xml
[10.791s] Invoked command in '/home/pathfinder/vis_ws/build/visualization_marker_tutorials' returned '0': CMAKE_PREFIX_PATH=${CMAKE_PREFIX_PATH}:/home/pathfinder/ws_moveit2/install/moveit_configs_utils:/home/pathfinder/ws_moveit2/install/launch_param_builder:/opt/ros/humble /usr/bin/cmake --install /home/pathfinder/vis_ws/build/visualization_marker_tutorials
