-- Install configuration: ""
-- Up-to-date: /home/pathfinder/vis_ws/install/wholebody_description/share/wholebody_description/launch
-- Up-to-date: /home/pathfinder/vis_ws/install/wholebody_description/share/wholebody_description/launch/rviz.launch.py
-- Up-to-date: /home/pathfinder/vis_ws/install/wholebody_description/share/wholebody_description/meshes
-- Up-to-date: /home/pathfinder/vis_ws/install/wholebody_description/share/wholebody_description/meshes/hip_roll.STL
-- Up-to-date: /home/pathfinder/vis_ws/install/wholebody_description/share/wholebody_description/meshes/arm_link_02.STL
-- Up-to-date: /home/pathfinder/vis_ws/install/wholebody_description/share/wholebody_description/meshes/arm_link_06.STL
-- Up-to-date: /home/pathfinder/vis_ws/install/wholebody_description/share/wholebody_description/meshes/foot.STL
-- Up-to-date: /home/pathfinder/vis_ws/install/wholebody_description/share/wholebody_description/meshes/arm_link_04.STL
-- Up-to-date: /home/pathfinder/vis_ws/install/wholebody_description/share/wholebody_description/meshes/body_new.STL
-- Up-to-date: /home/pathfinder/vis_ws/install/wholebody_description/share/wholebody_description/meshes/hip_yaw.STL
-- Up-to-date: /home/pathfinder/vis_ws/install/wholebody_description/share/wholebody_description/meshes/tarsus.STL
-- Up-to-date: /home/pathfinder/vis_ws/install/wholebody_description/share/wholebody_description/meshes/body.STL
-- Up-to-date: /home/pathfinder/vis_ws/install/wholebody_description/share/wholebody_description/meshes/arm_link_03.STL
-- Up-to-date: /home/pathfinder/vis_ws/install/wholebody_description/share/wholebody_description/meshes/arm_link_05.STL
-- Up-to-date: /home/pathfinder/vis_ws/install/wholebody_description/share/wholebody_description/meshes/hip_yaw_new.STL
-- Up-to-date: /home/pathfinder/vis_ws/install/wholebody_description/share/wholebody_description/meshes/hip_roll_new.STL
-- Up-to-date: /home/pathfinder/vis_ws/install/wholebody_description/share/wholebody_description/meshes/untitled.STL
-- Up-to-date: /home/pathfinder/vis_ws/install/wholebody_description/share/wholebody_description/meshes/body_0526.STL
-- Up-to-date: /home/pathfinder/vis_ws/install/wholebody_description/share/wholebody_description/meshes/arm_link_01.STL
-- Up-to-date: /home/pathfinder/vis_ws/install/wholebody_description/share/wholebody_description/meshes/zhiyuan-texture.png
-- Up-to-date: /home/pathfinder/vis_ws/install/wholebody_description/share/wholebody_description/meshes/hip_pitch.STL
-- Up-to-date: /home/pathfinder/vis_ws/install/wholebody_description/share/wholebody_description/meshes/body_0529.STL
-- Up-to-date: /home/pathfinder/vis_ws/install/wholebody_description/share/wholebody_description/rviz
-- Installing: /home/pathfinder/vis_ws/install/wholebody_description/share/wholebody_description/rviz/moveit.rviz
-- Up-to-date: /home/pathfinder/vis_ws/install/wholebody_description/share/wholebody_description/urdf
-- Up-to-date: /home/pathfinder/vis_ws/install/wholebody_description/share/wholebody_description/urdf/wholebody_description.urdf
-- Up-to-date: /home/pathfinder/vis_ws/install/wholebody_description/share/ament_index/resource_index/package_run_dependencies/wholebody_description
-- Up-to-date: /home/pathfinder/vis_ws/install/wholebody_description/share/ament_index/resource_index/parent_prefix_path/wholebody_description
-- Up-to-date: /home/pathfinder/vis_ws/install/wholebody_description/share/wholebody_description/environment/ament_prefix_path.sh
-- Up-to-date: /home/pathfinder/vis_ws/install/wholebody_description/share/wholebody_description/environment/ament_prefix_path.dsv
-- Up-to-date: /home/pathfinder/vis_ws/install/wholebody_description/share/wholebody_description/environment/path.sh
-- Up-to-date: /home/pathfinder/vis_ws/install/wholebody_description/share/wholebody_description/environment/path.dsv
-- Up-to-date: /home/pathfinder/vis_ws/install/wholebody_description/share/wholebody_description/local_setup.bash
-- Up-to-date: /home/pathfinder/vis_ws/install/wholebody_description/share/wholebody_description/local_setup.sh
-- Up-to-date: /home/pathfinder/vis_ws/install/wholebody_description/share/wholebody_description/local_setup.zsh
-- Up-to-date: /home/pathfinder/vis_ws/install/wholebody_description/share/wholebody_description/local_setup.dsv
-- Installing: /home/pathfinder/vis_ws/install/wholebody_description/share/wholebody_description/package.dsv
-- Up-to-date: /home/pathfinder/vis_ws/install/wholebody_description/share/ament_index/resource_index/packages/wholebody_description
-- Up-to-date: /home/pathfinder/vis_ws/install/wholebody_description/share/wholebody_description/cmake/wholebody_descriptionConfig.cmake
-- Up-to-date: /home/pathfinder/vis_ws/install/wholebody_description/share/wholebody_description/cmake/wholebody_descriptionConfig-version.cmake
-- Up-to-date: /home/pathfinder/vis_ws/install/wholebody_description/share/wholebody_description/package.xml
