[0.038s] Invoking command in '/home/pathfinder/vis_ws/build/interactive_marker_tutorials': CMAKE_PREFIX_PATH=${CMAKE_PREFIX_PATH}:/home/pathfinder/ws_moveit2/install/moveit_configs_utils:/home/pathfinder/ws_moveit2/install/launch_param_builder:/opt/ros/humble /usr/bin/cmake --build /home/pathfinder/vis_ws/build/interactive_marker_tutorials -- -j12 -l12
[0.085s] [35m[1mConsolidate compiler generated dependencies of target simple_marker[0m
[0.103s] [ 28%] Built target selection
[0.103s] [ 28%] Built target basic_controls
[0.103s] [ 42%] Built target menu
[0.103s] [ 57%] Built target cube
[0.105s] [ 71%] [32mBuilding CXX object CMakeFiles/simple_marker.dir/src/simple_marker.cpp.o[0m
[0.105s] [ 78%] Built target pong_library
[0.108s] [ 92%] Built target pong
[3.021s] [100%] [32m[1mLinking CXX executable simple_marker[0m
[3.139s] [100%] Built target simple_marker
[3.150s] Invoked command in '/home/pathfinder/vis_ws/build/interactive_marker_tutorials' returned '0': CMAKE_PREFIX_PATH=${CMAKE_PREFIX_PATH}:/home/pathfinder/ws_moveit2/install/moveit_configs_utils:/home/pathfinder/ws_moveit2/install/launch_param_builder:/opt/ros/humble /usr/bin/cmake --build /home/pathfinder/vis_ws/build/interactive_marker_tutorials -- -j12 -l12
[3.191s] Invoking command in '/home/pathfinder/vis_ws/build/interactive_marker_tutorials': CMAKE_PREFIX_PATH=${CMAKE_PREFIX_PATH}:/home/pathfinder/ws_moveit2/install/moveit_configs_utils:/home/pathfinder/ws_moveit2/install/launch_param_builder:/opt/ros/humble /usr/bin/cmake --install /home/pathfinder/vis_ws/build/interactive_marker_tutorials
[3.197s] -- Install configuration: ""
[3.198s] -- Up-to-date: /home/pathfinder/vis_ws/install/interactive_marker_tutorials/lib/interactive_marker_tutorials/pong
[3.198s] -- Up-to-date: /home/pathfinder/vis_ws/install/interactive_marker_tutorials/bin/basic_controls.py
[3.198s] -- Up-to-date: /home/pathfinder/vis_ws/install/interactive_marker_tutorials/bin/cube.py
[3.198s] -- Up-to-date: /home/pathfinder/vis_ws/install/interactive_marker_tutorials/bin/menu.py
[3.198s] -- Up-to-date: /home/pathfinder/vis_ws/install/interactive_marker_tutorials/bin/simple_marker.py
[3.198s] -- Up-to-date: /home/pathfinder/vis_ws/install/interactive_marker_tutorials/lib/libpong_library.so
[3.198s] -- Up-to-date: /home/pathfinder/vis_ws/install/interactive_marker_tutorials/lib/interactive_marker_tutorials/basic_controls
[3.198s] -- Up-to-date: /home/pathfinder/vis_ws/install/interactive_marker_tutorials/lib/interactive_marker_tutorials/cube
[3.198s] -- Up-to-date: /home/pathfinder/vis_ws/install/interactive_marker_tutorials/lib/interactive_marker_tutorials/selection
[3.198s] -- Installing: /home/pathfinder/vis_ws/install/interactive_marker_tutorials/lib/interactive_marker_tutorials/simple_marker
[3.199s] -- Set runtime path of "/home/pathfinder/vis_ws/install/interactive_marker_tutorials/lib/interactive_marker_tutorials/simple_marker" to ""
[3.199s] -- Up-to-date: /home/pathfinder/vis_ws/install/interactive_marker_tutorials/lib/interactive_marker_tutorials/menu
[3.199s] -- Up-to-date: /home/pathfinder/vis_ws/install/interactive_marker_tutorials/share/ament_index/resource_index/package_run_dependencies/interactive_marker_tutorials
[3.199s] -- Up-to-date: /home/pathfinder/vis_ws/install/interactive_marker_tutorials/share/ament_index/resource_index/parent_prefix_path/interactive_marker_tutorials
[3.199s] -- Up-to-date: /home/pathfinder/vis_ws/install/interactive_marker_tutorials/share/interactive_marker_tutorials/environment/ament_prefix_path.sh
[3.199s] -- Up-to-date: /home/pathfinder/vis_ws/install/interactive_marker_tutorials/share/interactive_marker_tutorials/environment/ament_prefix_path.dsv
[3.199s] -- Up-to-date: /home/pathfinder/vis_ws/install/interactive_marker_tutorials/share/interactive_marker_tutorials/environment/path.sh
[3.199s] -- Up-to-date: /home/pathfinder/vis_ws/install/interactive_marker_tutorials/share/interactive_marker_tutorials/environment/path.dsv
[3.199s] -- Up-to-date: /home/pathfinder/vis_ws/install/interactive_marker_tutorials/share/interactive_marker_tutorials/local_setup.bash
[3.199s] -- Up-to-date: /home/pathfinder/vis_ws/install/interactive_marker_tutorials/share/interactive_marker_tutorials/local_setup.sh
[3.199s] -- Up-to-date: /home/pathfinder/vis_ws/install/interactive_marker_tutorials/share/interactive_marker_tutorials/local_setup.zsh
[3.199s] -- Up-to-date: /home/pathfinder/vis_ws/install/interactive_marker_tutorials/share/interactive_marker_tutorials/local_setup.dsv
[3.199s] -- Installing: /home/pathfinder/vis_ws/install/interactive_marker_tutorials/share/interactive_marker_tutorials/package.dsv
[3.199s] -- Up-to-date: /home/pathfinder/vis_ws/install/interactive_marker_tutorials/share/ament_index/resource_index/packages/interactive_marker_tutorials
[3.199s] -- Up-to-date: /home/pathfinder/vis_ws/install/interactive_marker_tutorials/share/ament_index/resource_index/rclcpp_components/interactive_marker_tutorials
[3.199s] -- Up-to-date: /home/pathfinder/vis_ws/install/interactive_marker_tutorials/share/interactive_marker_tutorials/cmake/ament_cmake_export_dependencies-extras.cmake
[3.199s] -- Up-to-date: /home/pathfinder/vis_ws/install/interactive_marker_tutorials/share/interactive_marker_tutorials/cmake/interactive_marker_tutorialsConfig.cmake
[3.199s] -- Up-to-date: /home/pathfinder/vis_ws/install/interactive_marker_tutorials/share/interactive_marker_tutorials/cmake/interactive_marker_tutorialsConfig-version.cmake
[3.199s] -- Up-to-date: /home/pathfinder/vis_ws/install/interactive_marker_tutorials/share/interactive_marker_tutorials/package.xml
[3.200s] Invoked command in '/home/pathfinder/vis_ws/build/interactive_marker_tutorials' returned '0': CMAKE_PREFIX_PATH=${CMAKE_PREFIX_PATH}:/home/pathfinder/ws_moveit2/install/moveit_configs_utils:/home/pathfinder/ws_moveit2/install/launch_param_builder:/opt/ros/humble /usr/bin/cmake --install /home/pathfinder/vis_ws/build/interactive_marker_tutorials
