[35m[1mConsolidate compiler generated dependencies of target wholebody_visualization[0m
[ 50%] [32mBuilding CXX object CMakeFiles/wholebody_visualization.dir/src/joint_state_pub.cpp.o[0m
In file included from [01m[K/home/pathfinder/vis_ws/src/wholebody_visualization/src/joint_state_pub.cpp:1[m[K:
[01m[K/home/pathfinder/vis_ws/src/wholebody_visualization/include/joint_state_pub.h:70:79:[m[K [01;35m[Kwarning: [m[K‘[01m[Kvisualization_msgs::msg::InteractiveMarkerFeedback_<std::allocator<void> >::ConstPtr[m[K’ is deprecated [[01;35m[K]8;;https://gcc.gnu.org/onlinedocs/gcc/Warning-Options.html#index-Wdeprecated-declarations-Wdeprecated-declarations]8;;[m[K]
   70 | isualization_msgs::msg::InteractiveMarkerFeedback::ConstPtr& feedback[01;35m[K)[m[K;
      |                                                                      [01;35m[K^[m[K

In file included from [01m[K/opt/ros/humble/include/visualization_msgs/visualization_msgs/msg/interactive_marker_feedback.hpp:7[m[K,
                 from [01m[K/home/pathfinder/vis_ws/src/wholebody_visualization/include/joint_state_pub.h:17[m[K,
                 from [01m[K/home/pathfinder/vis_ws/src/wholebody_visualization/src/joint_state_pub.cpp:1[m[K:
[01m[K/opt/ros/humble/include/visualization_msgs/visualization_msgs/msg/detail/interactive_marker_feedback__struct.hpp:215:5:[m[K [01;36m[Knote: [m[Kdeclared here
  215 |     [01;36m[KConstPtr[m[K;
      |     [01;36m[K^~~~~~~~[m[K
[01m[K/home/pathfinder/vis_ws/src/wholebody_visualization/src/joint_state_pub.cpp:115:80:[m[K [01;35m[Kwarning: [m[K‘[01m[Kvisualization_msgs::msg::InteractiveMarkerFeedback_<std::allocator<void> >::ConstPtr[m[K’ is deprecated [[01;35m[K]8;;https://gcc.gnu.org/onlinedocs/gcc/Warning-Options.html#index-Wdeprecated-declarations-Wdeprecated-declarations]8;;[m[K]
  115 | on_msgs::msg::InteractiveMarkerFeedback::ConstPtr & feedback[01;35m[K)[m[K//建立processfeedback函数
      |                                                             [01;35m[K^[m[K

In file included from [01m[K/opt/ros/humble/include/visualization_msgs/visualization_msgs/msg/interactive_marker_feedback.hpp:7[m[K,
                 from [01m[K/home/pathfinder/vis_ws/src/wholebody_visualization/include/joint_state_pub.h:17[m[K,
                 from [01m[K/home/pathfinder/vis_ws/src/wholebody_visualization/src/joint_state_pub.cpp:1[m[K:
[01m[K/opt/ros/humble/include/visualization_msgs/visualization_msgs/msg/detail/interactive_marker_feedback__struct.hpp:215:5:[m[K [01;36m[Knote: [m[Kdeclared here
  215 |     [01;36m[KConstPtr[m[K;
      |     [01;36m[K^~~~~~~~[m[K
[100%] [32m[1mLinking CXX executable wholebody_visualization[0m
[100%] Built target wholebody_visualization
-- Install configuration: ""
-- Up-to-date: /home/pathfinder/vis_ws/install/wholebody_visualization/share/wholebody_visualization/launch
-- Up-to-date: /home/pathfinder/vis_ws/install/wholebody_visualization/share/wholebody_visualization/launch/rviz.launch.py
-- Installing: /home/pathfinder/vis_ws/install/wholebody_visualization/lib/wholebody_visualization/wholebody_visualization
-- Set runtime path of "/home/pathfinder/vis_ws/install/wholebody_visualization/lib/wholebody_visualization/wholebody_visualization" to ""
-- Up-to-date: /home/pathfinder/vis_ws/install/wholebody_visualization/share/ament_index/resource_index/package_run_dependencies/wholebody_visualization
-- Up-to-date: /home/pathfinder/vis_ws/install/wholebody_visualization/share/ament_index/resource_index/parent_prefix_path/wholebody_visualization
-- Up-to-date: /home/pathfinder/vis_ws/install/wholebody_visualization/share/wholebody_visualization/environment/ament_prefix_path.sh
-- Up-to-date: /home/pathfinder/vis_ws/install/wholebody_visualization/share/wholebody_visualization/environment/ament_prefix_path.dsv
-- Up-to-date: /home/pathfinder/vis_ws/install/wholebody_visualization/share/wholebody_visualization/environment/path.sh
-- Up-to-date: /home/pathfinder/vis_ws/install/wholebody_visualization/share/wholebody_visualization/environment/path.dsv
-- Up-to-date: /home/pathfinder/vis_ws/install/wholebody_visualization/share/wholebody_visualization/local_setup.bash
-- Up-to-date: /home/pathfinder/vis_ws/install/wholebody_visualization/share/wholebody_visualization/local_setup.sh
-- Up-to-date: /home/pathfinder/vis_ws/install/wholebody_visualization/share/wholebody_visualization/local_setup.zsh
-- Up-to-date: /home/pathfinder/vis_ws/install/wholebody_visualization/share/wholebody_visualization/local_setup.dsv
-- Installing: /home/pathfinder/vis_ws/install/wholebody_visualization/share/wholebody_visualization/package.dsv
-- Up-to-date: /home/pathfinder/vis_ws/install/wholebody_visualization/share/ament_index/resource_index/packages/wholebody_visualization
-- Up-to-date: /home/pathfinder/vis_ws/install/wholebody_visualization/share/wholebody_visualization/cmake/wholebody_visualizationConfig.cmake
-- Up-to-date: /home/pathfinder/vis_ws/install/wholebody_visualization/share/wholebody_visualization/cmake/wholebody_visualizationConfig-version.cmake
-- Up-to-date: /home/pathfinder/vis_ws/install/wholebody_visualization/share/wholebody_visualization/package.xml
