[0.024s] Invoking command in '/home/pathfinder/vis_ws/build/wholebody_visualization': CMAKE_PREFIX_PATH=${CMAKE_PREFIX_PATH}:/home/pathfinder/ws_moveit2/install/moveit_configs_utils:/home/pathfinder/ws_moveit2/install/launch_param_builder:/opt/ros/humble /usr/bin/cmake --build /home/pathfinder/vis_ws/build/wholebody_visualization -- -j12 -l12
[0.071s] [35m[1mConsolidate compiler generated dependencies of target wholebody_visualization[0m
[0.086s] [ 50%] [32mBuilding CXX object CMakeFiles/wholebody_visualization.dir/src/joint_state_pub.cpp.o[0m
[1.524s] In file included from [01m[K/home/pathfinder/vis_ws/src/wholebody_visualization/src/joint_state_pub.cpp:1[m[K:
[1.524s] [01m[K/home/pathfinder/vis_ws/src/wholebody_visualization/include/joint_state_pub.h:70:79:[m[K [01;35m[Kwarning: [m[K‘[01m[Kvisualization_msgs::msg::InteractiveMarkerFeedback_<std::allocator<void> >::ConstPtr[m[K’ is deprecated [[01;35m[K]8;;https://gcc.gnu.org/onlinedocs/gcc/Warning-Options.html#index-Wdeprecated-declarations-Wdeprecated-declarations]8;;[m[K]
[1.524s]    70 | isualization_msgs::msg::InteractiveMarkerFeedback::ConstPtr& feedback[01;35m[K)[m[K;
[1.524s]       |                                                                      [01;35m[K^[m[K
[1.525s] 
[1.525s] In file included from [01m[K/opt/ros/humble/include/visualization_msgs/visualization_msgs/msg/interactive_marker_feedback.hpp:7[m[K,
[1.525s]                  from [01m[K/home/pathfinder/vis_ws/src/wholebody_visualization/include/joint_state_pub.h:17[m[K,
[1.525s]                  from [01m[K/home/pathfinder/vis_ws/src/wholebody_visualization/src/joint_state_pub.cpp:1[m[K:
[1.525s] [01m[K/opt/ros/humble/include/visualization_msgs/visualization_msgs/msg/detail/interactive_marker_feedback__struct.hpp:215:5:[m[K [01;36m[Knote: [m[Kdeclared here
[1.525s]   215 |     [01;36m[KConstPtr[m[K;
[1.525s]       |     [01;36m[K^~~~~~~~[m[K
[1.564s] [01m[K/home/pathfinder/vis_ws/src/wholebody_visualization/src/joint_state_pub.cpp:115:80:[m[K [01;35m[Kwarning: [m[K‘[01m[Kvisualization_msgs::msg::InteractiveMarkerFeedback_<std::allocator<void> >::ConstPtr[m[K’ is deprecated [[01;35m[K]8;;https://gcc.gnu.org/onlinedocs/gcc/Warning-Options.html#index-Wdeprecated-declarations-Wdeprecated-declarations]8;;[m[K]
[1.564s]   115 | on_msgs::msg::InteractiveMarkerFeedback::ConstPtr & feedback[01;35m[K)[m[K//建立processfeedback函数
[1.564s]       |                                                             [01;35m[K^[m[K
[1.564s] 
[1.564s] In file included from [01m[K/opt/ros/humble/include/visualization_msgs/visualization_msgs/msg/interactive_marker_feedback.hpp:7[m[K,
[1.564s]                  from [01m[K/home/pathfinder/vis_ws/src/wholebody_visualization/include/joint_state_pub.h:17[m[K,
[1.564s]                  from [01m[K/home/pathfinder/vis_ws/src/wholebody_visualization/src/joint_state_pub.cpp:1[m[K:
[1.564s] [01m[K/opt/ros/humble/include/visualization_msgs/visualization_msgs/msg/detail/interactive_marker_feedback__struct.hpp:215:5:[m[K [01;36m[Knote: [m[Kdeclared here
[1.564s]   215 |     [01;36m[KConstPtr[m[K;
[1.564s]       |     [01;36m[K^~~~~~~~[m[K
[5.284s] [100%] [32m[1mLinking CXX executable wholebody_visualization[0m
[5.569s] [100%] Built target wholebody_visualization
[5.579s] Invoked command in '/home/pathfinder/vis_ws/build/wholebody_visualization' returned '0': CMAKE_PREFIX_PATH=${CMAKE_PREFIX_PATH}:/home/pathfinder/ws_moveit2/install/moveit_configs_utils:/home/pathfinder/ws_moveit2/install/launch_param_builder:/opt/ros/humble /usr/bin/cmake --build /home/pathfinder/vis_ws/build/wholebody_visualization -- -j12 -l12
[5.606s] Invoking command in '/home/pathfinder/vis_ws/build/wholebody_visualization': CMAKE_PREFIX_PATH=${CMAKE_PREFIX_PATH}:/home/pathfinder/ws_moveit2/install/moveit_configs_utils:/home/pathfinder/ws_moveit2/install/launch_param_builder:/opt/ros/humble /usr/bin/cmake --install /home/pathfinder/vis_ws/build/wholebody_visualization
[5.612s] -- Install configuration: ""
[5.612s] -- Up-to-date: /home/pathfinder/vis_ws/install/wholebody_visualization/share/wholebody_visualization/launch
[5.612s] -- Up-to-date: /home/pathfinder/vis_ws/install/wholebody_visualization/share/wholebody_visualization/launch/rviz.launch.py
[5.612s] -- Installing: /home/pathfinder/vis_ws/install/wholebody_visualization/lib/wholebody_visualization/wholebody_visualization
[5.614s] -- Set runtime path of "/home/pathfinder/vis_ws/install/wholebody_visualization/lib/wholebody_visualization/wholebody_visualization" to ""
[5.614s] -- Up-to-date: /home/pathfinder/vis_ws/install/wholebody_visualization/share/ament_index/resource_index/package_run_dependencies/wholebody_visualization
[5.614s] -- Up-to-date: /home/pathfinder/vis_ws/install/wholebody_visualization/share/ament_index/resource_index/parent_prefix_path/wholebody_visualization
[5.614s] -- Up-to-date: /home/pathfinder/vis_ws/install/wholebody_visualization/share/wholebody_visualization/environment/ament_prefix_path.sh
[5.614s] -- Up-to-date: /home/pathfinder/vis_ws/install/wholebody_visualization/share/wholebody_visualization/environment/ament_prefix_path.dsv
[5.614s] -- Up-to-date: /home/pathfinder/vis_ws/install/wholebody_visualization/share/wholebody_visualization/environment/path.sh
[5.615s] -- Up-to-date: /home/pathfinder/vis_ws/install/wholebody_visualization/share/wholebody_visualization/environment/path.dsv
[5.615s] -- Up-to-date: /home/pathfinder/vis_ws/install/wholebody_visualization/share/wholebody_visualization/local_setup.bash
[5.615s] -- Up-to-date: /home/pathfinder/vis_ws/install/wholebody_visualization/share/wholebody_visualization/local_setup.sh
[5.615s] -- Up-to-date: /home/pathfinder/vis_ws/install/wholebody_visualization/share/wholebody_visualization/local_setup.zsh
[5.615s] -- Up-to-date: /home/pathfinder/vis_ws/install/wholebody_visualization/share/wholebody_visualization/local_setup.dsv
[5.615s] -- Installing: /home/pathfinder/vis_ws/install/wholebody_visualization/share/wholebody_visualization/package.dsv
[5.615s] -- Up-to-date: /home/pathfinder/vis_ws/install/wholebody_visualization/share/ament_index/resource_index/packages/wholebody_visualization
[5.615s] -- Up-to-date: /home/pathfinder/vis_ws/install/wholebody_visualization/share/wholebody_visualization/cmake/wholebody_visualizationConfig.cmake
[5.615s] -- Up-to-date: /home/pathfinder/vis_ws/install/wholebody_visualization/share/wholebody_visualization/cmake/wholebody_visualizationConfig-version.cmake
[5.615s] -- Up-to-date: /home/pathfinder/vis_ws/install/wholebody_visualization/share/wholebody_visualization/package.xml
[5.618s] Invoked command in '/home/pathfinder/vis_ws/build/wholebody_visualization' returned '0': CMAKE_PREFIX_PATH=${CMAKE_PREFIX_PATH}:/home/pathfinder/ws_moveit2/install/moveit_configs_utils:/home/pathfinder/ws_moveit2/install/launch_param_builder:/opt/ros/humble /usr/bin/cmake --install /home/pathfinder/vis_ws/build/wholebody_visualization
