[0.025s] Invoking command in '/home/pathfinder/vis_ws/build/wholebody_visualization': CMAKE_PREFIX_PATH=${CMAKE_PREFIX_PATH}:/home/pathfinder/ws_moveit2/install/moveit_configs_utils:/home/pathfinder/ws_moveit2/install/launch_param_builder:/opt/ros/humble /usr/bin/cmake --build /home/pathfinder/vis_ws/build/wholebody_visualization -- -j12 -l12
[0.054s] -- Found ament_cmake: 1.3.5 (/opt/ros/humble/share/ament_cmake/cmake)
[0.192s] -- Found control_msgs: 4.4.0 (/opt/ros/humble/share/control_msgs/cmake)
[0.213s] -- Found rosidl_generator_c: 3.1.5 (/opt/ros/humble/share/rosidl_generator_c/cmake)
[0.213s] -- Found rosidl_adapter: 3.1.5 (/opt/ros/humble/share/rosidl_adapter/cmake)
[0.216s] -- Found rosidl_generator_cpp: 3.1.5 (/opt/ros/humble/share/rosidl_generator_cpp/cmake)
[0.224s] -- Using all available rosidl_typesupport_c: rosidl_typesupport_fastrtps_c;rosidl_typesupport_introspection_c
[0.238s] -- Using all available rosidl_typesupport_cpp: rosidl_typesupport_fastrtps_cpp;rosidl_typesupport_introspection_cpp
[0.547s] -- Found interactive_markers: 2.3.2 (/opt/ros/humble/share/interactive_markers/cmake)
[0.573s] -- Found rmw_implementation_cmake: 6.1.1 (/opt/ros/humble/share/rmw_implementation_cmake/cmake)
[0.575s] -- Found rmw_fastrtps_cpp: 6.2.3 (/opt/ros/humble/share/rmw_fastrtps_cpp/cmake)
[0.656s] -- Using RMW implementation 'rmw_fastrtps_cpp' as default
[0.806s] -- Found rclcpp_action: 16.0.5 (/opt/ros/humble/share/rclcpp_action/cmake)
[0.822s] -- Found tf2_geometry_msgs: 0.25.3 (/opt/ros/humble/share/tf2_geometry_msgs/cmake)
[0.825s] -- Found eigen3_cmake_module: 0.1.1 (/opt/ros/humble/share/eigen3_cmake_module/cmake)
[0.825s] -- Ensuring Eigen3 include directory is part of orocos-kdl CMake target
[0.971s] -- Found ament_lint_auto: 0.12.7 (/opt/ros/humble/share/ament_lint_auto/cmake)
[1.012s] -- Added test 'cppcheck' to perform static code analysis on C / C++ code
[1.012s] -- Configured cppcheck include dirs: /home/pathfinder/vis_ws/src/wholebody_visualization/include;$<BUILD_INTERFACE:/home/pathfinder/vis_ws/src/wholebody_visualization/include/>
[1.012s] -- Configured cppcheck exclude dirs and/or files: 
[1.012s] -- Added test 'flake8' to check Python code syntax and style conventions
[1.012s] -- Added test 'lint_cmake' to check CMake code style
[1.013s] -- Added test 'pep257' to check Python code against some of the docstring style conventions in PEP 257
[1.014s] -- Added test 'uncrustify' to check C / C++ code style
[1.014s] -- Configured uncrustify additional arguments: 
[1.014s] -- Added test 'xmllint' to check XML markup files
[1.015s] -- Configuring done
[1.022s] -- Generating done
[1.023s] -- Build files have been written to: /home/pathfinder/vis_ws/build/wholebody_visualization
[1.043s] [35m[1mConsolidate compiler generated dependencies of target wholebody_visualization[0m
[1.055s] [ 50%] [32mBuilding CXX object CMakeFiles/wholebody_visualization.dir/src/joint_state_pub.cpp.o[0m
[2.537s] [01m[K/home/pathfinder/vis_ws/src/wholebody_visualization/src/joint_state_pub.cpp:158:12:[m[K [01;31m[Kerror: [m[K‘[01m[Kstd::placehodlers[m[K’ has not been declared
[2.537s]   158 | using std::[01;31m[Kplacehodlers[m[K::_1;
[2.537s]       |            [01;31m[K^~~~~~~~~~~~[m[K
[2.540s] [01m[K/home/pathfinder/vis_ws/src/wholebody_visualization/src/joint_state_pub.cpp:[m[K In constructor ‘[01m[Kinteractive_marker::controlnode::controlnode(const rclcpp::NodeOptions&)[m[K’:
[2.541s] [01m[K/home/pathfinder/vis_ws/src/wholebody_visualization/src/joint_state_pub.cpp:187:75:[m[K [01;31m[Kerror: [m[Ktype ‘[01m[Krclcpp::NodeOptions[m[K’ is not a direct base of ‘[01m[Kinteractive_marker::controlnode[m[K’
[2.541s]   187 | :controlnode(const rclcpp::NodeOptions & options ) :rclcpp::[01;31m[KNodeOptions[m[K("control_markers",options),
[2.541s]       |                                                             [01;31m[K^~~~~~~~~~~[m[K
[2.541s] 
[2.541s] [01m[K/home/pathfinder/vis_ws/src/wholebody_visualization/src/joint_state_pub.cpp:188:3:[m[K [01;31m[Kerror: [m[Kexpected identifier before ‘[01m[K{[m[K’ token
[2.541s]   188 |   [01;31m[K{[m[K
[2.541s]       |   [01;31m[K^[m[K
[2.541s] [01m[K/home/pathfinder/vis_ws/src/wholebody_visualization/src/joint_state_pub.cpp:188:3:[m[K [01;31m[Kerror: [m[Kno matching function for call to ‘[01m[Krclcpp::Node::Node()[m[K’
[2.541s] In file included from [01m[K/opt/ros/humble/include/rclcpp/rclcpp/executors/single_threaded_executor.hpp:28[m[K,
[2.541s]                  from [01m[K/opt/ros/humble/include/rclcpp/rclcpp/executors.hpp:22[m[K,
[2.541s]                  from [01m[K/opt/ros/humble/include/rclcpp/rclcpp/rclcpp.hpp:155[m[K,
[2.541s]                  from [01m[K/home/pathfinder/vis_ws/src/wholebody_visualization/include/joint_state_pub.h:4[m[K,
[2.541s]                  from [01m[K/home/pathfinder/vis_ws/src/wholebody_visualization/src/joint_state_pub.cpp:1[m[K:
[2.541s] [01m[K/opt/ros/humble/include/rclcpp/rclcpp/node.hpp:1294:3:[m[K [01;36m[Knote: [m[Kcandidate: ‘[01m[Krclcpp::Node::Node(const rclcpp::Node&, const string&)[m[K’
[2.541s]  1294 |   [01;36m[KNode[m[K(
[2.541s]       |   [01;36m[K^~~~[m[K
[2.541s] [01m[K/opt/ros/humble/include/rclcpp/rclcpp/node.hpp:1294:3:[m[K [01;36m[Knote: [m[K  candidate expects 2 arguments, 0 provided
[2.541s] [01m[K/opt/ros/humble/include/rclcpp/rclcpp/node.hpp:101:12:[m[K [01;36m[Knote: [m[Kcandidate: ‘[01m[Krclcpp::Node::Node(const string&, const string&, const rclcpp::NodeOptions&)[m[K’
[2.542s]   101 |   explicit [01;36m[KNode[m[K(
[2.542s]       |            [01;36m[K^~~~[m[K
[2.542s] [01m[K/opt/ros/humble/include/rclcpp/rclcpp/node.hpp:101:12:[m[K [01;36m[Knote: [m[K  candidate expects 3 arguments, 0 provided
[2.542s] [01m[K/opt/ros/humble/include/rclcpp/rclcpp/node.hpp:89:12:[m[K [01;36m[Knote: [m[Kcandidate: ‘[01m[Krclcpp::Node::Node(const string&, const rclcpp::NodeOptions&)[m[K’
[2.542s]    89 |   explicit [01;36m[KNode[m[K(
[2.542s]       |            [01;36m[K^~~~[m[K
[2.542s] [01m[K/opt/ros/humble/include/rclcpp/rclcpp/node.hpp:89:12:[m[K [01;36m[Knote: [m[K  candidate expects 2 arguments, 0 provided
[2.542s] [01m[K/home/pathfinder/vis_ws/src/wholebody_visualization/src/joint_state_pub.cpp:[m[K At global scope:
[2.542s] [01m[K/home/pathfinder/vis_ws/src/wholebody_visualization/src/joint_state_pub.cpp:209:3:[m[K [01;31m[Kerror: [m[KISO C++ forbids declaration of ‘[01m[KprocessFeedback[m[K’ with no type [[01;31m[K]8;;https://gcc.gnu.org/onlinedocs/gcc/Warning-Options.html#index-fpermissive-fpermissive]8;;[m[K]
[2.542s]   209 |   [01;31m[Kcontrolnode[m[K::processFeedback(
[2.542s]       |   [01;31m[K^~~~~~~~~~~[m[K
[2.542s] [01m[K/home/pathfinder/vis_ws/src/wholebody_visualization/src/joint_state_pub.cpp:209:3:[m[K [01;31m[Kerror: [m[Kno declaration matches ‘[01m[Kint interactive_marker::controlnode::processFeedback(const ConstSharedPtr&)[m[K’
[2.542s] [01m[K/home/pathfinder/vis_ws/src/wholebody_visualization/src/joint_state_pub.cpp:181:3:[m[K [01;36m[Knote: [m[Kcandidate is: ‘[01m[Kvoid interactive_marker::controlnode::processFeedback(const ConstSharedPtr&)[m[K’
[2.542s]   181 |   [01;36m[KprocessFeedback[m[K(
[2.542s]       |   [01;36m[K^~~~~~~~~~~~~~~[m[K
[2.542s] [01m[K/home/pathfinder/vis_ws/src/wholebody_visualization/src/joint_state_pub.cpp:161:9:[m[K [01;36m[Knote: [m[K‘[01m[Kclass interactive_marker::controlnode[m[K’ defined here
[2.542s]   161 |   class [01;36m[Kcontrolnode[m[K : public rclcpp::Node
[2.542s]       |         [01;36m[K^~~~~~~~~~~[m[K
[2.542s] [01m[K/home/pathfinder/vis_ws/src/wholebody_visualization/src/joint_state_pub.cpp:266:6:[m[K [01;31m[Kerror: [m[Kno declaration matches ‘[01m[Kvoid interactive_marker::controlnode::initialize_marker(geometry_msgs::msg::Pose)[m[K’
[2.542s]   266 | void [01;31m[Kcontrolnode[m[K::initialize_marker(const geometry_msgs::msg::Pose pose_msg)
[2.542s]       |      [01;31m[K^~~~~~~~~~~[m[K
[2.542s] [01m[K/home/pathfinder/vis_ws/src/wholebody_visualization/src/joint_state_pub.cpp:174:9:[m[K [01;36m[Knote: [m[Kcandidate is: ‘[01m[Kvoid interactive_marker::controlnode::initialize_marker()[m[K’
[2.542s]   174 |   void  [01;36m[Kinitialize_marker[m[K();
[2.542s]       |         [01;36m[K^~~~~~~~~~~~~~~~~[m[K
[2.542s] [01m[K/home/pathfinder/vis_ws/src/wholebody_visualization/src/joint_state_pub.cpp:161:9:[m[K [01;36m[Knote: [m[K‘[01m[Kclass interactive_marker::controlnode[m[K’ defined here
[2.542s]   161 |   class [01;36m[Kcontrolnode[m[K : public rclcpp::Node
[2.542s]       |         [01;36m[K^~~~~~~~~~~[m[K
[4.004s] gmake[2]: *** [CMakeFiles/wholebody_visualization.dir/build.make:76: CMakeFiles/wholebody_visualization.dir/src/joint_state_pub.cpp.o] Error 1
[4.004s] gmake[1]: *** [CMakeFiles/Makefile2:137: CMakeFiles/wholebody_visualization.dir/all] Error 2
[4.004s] gmake: *** [Makefile:146: all] Error 2
[4.007s] Invoked command in '/home/pathfinder/vis_ws/build/wholebody_visualization' returned '2': CMAKE_PREFIX_PATH=${CMAKE_PREFIX_PATH}:/home/pathfinder/ws_moveit2/install/moveit_configs_utils:/home/pathfinder/ws_moveit2/install/launch_param_builder:/opt/ros/humble /usr/bin/cmake --build /home/pathfinder/vis_ws/build/wholebody_visualization -- -j12 -l12
