[ 12%] [34m[1mAutomatic MOC for target rviz_plugin_tutorials[0m
[ 12%] Built target rviz_plugin_tutorials_autogen
[35m[1mConsolidate compiler generated dependencies of target rviz_plugin_tutorials[0m
[100%] Built target rviz_plugin_tutorials
-- Install configuration: ""
-- Up-to-date: /home/pathfinder/vis_ws/install/rviz_plugin_tutorials/share/rviz_plugin_tutorials/plugin_description.xml
-- Up-to-date: /home/pathfinder/vis_ws/install/rviz_plugin_tutorials/lib/rviz_plugin_tutorials/librviz_plugin_tutorials.so
-- Up-to-date: /home/pathfinder/vis_ws/install/rviz_plugin_tutorials/share/rviz_plugin_tutorials/media
-- Up-to-date: /home/pathfinder/vis_ws/install/rviz_plugin_tutorials/share/rviz_plugin_tutorials/media/flag.dae
-- Up-to-date: /home/pathfinder/vis_ws/install/rviz_plugin_tutorials/share/rviz_plugin_tutorials/icons
-- Up-to-date: /home/pathfinder/vis_ws/install/rviz_plugin_tutorials/share/rviz_plugin_tutorials/icons/classes
-- Up-to-date: /home/pathfinder/vis_ws/install/rviz_plugin_tutorials/share/rviz_plugin_tutorials/icons/classes/Teleop.png
-- Up-to-date: /home/pathfinder/vis_ws/install/rviz_plugin_tutorials/share/rviz_plugin_tutorials/icons/classes/Imu.png
-- Up-to-date: /home/pathfinder/vis_ws/install/rviz_plugin_tutorials/share/rviz_plugin_tutorials/icons/classes/PlantFlag.png
-- Up-to-date: /home/pathfinder/vis_ws/install/rviz_plugin_tutorials/lib/rviz_plugin_tutorials/send_test_msgs.py
-- Up-to-date: /home/pathfinder/vis_ws/install/rviz_plugin_tutorials/share/ament_index/resource_index/package_run_dependencies/rviz_plugin_tutorials
-- Up-to-date: /home/pathfinder/vis_ws/install/rviz_plugin_tutorials/share/ament_index/resource_index/parent_prefix_path/rviz_plugin_tutorials
-- Up-to-date: /home/pathfinder/vis_ws/install/rviz_plugin_tutorials/share/rviz_plugin_tutorials/environment/ament_prefix_path.sh
-- Up-to-date: /home/pathfinder/vis_ws/install/rviz_plugin_tutorials/share/rviz_plugin_tutorials/environment/ament_prefix_path.dsv
-- Up-to-date: /home/pathfinder/vis_ws/install/rviz_plugin_tutorials/share/rviz_plugin_tutorials/environment/path.sh
-- Up-to-date: /home/pathfinder/vis_ws/install/rviz_plugin_tutorials/share/rviz_plugin_tutorials/environment/path.dsv
-- Up-to-date: /home/pathfinder/vis_ws/install/rviz_plugin_tutorials/share/rviz_plugin_tutorials/local_setup.bash
-- Up-to-date: /home/pathfinder/vis_ws/install/rviz_plugin_tutorials/share/rviz_plugin_tutorials/local_setup.sh
-- Up-to-date: /home/pathfinder/vis_ws/install/rviz_plugin_tutorials/share/rviz_plugin_tutorials/local_setup.zsh
-- Up-to-date: /home/pathfinder/vis_ws/install/rviz_plugin_tutorials/share/rviz_plugin_tutorials/local_setup.dsv
-- Installing: /home/pathfinder/vis_ws/install/rviz_plugin_tutorials/share/rviz_plugin_tutorials/package.dsv
-- Up-to-date: /home/pathfinder/vis_ws/install/rviz_plugin_tutorials/share/ament_index/resource_index/packages/rviz_plugin_tutorials
-- Up-to-date: /home/pathfinder/vis_ws/install/rviz_plugin_tutorials/share/ament_index/resource_index/rviz_common__pluginlib__plugin/rviz_plugin_tutorials
-- Up-to-date: /home/pathfinder/vis_ws/install/rviz_plugin_tutorials/share/rviz_plugin_tutorials/media
-- Up-to-date: /home/pathfinder/vis_ws/install/rviz_plugin_tutorials/share/rviz_plugin_tutorials/media/flag.dae
-- Up-to-date: /home/pathfinder/vis_ws/install/rviz_plugin_tutorials/share/ament_index/resource_index/rviz_ogre_media_exports/rviz_plugin_tutorials
-- Up-to-date: /home/pathfinder/vis_ws/install/rviz_plugin_tutorials/share/rviz_plugin_tutorials/cmake/ament_cmake_export_dependencies-extras.cmake
-- Up-to-date: /home/pathfinder/vis_ws/install/rviz_plugin_tutorials/share/rviz_plugin_tutorials/cmake/rviz_plugin_tutorialsConfig.cmake
-- Up-to-date: /home/pathfinder/vis_ws/install/rviz_plugin_tutorials/share/rviz_plugin_tutorials/cmake/rviz_plugin_tutorialsConfig-version.cmake
-- Up-to-date: /home/pathfinder/vis_ws/install/rviz_plugin_tutorials/share/rviz_plugin_tutorials/package.xml
