-- The C compiler identification is GNU 11.4.0
-- The CXX compiler identification is GNU 11.4.0
-- Detecting C compiler ABI info
-- Detecting C compiler ABI info - done
-- Check for working C compiler: /usr/bin/cc - skipped
-- Detecting C compile features
-- Detecting C compile features - done
-- Detecting CXX compiler ABI info
-- Detecting CXX compiler ABI info - done
-- Check for working CXX compiler: /usr/bin/c++ - skipped
-- Detecting CXX compile features
-- Detecting CXX compile features - done
-- Found ament_cmake: 1.3.5 (/opt/ros/humble/share/ament_cmake/cmake)
-- Found Python3: /usr/bin/python3.10 (found version "3.10.12") found components: Interpreter 
-- Found interactive_markers: 2.3.2 (/opt/ros/humble/share/interactive_markers/cmake)
-- Found rosidl_generator_c: 3.1.5 (/opt/ros/humble/share/rosidl_generator_c/cmake)
-- Found rosidl_adapter: 3.1.5 (/opt/ros/humble/share/rosidl_adapter/cmake)
-- Found rosidl_generator_cpp: 3.1.5 (/opt/ros/humble/share/rosidl_generator_cpp/cmake)
-- Using all available rosidl_typesupport_c: rosidl_typesupport_fastrtps_c;rosidl_typesupport_introspection_c
-- Using all available rosidl_typesupport_cpp: rosidl_typesupport_fastrtps_cpp;rosidl_typesupport_introspection_cpp
-- Found rmw_implementation_cmake: 6.1.1 (/opt/ros/humble/share/rmw_implementation_cmake/cmake)
-- Found rmw_fastrtps_cpp: 6.2.3 (/opt/ros/humble/share/rmw_fastrtps_cpp/cmake)
-- Found OpenSSL: /usr/lib/x86_64-linux-gnu/libcrypto.so (found version "3.0.2")  
-- Found FastRTPS: /opt/ros/humble/include  
-- Using RMW implementation 'rmw_fastrtps_cpp' as default
-- Looking for pthread.h
-- Looking for pthread.h - found
-- Performing Test CMAKE_HAVE_LIBC_PTHREAD
-- Performing Test CMAKE_HAVE_LIBC_PTHREAD - Success
-- Found Threads: TRUE  
-- Found rclcpp_components: 16.0.5 (/opt/ros/humble/share/rclcpp_components/cmake)
-- Found tf2_geometry_msgs: 0.25.3 (/opt/ros/humble/share/tf2_geometry_msgs/cmake)
-- Found eigen3_cmake_module: 0.1.1 (/opt/ros/humble/share/eigen3_cmake_module/cmake)
-- Found Eigen3: TRUE (found version "3.4.0") 
-- Ensuring Eigen3 include directory is part of orocos-kdl CMake target
-- Found ament_lint_auto: 0.12.7 (/opt/ros/humble/share/ament_lint_auto/cmake)
-- Added test 'copyright' to check source files copyright and LICENSE
-- Added test 'cppcheck' to perform static code analysis on C / C++ code
-- Configured cppcheck include dirs: 
-- Configured cppcheck exclude dirs and/or files: 
-- Added test 'cpplint' to check C / C++ code against the Google style
-- Configured cpplint exclude dirs and/or files: 
-- Added test 'flake8' to check Python code syntax and style conventions
-- Added test 'lint_cmake' to check CMake code style
-- Added test 'pep257' to check Python code against some of the docstring style conventions in PEP 257
-- Added test 'uncrustify' to check C / C++ code style
-- Configured uncrustify additional arguments: 
-- Added test 'xmllint' to check XML markup files
-- Configuring done
-- Generating done
-- Build files have been written to: /home/pathfinder/vis_ws/build/interactive_marker_tutorials
[ 14%] [32mBuilding CXX object CMakeFiles/simple_marker.dir/src/simple_marker.cpp.o[0m
[ 21%] [32mBuilding CXX object CMakeFiles/basic_controls.dir/src/basic_controls.cpp.o[0m
[ 21%] [32mBuilding CXX object CMakeFiles/cube.dir/src/cube.cpp.o[0m
[ 28%] [32mBuilding CXX object CMakeFiles/menu.dir/src/menu.cpp.o[0m
[ 35%] [32mBuilding CXX object CMakeFiles/selection.dir/src/selection.cpp.o[0m
[ 42%] [32mBuilding CXX object CMakeFiles/pong_library.dir/src/pong.cpp.o[0m
[ 50%] [32mBuilding CXX object CMakeFiles/pong.dir/rclcpp_components/node_main_pong.cpp.o[0m
[ 57%] [32m[1mLinking CXX executable pong[0m
[ 64%] [32m[1mLinking CXX executable menu[0m
[ 64%] Built target pong
[ 64%] Built target menu
[ 71%] [32m[1mLinking CXX executable selection[0m
[ 71%] Built target selection
[ 78%] [32m[1mLinking CXX shared library libpong_library.so[0m
[ 78%] Built target pong_library
[ 85%] [32m[1mLinking CXX executable cube[0m
[ 92%] [32m[1mLinking CXX executable simple_marker[0m
[ 92%] Built target cube
[ 92%] Built target simple_marker
[100%] [32m[1mLinking CXX executable basic_controls[0m
[100%] Built target basic_controls
-- Install configuration: ""
-- Installing: /home/pathfinder/vis_ws/install/interactive_marker_tutorials/lib/interactive_marker_tutorials/pong
-- Set runtime path of "/home/pathfinder/vis_ws/install/interactive_marker_tutorials/lib/interactive_marker_tutorials/pong" to ""
-- Installing: /home/pathfinder/vis_ws/install/interactive_marker_tutorials/bin/basic_controls.py
-- Installing: /home/pathfinder/vis_ws/install/interactive_marker_tutorials/bin/cube.py
-- Installing: /home/pathfinder/vis_ws/install/interactive_marker_tutorials/bin/menu.py
-- Installing: /home/pathfinder/vis_ws/install/interactive_marker_tutorials/bin/simple_marker.py
-- Installing: /home/pathfinder/vis_ws/install/interactive_marker_tutorials/lib/libpong_library.so
-- Set runtime path of "/home/pathfinder/vis_ws/install/interactive_marker_tutorials/lib/libpong_library.so" to ""
-- Installing: /home/pathfinder/vis_ws/install/interactive_marker_tutorials/lib/interactive_marker_tutorials/basic_controls
-- Set runtime path of "/home/pathfinder/vis_ws/install/interactive_marker_tutorials/lib/interactive_marker_tutorials/basic_controls" to ""
-- Installing: /home/pathfinder/vis_ws/install/interactive_marker_tutorials/lib/interactive_marker_tutorials/cube
-- Set runtime path of "/home/pathfinder/vis_ws/install/interactive_marker_tutorials/lib/interactive_marker_tutorials/cube" to ""
-- Installing: /home/pathfinder/vis_ws/install/interactive_marker_tutorials/lib/interactive_marker_tutorials/selection
-- Set runtime path of "/home/pathfinder/vis_ws/install/interactive_marker_tutorials/lib/interactive_marker_tutorials/selection" to ""
-- Installing: /home/pathfinder/vis_ws/install/interactive_marker_tutorials/lib/interactive_marker_tutorials/simple_marker
-- Set runtime path of "/home/pathfinder/vis_ws/install/interactive_marker_tutorials/lib/interactive_marker_tutorials/simple_marker" to ""
-- Installing: /home/pathfinder/vis_ws/install/interactive_marker_tutorials/lib/interactive_marker_tutorials/menu
-- Set runtime path of "/home/pathfinder/vis_ws/install/interactive_marker_tutorials/lib/interactive_marker_tutorials/menu" to ""
-- Installing: /home/pathfinder/vis_ws/install/interactive_marker_tutorials/share/ament_index/resource_index/package_run_dependencies/interactive_marker_tutorials
-- Installing: /home/pathfinder/vis_ws/install/interactive_marker_tutorials/share/ament_index/resource_index/parent_prefix_path/interactive_marker_tutorials
-- Installing: /home/pathfinder/vis_ws/install/interactive_marker_tutorials/share/interactive_marker_tutorials/environment/ament_prefix_path.sh
-- Installing: /home/pathfinder/vis_ws/install/interactive_marker_tutorials/share/interactive_marker_tutorials/environment/ament_prefix_path.dsv
-- Installing: /home/pathfinder/vis_ws/install/interactive_marker_tutorials/share/interactive_marker_tutorials/environment/path.sh
-- Installing: /home/pathfinder/vis_ws/install/interactive_marker_tutorials/share/interactive_marker_tutorials/environment/path.dsv
-- Installing: /home/pathfinder/vis_ws/install/interactive_marker_tutorials/share/interactive_marker_tutorials/local_setup.bash
-- Installing: /home/pathfinder/vis_ws/install/interactive_marker_tutorials/share/interactive_marker_tutorials/local_setup.sh
-- Installing: /home/pathfinder/vis_ws/install/interactive_marker_tutorials/share/interactive_marker_tutorials/local_setup.zsh
-- Installing: /home/pathfinder/vis_ws/install/interactive_marker_tutorials/share/interactive_marker_tutorials/local_setup.dsv
-- Installing: /home/pathfinder/vis_ws/install/interactive_marker_tutorials/share/interactive_marker_tutorials/package.dsv
-- Installing: /home/pathfinder/vis_ws/install/interactive_marker_tutorials/share/ament_index/resource_index/packages/interactive_marker_tutorials
-- Installing: /home/pathfinder/vis_ws/install/interactive_marker_tutorials/share/ament_index/resource_index/rclcpp_components/interactive_marker_tutorials
-- Installing: /home/pathfinder/vis_ws/install/interactive_marker_tutorials/share/interactive_marker_tutorials/cmake/ament_cmake_export_dependencies-extras.cmake
-- Installing: /home/pathfinder/vis_ws/install/interactive_marker_tutorials/share/interactive_marker_tutorials/cmake/interactive_marker_tutorialsConfig.cmake
-- Installing: /home/pathfinder/vis_ws/install/interactive_marker_tutorials/share/interactive_marker_tutorials/cmake/interactive_marker_tutorialsConfig-version.cmake
-- Installing: /home/pathfinder/vis_ws/install/interactive_marker_tutorials/share/interactive_marker_tutorials/package.xml
