[0.029s] Invoking command in '/home/pathfinder/vis_ws/build/rviz_plugin_tutorials': CMAKE_PREFIX_PATH=${CMAKE_PREFIX_PATH}:/home/pathfinder/ws_moveit2/install/moveit_configs_utils:/home/pathfinder/ws_moveit2/install/launch_param_builder:/opt/ros/humble /usr/bin/cmake --build /home/pathfinder/vis_ws/build/rviz_plugin_tutorials -- -j12 -l12
[0.091s] [ 12%] [34m[1mAutomatic MOC for target rviz_plugin_tutorials[0m
[0.112s] [ 12%] Built target rviz_plugin_tutorials_autogen
[0.143s] [100%] Built target rviz_plugin_tutorials
[0.152s] Invoked command in '/home/pathfinder/vis_ws/build/rviz_plugin_tutorials' returned '0': CMAKE_PREFIX_PATH=${CMAKE_PREFIX_PATH}:/home/pathfinder/ws_moveit2/install/moveit_configs_utils:/home/pathfinder/ws_moveit2/install/launch_param_builder:/opt/ros/humble /usr/bin/cmake --build /home/pathfinder/vis_ws/build/rviz_plugin_tutorials -- -j12 -l12
[0.214s] Invoking command in '/home/pathfinder/vis_ws/build/rviz_plugin_tutorials': CMAKE_PREFIX_PATH=${CMAKE_PREFIX_PATH}:/home/pathfinder/ws_moveit2/install/moveit_configs_utils:/home/pathfinder/ws_moveit2/install/launch_param_builder:/opt/ros/humble /usr/bin/cmake --install /home/pathfinder/vis_ws/build/rviz_plugin_tutorials
[0.222s] -- Install configuration: ""
[0.222s] -- Up-to-date: /home/pathfinder/vis_ws/install/rviz_plugin_tutorials/share/rviz_plugin_tutorials/plugin_description.xml
[0.222s] -- Up-to-date: /home/pathfinder/vis_ws/install/rviz_plugin_tutorials/lib/rviz_plugin_tutorials/librviz_plugin_tutorials.so
[0.222s] -- Up-to-date: /home/pathfinder/vis_ws/install/rviz_plugin_tutorials/share/rviz_plugin_tutorials/media
[0.222s] -- Up-to-date: /home/pathfinder/vis_ws/install/rviz_plugin_tutorials/share/rviz_plugin_tutorials/media/flag.dae
[0.222s] -- Up-to-date: /home/pathfinder/vis_ws/install/rviz_plugin_tutorials/share/rviz_plugin_tutorials/icons
[0.222s] -- Up-to-date: /home/pathfinder/vis_ws/install/rviz_plugin_tutorials/share/rviz_plugin_tutorials/icons/classes
[0.222s] -- Up-to-date: /home/pathfinder/vis_ws/install/rviz_plugin_tutorials/share/rviz_plugin_tutorials/icons/classes/Teleop.png
[0.222s] -- Up-to-date: /home/pathfinder/vis_ws/install/rviz_plugin_tutorials/share/rviz_plugin_tutorials/icons/classes/Imu.png
[0.223s] -- Up-to-date: /home/pathfinder/vis_ws/install/rviz_plugin_tutorials/share/rviz_plugin_tutorials/icons/classes/PlantFlag.png
[0.223s] -- Up-to-date: /home/pathfinder/vis_ws/install/rviz_plugin_tutorials/lib/rviz_plugin_tutorials/send_test_msgs.py
[0.223s] -- Up-to-date: /home/pathfinder/vis_ws/install/rviz_plugin_tutorials/share/ament_index/resource_index/package_run_dependencies/rviz_plugin_tutorials
[0.223s] -- Up-to-date: /home/pathfinder/vis_ws/install/rviz_plugin_tutorials/share/ament_index/resource_index/parent_prefix_path/rviz_plugin_tutorials
[0.223s] -- Up-to-date: /home/pathfinder/vis_ws/install/rviz_plugin_tutorials/share/rviz_plugin_tutorials/environment/ament_prefix_path.sh
[0.223s] -- Up-to-date: /home/pathfinder/vis_ws/install/rviz_plugin_tutorials/share/rviz_plugin_tutorials/environment/ament_prefix_path.dsv
[0.223s] -- Up-to-date: /home/pathfinder/vis_ws/install/rviz_plugin_tutorials/share/rviz_plugin_tutorials/environment/path.sh
[0.223s] -- Up-to-date: /home/pathfinder/vis_ws/install/rviz_plugin_tutorials/share/rviz_plugin_tutorials/environment/path.dsv
[0.223s] -- Up-to-date: /home/pathfinder/vis_ws/install/rviz_plugin_tutorials/share/rviz_plugin_tutorials/local_setup.bash
[0.223s] -- Up-to-date: /home/pathfinder/vis_ws/install/rviz_plugin_tutorials/share/rviz_plugin_tutorials/local_setup.sh
[0.223s] -- Up-to-date: /home/pathfinder/vis_ws/install/rviz_plugin_tutorials/share/rviz_plugin_tutorials/local_setup.zsh
[0.223s] -- Up-to-date: /home/pathfinder/vis_ws/install/rviz_plugin_tutorials/share/rviz_plugin_tutorials/local_setup.dsv
[0.223s] -- Installing: /home/pathfinder/vis_ws/install/rviz_plugin_tutorials/share/rviz_plugin_tutorials/package.dsv
[0.223s] -- Up-to-date: /home/pathfinder/vis_ws/install/rviz_plugin_tutorials/share/ament_index/resource_index/packages/rviz_plugin_tutorials
[0.224s] -- Up-to-date: /home/pathfinder/vis_ws/install/rviz_plugin_tutorials/share/ament_index/resource_index/rviz_common__pluginlib__plugin/rviz_plugin_tutorials
[0.224s] -- Up-to-date: /home/pathfinder/vis_ws/install/rviz_plugin_tutorials/share/rviz_plugin_tutorials/media
[0.224s] -- Up-to-date: /home/pathfinder/vis_ws/install/rviz_plugin_tutorials/share/rviz_plugin_tutorials/media/flag.dae
[0.224s] -- Up-to-date: /home/pathfinder/vis_ws/install/rviz_plugin_tutorials/share/ament_index/resource_index/rviz_ogre_media_exports/rviz_plugin_tutorials
[0.224s] -- Up-to-date: /home/pathfinder/vis_ws/install/rviz_plugin_tutorials/share/rviz_plugin_tutorials/cmake/ament_cmake_export_dependencies-extras.cmake
[0.224s] -- Up-to-date: /home/pathfinder/vis_ws/install/rviz_plugin_tutorials/share/rviz_plugin_tutorials/cmake/rviz_plugin_tutorialsConfig.cmake
[0.224s] -- Up-to-date: /home/pathfinder/vis_ws/install/rviz_plugin_tutorials/share/rviz_plugin_tutorials/cmake/rviz_plugin_tutorialsConfig-version.cmake
[0.224s] -- Up-to-date: /home/pathfinder/vis_ws/install/rviz_plugin_tutorials/share/rviz_plugin_tutorials/package.xml
[0.229s] Invoked command in '/home/pathfinder/vis_ws/build/rviz_plugin_tutorials' returned '0': CMAKE_PREFIX_PATH=${CMAKE_PREFIX_PATH}:/home/pathfinder/ws_moveit2/install/moveit_configs_utils:/home/pathfinder/ws_moveit2/install/launch_param_builder:/opt/ros/humble /usr/bin/cmake --install /home/pathfinder/vis_ws/build/rviz_plugin_tutorials
