[0.021s] Invoking command in '/home/pathfinder/vis_ws/build/wholebody_visualization': CMAKE_PREFIX_PATH=${CMAKE_PREFIX_PATH}:/home/pathfinder/ws_moveit2/install/moveit_configs_utils:/home/pathfinder/ws_moveit2/install/launch_param_builder:/opt/ros/humble /usr/bin/cmake --build /home/pathfinder/vis_ws/build/wholebody_visualization -- -j12 -l12
[0.070s] [35m[1mConsolidate compiler generated dependencies of target wholebody_visualization[0m
[0.087s] [ 50%] [32mBuilding CXX object CMakeFiles/wholebody_visualization.dir/src/joint_state_pub.cpp.o[0m
[1.800s] In file included from [01m[K/usr/include/c++/11/memory:76[m[K,
[1.801s]                  from [01m[K/opt/ros/humble/include/rclcpp/rclcpp/rclcpp.hpp:153[m[K,
[1.801s]                  from [01m[K/home/pathfinder/vis_ws/src/wholebody_visualization/include/joint_state_pub.h:4[m[K,
[1.801s]                  from [01m[K/home/pathfinder/vis_ws/src/wholebody_visualization/src/joint_state_pub.cpp:1[m[K:
[1.801s] /usr/include/c++/11/bits/unique_ptr.h: In instantiation of ‘[01m[Ktypename std::_MakeUniq<_Tp>::__single_object std::make_unique(_Args&& ...) [with _Tp = interactive_markers::InteractiveMarkerServer; _Args = {const char (&)[10]}; typename std::_MakeUniq<_Tp>::__single_object = std::unique_ptr<interactive_markers::InteractiveMarkerServer>][m[K’:
[1.801s] [01m[K/home/pathfinder/vis_ws/src/wholebody_visualization/src/joint_state_pub.cpp:103:75:[m[K   required from here
[1.801s] [01m[K/usr/include/c++/11/bits/unique_ptr.h:962:30:[m[K [01;31m[Kerror: [m[Kno matching function for call to ‘[01m[Kinteractive_markers::InteractiveMarkerServer::InteractiveMarkerServer(const char [10])[m[K’
[1.801s]   962 |     { return unique_ptr<_Tp>([01;31m[Knew _Tp(std::forward<_Args>(__args)...)[m[K); }
[1.801s]       |                              [01;31m[K^~~~~~~~~~~~~~~~~~~~~~~~~~~~~~~~~~~~~~~[m[K
[1.801s] In file included from [01m[K/home/pathfinder/vis_ws/src/wholebody_visualization/include/joint_state_pub.h:19[m[K,
[1.801s]                  from [01m[K/home/pathfinder/vis_ws/src/wholebody_visualization/src/joint_state_pub.cpp:1[m[K:
[1.801s] [01m[K/opt/ros/humble/include/interactive_markers/interactive_markers/interactive_marker_server.hpp:89:3:[m[K [01;36m[Knote: [m[Kcandidate: ‘[01m[Ktemplate<class NodePtr> interactive_markers::InteractiveMarkerServer::InteractiveMarkerServer(const string&, NodePtr, const rclcpp::QoS&, const rclcpp::QoS&)[m[K’
[1.801s]    89 |   [01;36m[KInteractiveMarkerServer[m[K(
[1.801s]       |   [01;36m[K^~~~~~~~~~~~~~~~~~~~~~~[m[K
[1.801s] [01m[K/opt/ros/humble/include/interactive_markers/interactive_markers/interactive_marker_server.hpp:89:3:[m[K [01;36m[Knote: [m[K  template argument deduction/substitution failed:
[1.801s] In file included from [01m[K/usr/include/c++/11/memory:76[m[K,
[1.801s]                  from [01m[K/opt/ros/humble/include/rclcpp/rclcpp/rclcpp.hpp:153[m[K,
[1.801s]                  from [01m[K/home/pathfinder/vis_ws/src/wholebody_visualization/include/joint_state_pub.h:4[m[K,
[1.801s]                  from [01m[K/home/pathfinder/vis_ws/src/wholebody_visualization/src/joint_state_pub.cpp:1[m[K:
[1.801s] [01m[K/usr/include/c++/11/bits/unique_ptr.h:962:30:[m[K [01;36m[Knote: [m[K  candidate expects 4 arguments, 1 provided
[1.801s]   962 |     { return unique_ptr<_Tp>([01;36m[Knew _Tp(std::forward<_Args>(__args)...)[m[K); }
[1.801s]       |                              [01;36m[K^~~~~~~~~~~~~~~~~~~~~~~~~~~~~~~~~~~~~~~[m[K
[1.801s] In file included from [01m[K/home/pathfinder/vis_ws/src/wholebody_visualization/include/joint_state_pub.h:19[m[K,
[1.801s]                  from [01m[K/home/pathfinder/vis_ws/src/wholebody_visualization/src/joint_state_pub.cpp:1[m[K:
[1.801s] [01m[K/opt/ros/humble/include/interactive_markers/interactive_markers/interactive_marker_server.hpp:78:3:[m[K [01;36m[Knote: [m[Kcandidate: ‘[01m[Kinteractive_markers::InteractiveMarkerServer::InteractiveMarkerServer(const string&, rclcpp::node_interfaces::NodeBaseInterface::SharedPtr, rclcpp::node_interfaces::NodeClockInterface::SharedPtr, rclcpp::node_interfaces::NodeLoggingInterface::SharedPtr, rclcpp::node_interfaces::NodeTopicsInterface::SharedPtr, rclcpp::node_interfaces::NodeServicesInterface::SharedPtr, const rclcpp::QoS&, const rclcpp::QoS&)[m[K’
[1.801s]    78 |   [01;36m[KInteractiveMarkerServer[m[K(
[1.801s]       |   [01;36m[K^~~~~~~~~~~~~~~~~~~~~~~[m[K
[1.801s] [01m[K/opt/ros/humble/include/interactive_markers/interactive_markers/interactive_marker_server.hpp:78:3:[m[K [01;36m[Knote: [m[K  candidate expects 8 arguments, 1 provided
[3.357s] gmake[2]: *** [CMakeFiles/wholebody_visualization.dir/build.make:76: CMakeFiles/wholebody_visualization.dir/src/joint_state_pub.cpp.o] Error 1
[3.357s] gmake[1]: *** [CMakeFiles/Makefile2:137: CMakeFiles/wholebody_visualization.dir/all] Error 2
[3.357s] gmake: *** [Makefile:146: all] Error 2
[3.359s] Invoked command in '/home/pathfinder/vis_ws/build/wholebody_visualization' returned '2': CMAKE_PREFIX_PATH=${CMAKE_PREFIX_PATH}:/home/pathfinder/ws_moveit2/install/moveit_configs_utils:/home/pathfinder/ws_moveit2/install/launch_param_builder:/opt/ros/humble /usr/bin/cmake --build /home/pathfinder/vis_ws/build/wholebody_visualization -- -j12 -l12
