[0.027s] Invoking command in '/home/pathfinder/vis_ws/build/wholebody_visualization': CMAKE_PREFIX_PATH=${CMAKE_PREFIX_PATH}:/home/pathfinder/ws_moveit2/install/moveit_configs_utils:/home/pathfinder/ws_moveit2/install/launch_param_builder:/opt/ros/humble /usr/bin/cmake --build /home/pathfinder/vis_ws/build/wholebody_visualization -- -j12 -l12
[0.081s] [35m[1mConsolidate compiler generated dependencies of target wholebody_visualization[0m
[0.100s] [ 50%] [32mBuilding CXX object CMakeFiles/wholebody_visualization.dir/src/joint_state_pub.cpp.o[0m
[5.713s] [100%] [32m[1mLinking CXX executable wholebody_visualization[0m
[6.025s] [100%] Built target wholebody_visualization
[6.037s] Invoked command in '/home/pathfinder/vis_ws/build/wholebody_visualization' returned '0': CMAKE_PREFIX_PATH=${CMAKE_PREFIX_PATH}:/home/pathfinder/ws_moveit2/install/moveit_configs_utils:/home/pathfinder/ws_moveit2/install/launch_param_builder:/opt/ros/humble /usr/bin/cmake --build /home/pathfinder/vis_ws/build/wholebody_visualization -- -j12 -l12
[6.061s] Invoking command in '/home/pathfinder/vis_ws/build/wholebody_visualization': CMAKE_PREFIX_PATH=${CMAKE_PREFIX_PATH}:/home/pathfinder/ws_moveit2/install/moveit_configs_utils:/home/pathfinder/ws_moveit2/install/launch_param_builder:/opt/ros/humble /usr/bin/cmake --install /home/pathfinder/vis_ws/build/wholebody_visualization
[6.066s] -- Install configuration: ""
[6.066s] -- Up-to-date: /home/pathfinder/vis_ws/install/wholebody_visualization/share/wholebody_visualization/launch
[6.066s] -- Up-to-date: /home/pathfinder/vis_ws/install/wholebody_visualization/share/wholebody_visualization/launch/rviz.launch.py
[6.066s] -- Installing: /home/pathfinder/vis_ws/install/wholebody_visualization/lib/wholebody_visualization/wholebody_visualization
[6.069s] -- Set runtime path of "/home/pathfinder/vis_ws/install/wholebody_visualization/lib/wholebody_visualization/wholebody_visualization" to ""
[6.069s] -- Up-to-date: /home/pathfinder/vis_ws/install/wholebody_visualization/share/ament_index/resource_index/package_run_dependencies/wholebody_visualization
[6.069s] -- Up-to-date: /home/pathfinder/vis_ws/install/wholebody_visualization/share/ament_index/resource_index/parent_prefix_path/wholebody_visualization
[6.069s] -- Up-to-date: /home/pathfinder/vis_ws/install/wholebody_visualization/share/wholebody_visualization/environment/ament_prefix_path.sh
[6.069s] -- Up-to-date: /home/pathfinder/vis_ws/install/wholebody_visualization/share/wholebody_visualization/environment/ament_prefix_path.dsv
[6.069s] -- Up-to-date: /home/pathfinder/vis_ws/install/wholebody_visualization/share/wholebody_visualization/environment/path.sh
[6.069s] -- Up-to-date: /home/pathfinder/vis_ws/install/wholebody_visualization/share/wholebody_visualization/environment/path.dsv
[6.069s] -- Up-to-date: /home/pathfinder/vis_ws/install/wholebody_visualization/share/wholebody_visualization/local_setup.bash
[6.069s] -- Up-to-date: /home/pathfinder/vis_ws/install/wholebody_visualization/share/wholebody_visualization/local_setup.sh
[6.069s] -- Up-to-date: /home/pathfinder/vis_ws/install/wholebody_visualization/share/wholebody_visualization/local_setup.zsh
[6.070s] -- Up-to-date: /home/pathfinder/vis_ws/install/wholebody_visualization/share/wholebody_visualization/local_setup.dsv
[6.070s] -- Installing: /home/pathfinder/vis_ws/install/wholebody_visualization/share/wholebody_visualization/package.dsv
[6.070s] -- Up-to-date: /home/pathfinder/vis_ws/install/wholebody_visualization/share/ament_index/resource_index/packages/wholebody_visualization
[6.072s] -- Up-to-date: /home/pathfinder/vis_ws/install/wholebody_visualization/share/wholebody_visualization/cmake/wholebody_visualizationConfig.cmake
[6.072s] -- Up-to-date: /home/pathfinder/vis_ws/install/wholebody_visualization/share/wholebody_visualization/cmake/wholebody_visualizationConfig-version.cmake
[6.072s] -- Up-to-date: /home/pathfinder/vis_ws/install/wholebody_visualization/share/wholebody_visualization/package.xml
[6.073s] Invoked command in '/home/pathfinder/vis_ws/build/wholebody_visualization' returned '0': CMAKE_PREFIX_PATH=${CMAKE_PREFIX_PATH}:/home/pathfinder/ws_moveit2/install/moveit_configs_utils:/home/pathfinder/ws_moveit2/install/launch_param_builder:/opt/ros/humble /usr/bin/cmake --install /home/pathfinder/vis_ws/build/wholebody_visualization
