[  7%] [32mBuilding CXX object CMakeFiles/basic_controls.dir/src/basic_controls.cpp.o[0m
[ 28%] Built target cube
[ 42%] Built target pong
[ 50%] Built target simple_marker
[ 64%] Built target menu
[ 78%] Built target pong_library
[ 92%] Built target selection
[100%] [32m[1mLinking CXX executable basic_controls[0m
[100%] Built target basic_controls
-- Install configuration: ""
-- Up-to-date: /home/pathfinder/vis_ws/install/interactive_marker_tutorials/lib/interactive_marker_tutorials/pong
-- Up-to-date: /home/pathfinder/vis_ws/install/interactive_marker_tutorials/bin/basic_controls.py
-- Up-to-date: /home/pathfinder/vis_ws/install/interactive_marker_tutorials/bin/cube.py
-- Up-to-date: /home/pathfinder/vis_ws/install/interactive_marker_tutorials/bin/menu.py
-- Up-to-date: /home/pathfinder/vis_ws/install/interactive_marker_tutorials/bin/simple_marker.py
-- Up-to-date: /home/pathfinder/vis_ws/install/interactive_marker_tutorials/lib/libpong_library.so
-- Installing: /home/pathfinder/vis_ws/install/interactive_marker_tutorials/lib/interactive_marker_tutorials/basic_controls
-- Set runtime path of "/home/pathfinder/vis_ws/install/interactive_marker_tutorials/lib/interactive_marker_tutorials/basic_controls" to ""
-- Up-to-date: /home/pathfinder/vis_ws/install/interactive_marker_tutorials/lib/interactive_marker_tutorials/cube
-- Up-to-date: /home/pathfinder/vis_ws/install/interactive_marker_tutorials/lib/interactive_marker_tutorials/selection
-- Up-to-date: /home/pathfinder/vis_ws/install/interactive_marker_tutorials/lib/interactive_marker_tutorials/simple_marker
-- Up-to-date: /home/pathfinder/vis_ws/install/interactive_marker_tutorials/lib/interactive_marker_tutorials/menu
-- Up-to-date: /home/pathfinder/vis_ws/install/interactive_marker_tutorials/share/ament_index/resource_index/package_run_dependencies/interactive_marker_tutorials
-- Up-to-date: /home/pathfinder/vis_ws/install/interactive_marker_tutorials/share/ament_index/resource_index/parent_prefix_path/interactive_marker_tutorials
-- Up-to-date: /home/pathfinder/vis_ws/install/interactive_marker_tutorials/share/interactive_marker_tutorials/environment/ament_prefix_path.sh
-- Up-to-date: /home/pathfinder/vis_ws/install/interactive_marker_tutorials/share/interactive_marker_tutorials/environment/ament_prefix_path.dsv
-- Up-to-date: /home/pathfinder/vis_ws/install/interactive_marker_tutorials/share/interactive_marker_tutorials/environment/path.sh
-- Up-to-date: /home/pathfinder/vis_ws/install/interactive_marker_tutorials/share/interactive_marker_tutorials/environment/path.dsv
-- Up-to-date: /home/pathfinder/vis_ws/install/interactive_marker_tutorials/share/interactive_marker_tutorials/local_setup.bash
-- Up-to-date: /home/pathfinder/vis_ws/install/interactive_marker_tutorials/share/interactive_marker_tutorials/local_setup.sh
-- Up-to-date: /home/pathfinder/vis_ws/install/interactive_marker_tutorials/share/interactive_marker_tutorials/local_setup.zsh
-- Up-to-date: /home/pathfinder/vis_ws/install/interactive_marker_tutorials/share/interactive_marker_tutorials/local_setup.dsv
-- Installing: /home/pathfinder/vis_ws/install/interactive_marker_tutorials/share/interactive_marker_tutorials/package.dsv
-- Up-to-date: /home/pathfinder/vis_ws/install/interactive_marker_tutorials/share/ament_index/resource_index/packages/interactive_marker_tutorials
-- Up-to-date: /home/pathfinder/vis_ws/install/interactive_marker_tutorials/share/ament_index/resource_index/rclcpp_components/interactive_marker_tutorials
-- Up-to-date: /home/pathfinder/vis_ws/install/interactive_marker_tutorials/share/interactive_marker_tutorials/cmake/ament_cmake_export_dependencies-extras.cmake
-- Up-to-date: /home/pathfinder/vis_ws/install/interactive_marker_tutorials/share/interactive_marker_tutorials/cmake/interactive_marker_tutorialsConfig.cmake
-- Up-to-date: /home/pathfinder/vis_ws/install/interactive_marker_tutorials/share/interactive_marker_tutorials/cmake/interactive_marker_tutorialsConfig-version.cmake
-- Up-to-date: /home/pathfinder/vis_ws/install/interactive_marker_tutorials/share/interactive_marker_tutorials/package.xml
