-- The C compiler identification is GNU 11.4.0
-- The CXX compiler identification is GNU 11.4.0
-- Detecting C compiler ABI info
-- Detecting C compiler ABI info - done
-- Check for working C compiler: /usr/bin/cc - skipped
-- Detecting C compile features
-- Detecting C compile features - done
-- Detecting CXX compiler ABI info
-- Detecting CXX compiler ABI info - done
-- Check for working CXX compiler: /usr/bin/c++ - skipped
-- Detecting CXX compile features
-- Detecting CXX compile features - done
-- Found ament_cmake: 1.3.5 (/opt/ros/humble/share/ament_cmake/cmake)
-- Found Python3: /usr/bin/python3.10 (found version "3.10.12") found components: Interpreter 
-- Configuring done
-- Generating done
-- Build files have been written to: /home/pathfinder/vis_ws/build/visualization_tutorials
-- Install configuration: ""
-- Installing: /home/pathfinder/vis_ws/install/visualization_tutorials/share/ament_index/resource_index/package_run_dependencies/visualization_tutorials
-- Installing: /home/pathfinder/vis_ws/install/visualization_tutorials/share/ament_index/resource_index/parent_prefix_path/visualization_tutorials
-- Installing: /home/pathfinder/vis_ws/install/visualization_tutorials/share/visualization_tutorials/environment/ament_prefix_path.sh
-- Installing: /home/pathfinder/vis_ws/install/visualization_tutorials/share/visualization_tutorials/environment/ament_prefix_path.dsv
-- Installing: /home/pathfinder/vis_ws/install/visualization_tutorials/share/visualization_tutorials/environment/path.sh
-- Installing: /home/pathfinder/vis_ws/install/visualization_tutorials/share/visualization_tutorials/environment/path.dsv
-- Installing: /home/pathfinder/vis_ws/install/visualization_tutorials/share/visualization_tutorials/local_setup.bash
-- Installing: /home/pathfinder/vis_ws/install/visualization_tutorials/share/visualization_tutorials/local_setup.sh
-- Installing: /home/pathfinder/vis_ws/install/visualization_tutorials/share/visualization_tutorials/local_setup.zsh
-- Installing: /home/pathfinder/vis_ws/install/visualization_tutorials/share/visualization_tutorials/local_setup.dsv
-- Installing: /home/pathfinder/vis_ws/install/visualization_tutorials/share/visualization_tutorials/package.dsv
-- Installing: /home/pathfinder/vis_ws/install/visualization_tutorials/share/ament_index/resource_index/packages/visualization_tutorials
-- Installing: /home/pathfinder/vis_ws/install/visualization_tutorials/share/visualization_tutorials/cmake/visualization_tutorialsConfig.cmake
-- Installing: /home/pathfinder/vis_ws/install/visualization_tutorials/share/visualization_tutorials/cmake/visualization_tutorialsConfig-version.cmake
-- Installing: /home/pathfinder/vis_ws/install/visualization_tutorials/share/visualization_tutorials/package.xml
