[0.027s] Invoking command in '/home/pathfinder/vis_ws/build/wholebody_description': CMAKE_PREFIX_PATH=${CMAKE_PREFIX_PATH}:/home/pathfinder/ws_moveit2/install/moveit_configs_utils:/home/pathfinder/ws_moveit2/install/launch_param_builder:/opt/ros/humble /usr/bin/cmake --build /home/pathfinder/vis_ws/build/wholebody_description -- -j12 -l12
[0.069s] Invoked command in '/home/pathfinder/vis_ws/build/wholebody_description' returned '0': CMAKE_PREFIX_PATH=${CMAKE_PREFIX_PATH}:/home/pathfinder/ws_moveit2/install/moveit_configs_utils:/home/pathfinder/ws_moveit2/install/launch_param_builder:/opt/ros/humble /usr/bin/cmake --build /home/pathfinder/vis_ws/build/wholebody_description -- -j12 -l12
[0.107s] Invoking command in '/home/pathfinder/vis_ws/build/wholebody_description': CMAKE_PREFIX_PATH=${CMAKE_PREFIX_PATH}:/home/pathfinder/ws_moveit2/install/moveit_configs_utils:/home/pathfinder/ws_moveit2/install/launch_param_builder:/opt/ros/humble /usr/bin/cmake --install /home/pathfinder/vis_ws/build/wholebody_description
[0.116s] -- Install configuration: ""
[0.117s] -- Up-to-date: /home/pathfinder/vis_ws/install/wholebody_description/share/wholebody_description/launch
[0.117s] -- Up-to-date: /home/pathfinder/vis_ws/install/wholebody_description/share/wholebody_description/launch/rviz.launch.py
[0.117s] -- Up-to-date: /home/pathfinder/vis_ws/install/wholebody_description/share/wholebody_description/meshes
[0.117s] -- Up-to-date: /home/pathfinder/vis_ws/install/wholebody_description/share/wholebody_description/meshes/hip_roll.STL
[0.117s] -- Up-to-date: /home/pathfinder/vis_ws/install/wholebody_description/share/wholebody_description/meshes/arm_link_02.STL
[0.117s] -- Up-to-date: /home/pathfinder/vis_ws/install/wholebody_description/share/wholebody_description/meshes/arm_link_06.STL
[0.117s] -- Up-to-date: /home/pathfinder/vis_ws/install/wholebody_description/share/wholebody_description/meshes/foot.STL
[0.117s] -- Up-to-date: /home/pathfinder/vis_ws/install/wholebody_description/share/wholebody_description/meshes/arm_link_04.STL
[0.117s] -- Up-to-date: /home/pathfinder/vis_ws/install/wholebody_description/share/wholebody_description/meshes/body_new.STL
[0.117s] -- Up-to-date: /home/pathfinder/vis_ws/install/wholebody_description/share/wholebody_description/meshes/hip_yaw.STL
[0.117s] -- Up-to-date: /home/pathfinder/vis_ws/install/wholebody_description/share/wholebody_description/meshes/tarsus.STL
[0.118s] -- Up-to-date: /home/pathfinder/vis_ws/install/wholebody_description/share/wholebody_description/meshes/body.STL
[0.118s] -- Up-to-date: /home/pathfinder/vis_ws/install/wholebody_description/share/wholebody_description/meshes/arm_link_03.STL
[0.118s] -- Up-to-date: /home/pathfinder/vis_ws/install/wholebody_description/share/wholebody_description/meshes/arm_link_05.STL
[0.118s] -- Up-to-date: /home/pathfinder/vis_ws/install/wholebody_description/share/wholebody_description/meshes/hip_yaw_new.STL
[0.118s] -- Up-to-date: /home/pathfinder/vis_ws/install/wholebody_description/share/wholebody_description/meshes/hip_roll_new.STL
[0.118s] -- Up-to-date: /home/pathfinder/vis_ws/install/wholebody_description/share/wholebody_description/meshes/untitled.STL
[0.118s] -- Up-to-date: /home/pathfinder/vis_ws/install/wholebody_description/share/wholebody_description/meshes/body_0526.STL
[0.118s] -- Up-to-date: /home/pathfinder/vis_ws/install/wholebody_description/share/wholebody_description/meshes/arm_link_01.STL
[0.118s] -- Up-to-date: /home/pathfinder/vis_ws/install/wholebody_description/share/wholebody_description/meshes/zhiyuan-texture.png
[0.118s] -- Up-to-date: /home/pathfinder/vis_ws/install/wholebody_description/share/wholebody_description/meshes/hip_pitch.STL
[0.118s] -- Up-to-date: /home/pathfinder/vis_ws/install/wholebody_description/share/wholebody_description/meshes/body_0529.STL
[0.119s] -- Up-to-date: /home/pathfinder/vis_ws/install/wholebody_description/share/wholebody_description/rviz
[0.119s] -- Up-to-date: /home/pathfinder/vis_ws/install/wholebody_description/share/wholebody_description/rviz/moveit.rviz
[0.120s] -- Up-to-date: /home/pathfinder/vis_ws/install/wholebody_description/share/wholebody_description/urdf
[0.120s] -- Up-to-date: /home/pathfinder/vis_ws/install/wholebody_description/share/wholebody_description/urdf/wholebody_description.urdf
[0.121s] -- Up-to-date: /home/pathfinder/vis_ws/install/wholebody_description/share/ament_index/resource_index/package_run_dependencies/wholebody_description
[0.121s] -- Up-to-date: /home/pathfinder/vis_ws/install/wholebody_description/share/ament_index/resource_index/parent_prefix_path/wholebody_description
[0.122s] -- Up-to-date: /home/pathfinder/vis_ws/install/wholebody_description/share/wholebody_description/environment/ament_prefix_path.sh
[0.122s] -- Up-to-date: /home/pathfinder/vis_ws/install/wholebody_description/share/wholebody_description/environment/ament_prefix_path.dsv
[0.123s] -- Up-to-date: /home/pathfinder/vis_ws/install/wholebody_description/share/wholebody_description/environment/path.sh
[0.123s] -- Up-to-date: /home/pathfinder/vis_ws/install/wholebody_description/share/wholebody_description/environment/path.dsv
[0.124s] -- Up-to-date: /home/pathfinder/vis_ws/install/wholebody_description/share/wholebody_description/local_setup.bash
[0.125s] -- Up-to-date: /home/pathfinder/vis_ws/install/wholebody_description/share/wholebody_description/local_setup.sh
[0.125s] -- Up-to-date: /home/pathfinder/vis_ws/install/wholebody_description/share/wholebody_description/local_setup.zsh
[0.125s] -- Up-to-date: /home/pathfinder/vis_ws/install/wholebody_description/share/wholebody_description/local_setup.dsv
[0.125s] -- Installing: /home/pathfinder/vis_ws/install/wholebody_description/share/wholebody_description/package.dsv
[0.125s] -- Up-to-date: /home/pathfinder/vis_ws/install/wholebody_description/share/ament_index/resource_index/packages/wholebody_description
[0.125s] -- Up-to-date: /home/pathfinder/vis_ws/install/wholebody_description/share/wholebody_description/cmake/wholebody_descriptionConfig.cmake
[0.125s] -- Up-to-date: /home/pathfinder/vis_ws/install/wholebody_description/share/wholebody_description/cmake/wholebody_descriptionConfig-version.cmake
[0.125s] -- Up-to-date: /home/pathfinder/vis_ws/install/wholebody_description/share/wholebody_description/package.xml
[0.126s] Invoked command in '/home/pathfinder/vis_ws/build/wholebody_description' returned '0': CMAKE_PREFIX_PATH=${CMAKE_PREFIX_PATH}:/home/pathfinder/ws_moveit2/install/moveit_configs_utils:/home/pathfinder/ws_moveit2/install/launch_param_builder:/opt/ros/humble /usr/bin/cmake --install /home/pathfinder/vis_ws/build/wholebody_description
