-- The C compiler identification is GNU 11.4.0
-- The CXX compiler identification is GNU 11.4.0
-- Detecting C compiler ABI info
-- Detecting C compiler ABI info - done
-- Check for working C compiler: /usr/bin/cc - skipped
-- Detecting C compile features
-- Detecting C compile features - done
-- Detecting CXX compiler ABI info
-- Detecting CXX compiler ABI info - done
-- Check for working CXX compiler: /usr/bin/c++ - skipped
-- Detecting CXX compile features
-- Detecting CXX compile features - done
-- Found ament_cmake: 1.3.5 (/opt/ros/humble/share/ament_cmake/cmake)
-- Found Python3: /usr/bin/python3.10 (found version "3.10.12") found components: Interpreter 
-- Found control_msgs: 4.4.0 (/opt/ros/humble/share/control_msgs/cmake)
-- Found rosidl_generator_c: 3.1.5 (/opt/ros/humble/share/rosidl_generator_c/cmake)
-- Found rosidl_adapter: 3.1.5 (/opt/ros/humble/share/rosidl_adapter/cmake)
-- Found rosidl_generator_cpp: 3.1.5 (/opt/ros/humble/share/rosidl_generator_cpp/cmake)
-- Using all available rosidl_typesupport_c: rosidl_typesupport_fastrtps_c;rosidl_typesupport_introspection_c
-- Using all available rosidl_typesupport_cpp: rosidl_typesupport_fastrtps_cpp;rosidl_typesupport_introspection_cpp
-- Found rclcpp: 16.0.5 (/opt/ros/humble/share/rclcpp/cmake)
-- Found rmw_implementation_cmake: 6.1.1 (/opt/ros/humble/share/rmw_implementation_cmake/cmake)
-- Found rmw_fastrtps_cpp: 6.2.3 (/opt/ros/humble/share/rmw_fastrtps_cpp/cmake)
-- Found OpenSSL: /usr/lib/x86_64-linux-gnu/libcrypto.so (found version "3.0.2")  
-- Found FastRTPS: /opt/ros/humble/include  
-- Using RMW implementation 'rmw_fastrtps_cpp' as default
-- Looking for pthread.h
-- Looking for pthread.h - found
-- Performing Test CMAKE_HAVE_LIBC_PTHREAD
-- Performing Test CMAKE_HAVE_LIBC_PTHREAD - Success
-- Found Threads: TRUE  
-- Found rclcpp_action: 16.0.5 (/opt/ros/humble/share/rclcpp_action/cmake)
-- Found ament_lint_auto: 0.12.7 (/opt/ros/humble/share/ament_lint_auto/cmake)
-- Added test 'cppcheck' to perform static code analysis on C / C++ code
-- Configured cppcheck include dirs: /home/pathfinder/vis_ws/src/wholebody_visualization/include;$<BUILD_INTERFACE:/home/pathfinder/vis_ws/src/wholebody_visualization/include/>
-- Configured cppcheck exclude dirs and/or files: 
-- Added test 'flake8' to check Python code syntax and style conventions
-- Added test 'lint_cmake' to check CMake code style
-- Added test 'pep257' to check Python code against some of the docstring style conventions in PEP 257
-- Added test 'uncrustify' to check C / C++ code style
-- Configured uncrustify additional arguments: 
-- Added test 'xmllint' to check XML markup files
-- Configuring done
-- Generating done
-- Build files have been written to: /home/pathfinder/vis_ws/build/wholebody_visualization
[ 50%] [32mBuilding CXX object CMakeFiles/wholebody_visualization.dir/src/joint_state_pub.cpp.o[0m
[100%] [32m[1mLinking CXX executable wholebody_visualization[0m
[100%] Built target wholebody_visualization
-- Install configuration: ""
-- Installing: /home/pathfinder/vis_ws/install/wholebody_visualization/share/wholebody_visualization/launch
-- Installing: /home/pathfinder/vis_ws/install/wholebody_visualization/share/wholebody_visualization/launch/rviz.launch.py
-- Installing: /home/pathfinder/vis_ws/install/wholebody_visualization/lib/wholebody_visualization/wholebody_visualization
-- Set runtime path of "/home/pathfinder/vis_ws/install/wholebody_visualization/lib/wholebody_visualization/wholebody_visualization" to ""
-- Installing: /home/pathfinder/vis_ws/install/wholebody_visualization/share/ament_index/resource_index/package_run_dependencies/wholebody_visualization
-- Installing: /home/pathfinder/vis_ws/install/wholebody_visualization/share/ament_index/resource_index/parent_prefix_path/wholebody_visualization
-- Installing: /home/pathfinder/vis_ws/install/wholebody_visualization/share/wholebody_visualization/environment/ament_prefix_path.sh
-- Installing: /home/pathfinder/vis_ws/install/wholebody_visualization/share/wholebody_visualization/environment/ament_prefix_path.dsv
-- Installing: /home/pathfinder/vis_ws/install/wholebody_visualization/share/wholebody_visualization/environment/path.sh
-- Installing: /home/pathfinder/vis_ws/install/wholebody_visualization/share/wholebody_visualization/environment/path.dsv
-- Installing: /home/pathfinder/vis_ws/install/wholebody_visualization/share/wholebody_visualization/local_setup.bash
-- Installing: /home/pathfinder/vis_ws/install/wholebody_visualization/share/wholebody_visualization/local_setup.sh
-- Installing: /home/pathfinder/vis_ws/install/wholebody_visualization/share/wholebody_visualization/local_setup.zsh
-- Installing: /home/pathfinder/vis_ws/install/wholebody_visualization/share/wholebody_visualization/local_setup.dsv
-- Installing: /home/pathfinder/vis_ws/install/wholebody_visualization/share/wholebody_visualization/package.dsv
-- Installing: /home/pathfinder/vis_ws/install/wholebody_visualization/share/ament_index/resource_index/packages/wholebody_visualization
-- Installing: /home/pathfinder/vis_ws/install/wholebody_visualization/share/wholebody_visualization/cmake/wholebody_visualizationConfig.cmake
-- Installing: /home/pathfinder/vis_ws/install/wholebody_visualization/share/wholebody_visualization/cmake/wholebody_visualizationConfig-version.cmake
-- Installing: /home/pathfinder/vis_ws/install/wholebody_visualization/share/wholebody_visualization/package.xml
