[0.020s] Invoking command in '/home/pathfinder/vis_ws/build/wholebody_visualization': CMAKE_PREFIX_PATH=${CMAKE_PREFIX_PATH}:/home/pathfinder/ws_moveit2/install/moveit_configs_utils:/home/pathfinder/ws_moveit2/install/launch_param_builder:/opt/ros/humble /usr/bin/cmake /home/pathfinder/vis_ws/src/wholebody_visualization -DCMAKE_INSTALL_PREFIX=/home/pathfinder/vis_ws/install/wholebody_visualization
[0.075s] -- The C compiler identification is GNU 11.4.0
[0.119s] -- The CXX compiler identification is GNU 11.4.0
[0.126s] -- Detecting C compiler ABI info
[0.195s] -- Detecting C compiler ABI info - done
[0.202s] -- Check for working C compiler: /usr/bin/cc - skipped
[0.203s] -- Detecting C compile features
[0.203s] -- Detecting C compile features - done
[0.206s] -- Detecting CXX compiler ABI info
[0.283s] -- Detecting CXX compiler ABI info - done
[0.290s] -- Check for working CXX compiler: /usr/bin/c++ - skipped
[0.290s] -- Detecting CXX compile features
[0.291s] -- Detecting CXX compile features - done
[0.296s] -- Found ament_cmake: 1.3.5 (/opt/ros/humble/share/ament_cmake/cmake)
[0.441s] -- Found Python3: /usr/bin/python3.10 (found version "3.10.12") found components: Interpreter 
[0.586s] -- Found control_msgs: 4.4.0 (/opt/ros/humble/share/control_msgs/cmake)
[0.640s] -- Found rosidl_generator_c: 3.1.5 (/opt/ros/humble/share/rosidl_generator_c/cmake)
[0.651s] -- Found rosidl_adapter: 3.1.5 (/opt/ros/humble/share/rosidl_adapter/cmake)
[0.664s] -- Found rosidl_generator_cpp: 3.1.5 (/opt/ros/humble/share/rosidl_generator_cpp/cmake)
[0.678s] -- Using all available rosidl_typesupport_c: rosidl_typesupport_fastrtps_c;rosidl_typesupport_introspection_c
[0.698s] -- Using all available rosidl_typesupport_cpp: rosidl_typesupport_fastrtps_cpp;rosidl_typesupport_introspection_cpp
[1.067s] -- Found rclcpp: 16.0.5 (/opt/ros/humble/share/rclcpp/cmake)
[1.131s] -- Found rmw_implementation_cmake: 6.1.1 (/opt/ros/humble/share/rmw_implementation_cmake/cmake)
[1.137s] -- Found rmw_fastrtps_cpp: 6.2.3 (/opt/ros/humble/share/rmw_fastrtps_cpp/cmake)
[1.241s] -- Found OpenSSL: /usr/lib/x86_64-linux-gnu/libcrypto.so (found version "3.0.2")  
[1.268s] -- Found FastRTPS: /opt/ros/humble/include  
[1.313s] -- Using RMW implementation 'rmw_fastrtps_cpp' as default
[1.328s] -- Looking for pthread.h
[1.382s] -- Looking for pthread.h - found
[1.382s] -- Performing Test CMAKE_HAVE_LIBC_PTHREAD
[1.436s] -- Performing Test CMAKE_HAVE_LIBC_PTHREAD - Success
[1.437s] -- Found Threads: TRUE  
[1.530s] -- Found rclcpp_action: 16.0.5 (/opt/ros/humble/share/rclcpp_action/cmake)
[1.562s] -- Found ament_lint_auto: 0.12.7 (/opt/ros/humble/share/ament_lint_auto/cmake)
[1.648s] -- Added test 'cppcheck' to perform static code analysis on C / C++ code
[1.648s] -- Configured cppcheck include dirs: /home/pathfinder/vis_ws/src/wholebody_visualization/include;$<BUILD_INTERFACE:/home/pathfinder/vis_ws/src/wholebody_visualization/include/>
[1.648s] -- Configured cppcheck exclude dirs and/or files: 
[1.650s] -- Added test 'flake8' to check Python code syntax and style conventions
[1.651s] -- Added test 'lint_cmake' to check CMake code style
[1.652s] -- Added test 'pep257' to check Python code against some of the docstring style conventions in PEP 257
[1.655s] -- Added test 'uncrustify' to check C / C++ code style
[1.655s] -- Configured uncrustify additional arguments: 
[1.656s] -- Added test 'xmllint' to check XML markup files
[1.659s] -- Configuring done
[1.669s] -- Generating done
[1.671s] -- Build files have been written to: /home/pathfinder/vis_ws/build/wholebody_visualization
[1.681s] Invoked command in '/home/pathfinder/vis_ws/build/wholebody_visualization' returned '0': CMAKE_PREFIX_PATH=${CMAKE_PREFIX_PATH}:/home/pathfinder/ws_moveit2/install/moveit_configs_utils:/home/pathfinder/ws_moveit2/install/launch_param_builder:/opt/ros/humble /usr/bin/cmake /home/pathfinder/vis_ws/src/wholebody_visualization -DCMAKE_INSTALL_PREFIX=/home/pathfinder/vis_ws/install/wholebody_visualization
[1.682s] Invoking command in '/home/pathfinder/vis_ws/build/wholebody_visualization': CMAKE_PREFIX_PATH=${CMAKE_PREFIX_PATH}:/home/pathfinder/ws_moveit2/install/moveit_configs_utils:/home/pathfinder/ws_moveit2/install/launch_param_builder:/opt/ros/humble /usr/bin/cmake --build /home/pathfinder/vis_ws/build/wholebody_visualization -- -j12 -l12
[1.740s] [ 50%] [32mBuilding CXX object CMakeFiles/wholebody_visualization.dir/src/joint_state_pub.cpp.o[0m
[14.172s] [100%] [32m[1mLinking CXX executable wholebody_visualization[0m
[14.812s] [100%] Built target wholebody_visualization
[14.826s] Invoked command in '/home/pathfinder/vis_ws/build/wholebody_visualization' returned '0': CMAKE_PREFIX_PATH=${CMAKE_PREFIX_PATH}:/home/pathfinder/ws_moveit2/install/moveit_configs_utils:/home/pathfinder/ws_moveit2/install/launch_param_builder:/opt/ros/humble /usr/bin/cmake --build /home/pathfinder/vis_ws/build/wholebody_visualization -- -j12 -l12
[14.869s] Invoking command in '/home/pathfinder/vis_ws/build/wholebody_visualization': CMAKE_PREFIX_PATH=${CMAKE_PREFIX_PATH}:/home/pathfinder/ws_moveit2/install/moveit_configs_utils:/home/pathfinder/ws_moveit2/install/launch_param_builder:/opt/ros/humble /usr/bin/cmake --install /home/pathfinder/vis_ws/build/wholebody_visualization
[14.879s] -- Install configuration: ""
[14.879s] -- Installing: /home/pathfinder/vis_ws/install/wholebody_visualization/share/wholebody_visualization/launch
[14.879s] -- Installing: /home/pathfinder/vis_ws/install/wholebody_visualization/share/wholebody_visualization/launch/rviz.launch.py
[14.879s] -- Installing: /home/pathfinder/vis_ws/install/wholebody_visualization/lib/wholebody_visualization/wholebody_visualization
[14.883s] -- Set runtime path of "/home/pathfinder/vis_ws/install/wholebody_visualization/lib/wholebody_visualization/wholebody_visualization" to ""
[14.883s] -- Installing: /home/pathfinder/vis_ws/install/wholebody_visualization/share/ament_index/resource_index/package_run_dependencies/wholebody_visualization
[14.883s] -- Installing: /home/pathfinder/vis_ws/install/wholebody_visualization/share/ament_index/resource_index/parent_prefix_path/wholebody_visualization
[14.883s] -- Installing: /home/pathfinder/vis_ws/install/wholebody_visualization/share/wholebody_visualization/environment/ament_prefix_path.sh
[14.883s] -- Installing: /home/pathfinder/vis_ws/install/wholebody_visualization/share/wholebody_visualization/environment/ament_prefix_path.dsv
[14.883s] -- Installing: /home/pathfinder/vis_ws/install/wholebody_visualization/share/wholebody_visualization/environment/path.sh
[14.883s] -- Installing: /home/pathfinder/vis_ws/install/wholebody_visualization/share/wholebody_visualization/environment/path.dsv
[14.883s] -- Installing: /home/pathfinder/vis_ws/install/wholebody_visualization/share/wholebody_visualization/local_setup.bash
[14.883s] -- Installing: /home/pathfinder/vis_ws/install/wholebody_visualization/share/wholebody_visualization/local_setup.sh
[14.884s] -- Installing: /home/pathfinder/vis_ws/install/wholebody_visualization/share/wholebody_visualization/local_setup.zsh
[14.884s] -- Installing: /home/pathfinder/vis_ws/install/wholebody_visualization/share/wholebody_visualization/local_setup.dsv
[14.884s] -- Installing: /home/pathfinder/vis_ws/install/wholebody_visualization/share/wholebody_visualization/package.dsv
[14.884s] -- Installing: /home/pathfinder/vis_ws/install/wholebody_visualization/share/ament_index/resource_index/packages/wholebody_visualization
[14.884s] -- Installing: /home/pathfinder/vis_ws/install/wholebody_visualization/share/wholebody_visualization/cmake/wholebody_visualizationConfig.cmake
[14.884s] -- Installing: /home/pathfinder/vis_ws/install/wholebody_visualization/share/wholebody_visualization/cmake/wholebody_visualizationConfig-version.cmake
[14.884s] -- Installing: /home/pathfinder/vis_ws/install/wholebody_visualization/share/wholebody_visualization/package.xml
[14.886s] Invoked command in '/home/pathfinder/vis_ws/build/wholebody_visualization' returned '0': CMAKE_PREFIX_PATH=${CMAKE_PREFIX_PATH}:/home/pathfinder/ws_moveit2/install/moveit_configs_utils:/home/pathfinder/ws_moveit2/install/launch_param_builder:/opt/ros/humble /usr/bin/cmake --install /home/pathfinder/vis_ws/build/wholebody_visualization
