[0.019s] Invoking command in '/home/pathfinder/vis_ws/build/wholebody_description': CMAKE_PREFIX_PATH=${CMAKE_PREFIX_PATH}:/home/pathfinder/ws_moveit2/install/moveit_configs_utils:/home/pathfinder/ws_moveit2/install/launch_param_builder:/opt/ros/humble /usr/bin/cmake /home/pathfinder/vis_ws/src/wholebody_description -DCMAKE_INSTALL_PREFIX=/home/pathfinder/vis_ws/install/wholebody_description
[0.073s] -- The C compiler identification is GNU 11.4.0
[0.124s] -- The CXX compiler identification is GNU 11.4.0
[0.131s] -- Detecting C compiler ABI info
[0.185s] -- Detecting C compiler ABI info - done
[0.192s] -- Check for working C compiler: /usr/bin/cc - skipped
[0.193s] -- Detecting C compile features
[0.193s] -- Detecting C compile features - done
[0.196s] -- Detecting CXX compiler ABI info
[0.278s] -- Detecting CXX compiler ABI info - done
[0.286s] -- Check for working CXX compiler: /usr/bin/c++ - skipped
[0.286s] -- Detecting CXX compile features
[0.287s] -- Detecting CXX compile features - done
[0.292s] -- Found ament_cmake: 1.3.5 (/opt/ros/humble/share/ament_cmake/cmake)
[0.463s] -- Found Python3: /usr/bin/python3.10 (found version "3.10.12") found components: Interpreter 
[0.631s] -- Configuring done
[0.633s] -- Generating done
[0.634s] -- Build files have been written to: /home/pathfinder/vis_ws/build/wholebody_description
[0.638s] Invoked command in '/home/pathfinder/vis_ws/build/wholebody_description' returned '0': CMAKE_PREFIX_PATH=${CMAKE_PREFIX_PATH}:/home/pathfinder/ws_moveit2/install/moveit_configs_utils:/home/pathfinder/ws_moveit2/install/launch_param_builder:/opt/ros/humble /usr/bin/cmake /home/pathfinder/vis_ws/src/wholebody_description -DCMAKE_INSTALL_PREFIX=/home/pathfinder/vis_ws/install/wholebody_description
[0.639s] Invoking command in '/home/pathfinder/vis_ws/build/wholebody_description': CMAKE_PREFIX_PATH=${CMAKE_PREFIX_PATH}:/home/pathfinder/ws_moveit2/install/moveit_configs_utils:/home/pathfinder/ws_moveit2/install/launch_param_builder:/opt/ros/humble /usr/bin/cmake --build /home/pathfinder/vis_ws/build/wholebody_description -- -j12 -l12
[0.674s] Invoked command in '/home/pathfinder/vis_ws/build/wholebody_description' returned '0': CMAKE_PREFIX_PATH=${CMAKE_PREFIX_PATH}:/home/pathfinder/ws_moveit2/install/moveit_configs_utils:/home/pathfinder/ws_moveit2/install/launch_param_builder:/opt/ros/humble /usr/bin/cmake --build /home/pathfinder/vis_ws/build/wholebody_description -- -j12 -l12
[0.712s] Invoking command in '/home/pathfinder/vis_ws/build/wholebody_description': CMAKE_PREFIX_PATH=${CMAKE_PREFIX_PATH}:/home/pathfinder/ws_moveit2/install/moveit_configs_utils:/home/pathfinder/ws_moveit2/install/launch_param_builder:/opt/ros/humble /usr/bin/cmake --install /home/pathfinder/vis_ws/build/wholebody_description
[0.720s] -- Install configuration: ""
[0.720s] -- Installing: /home/pathfinder/vis_ws/install/wholebody_description/share/wholebody_description/launch
[0.720s] -- Installing: /home/pathfinder/vis_ws/install/wholebody_description/share/wholebody_description/launch/rviz.launch.py
[0.720s] -- Installing: /home/pathfinder/vis_ws/install/wholebody_description/share/wholebody_description/meshes
[0.720s] -- Installing: /home/pathfinder/vis_ws/install/wholebody_description/share/wholebody_description/meshes/hip_roll.STL
[0.721s] -- Installing: /home/pathfinder/vis_ws/install/wholebody_description/share/wholebody_description/meshes/arm_link_02.STL
[0.722s] -- Installing: /home/pathfinder/vis_ws/install/wholebody_description/share/wholebody_description/meshes/arm_link_06.STL
[0.723s] -- Installing: /home/pathfinder/vis_ws/install/wholebody_description/share/wholebody_description/meshes/foot.STL
[0.724s] -- Installing: /home/pathfinder/vis_ws/install/wholebody_description/share/wholebody_description/meshes/arm_link_04.STL
[0.724s] -- Installing: /home/pathfinder/vis_ws/install/wholebody_description/share/wholebody_description/meshes/body_new.STL
[0.730s] -- Installing: /home/pathfinder/vis_ws/install/wholebody_description/share/wholebody_description/meshes/hip_yaw.STL
[0.731s] -- Installing: /home/pathfinder/vis_ws/install/wholebody_description/share/wholebody_description/meshes/tarsus.STL
[0.734s] -- Installing: /home/pathfinder/vis_ws/install/wholebody_description/share/wholebody_description/meshes/body.STL
[0.738s] -- Installing: /home/pathfinder/vis_ws/install/wholebody_description/share/wholebody_description/meshes/arm_link_03.STL
[0.738s] -- Installing: /home/pathfinder/vis_ws/install/wholebody_description/share/wholebody_description/meshes/arm_link_05.STL
[0.738s] -- Installing: /home/pathfinder/vis_ws/install/wholebody_description/share/wholebody_description/meshes/hip_yaw_new.STL
[0.743s] -- Installing: /home/pathfinder/vis_ws/install/wholebody_description/share/wholebody_description/meshes/hip_roll_new.STL
[0.746s] -- Installing: /home/pathfinder/vis_ws/install/wholebody_description/share/wholebody_description/meshes/untitled.STL
[0.747s] -- Installing: /home/pathfinder/vis_ws/install/wholebody_description/share/wholebody_description/meshes/body_0526.STL
[0.753s] -- Installing: /home/pathfinder/vis_ws/install/wholebody_description/share/wholebody_description/meshes/arm_link_01.STL
[0.754s] -- Installing: /home/pathfinder/vis_ws/install/wholebody_description/share/wholebody_description/meshes/zhiyuan-texture.png
[0.754s] -- Installing: /home/pathfinder/vis_ws/install/wholebody_description/share/wholebody_description/meshes/hip_pitch.STL
[0.761s] -- Installing: /home/pathfinder/vis_ws/install/wholebody_description/share/wholebody_description/meshes/body_0529.STL
[0.767s] -- Installing: /home/pathfinder/vis_ws/install/wholebody_description/share/wholebody_description/rviz
[0.767s] -- Installing: /home/pathfinder/vis_ws/install/wholebody_description/share/wholebody_description/rviz/moveit.rviz
[0.767s] -- Installing: /home/pathfinder/vis_ws/install/wholebody_description/share/wholebody_description/urdf
[0.767s] -- Installing: /home/pathfinder/vis_ws/install/wholebody_description/share/wholebody_description/urdf/wholebody_description.urdf
[0.768s] -- Installing: /home/pathfinder/vis_ws/install/wholebody_description/share/ament_index/resource_index/package_run_dependencies/wholebody_description
[0.768s] -- Installing: /home/pathfinder/vis_ws/install/wholebody_description/share/ament_index/resource_index/parent_prefix_path/wholebody_description
[0.768s] -- Installing: /home/pathfinder/vis_ws/install/wholebody_description/share/wholebody_description/environment/ament_prefix_path.sh
[0.768s] -- Installing: /home/pathfinder/vis_ws/install/wholebody_description/share/wholebody_description/environment/ament_prefix_path.dsv
[0.768s] -- Installing: /home/pathfinder/vis_ws/install/wholebody_description/share/wholebody_description/environment/path.sh
[0.768s] -- Installing: /home/pathfinder/vis_ws/install/wholebody_description/share/wholebody_description/environment/path.dsv
[0.768s] -- Installing: /home/pathfinder/vis_ws/install/wholebody_description/share/wholebody_description/local_setup.bash
[0.768s] -- Installing: /home/pathfinder/vis_ws/install/wholebody_description/share/wholebody_description/local_setup.sh
[0.768s] -- Installing: /home/pathfinder/vis_ws/install/wholebody_description/share/wholebody_description/local_setup.zsh
[0.768s] -- Installing: /home/pathfinder/vis_ws/install/wholebody_description/share/wholebody_description/local_setup.dsv
[0.769s] -- Installing: /home/pathfinder/vis_ws/install/wholebody_description/share/wholebody_description/package.dsv
[0.769s] -- Installing: /home/pathfinder/vis_ws/install/wholebody_description/share/ament_index/resource_index/packages/wholebody_description
[0.769s] -- Installing: /home/pathfinder/vis_ws/install/wholebody_description/share/wholebody_description/cmake/wholebody_descriptionConfig.cmake
[0.769s] -- Installing: /home/pathfinder/vis_ws/install/wholebody_description/share/wholebody_description/cmake/wholebody_descriptionConfig-version.cmake
[0.769s] -- Installing: /home/pathfinder/vis_ws/install/wholebody_description/share/wholebody_description/package.xml
[0.771s] Invoked command in '/home/pathfinder/vis_ws/build/wholebody_description' returned '0': CMAKE_PREFIX_PATH=${CMAKE_PREFIX_PATH}:/home/pathfinder/ws_moveit2/install/moveit_configs_utils:/home/pathfinder/ws_moveit2/install/launch_param_builder:/opt/ros/humble /usr/bin/cmake --install /home/pathfinder/vis_ws/build/wholebody_description
