[0.027s] Invoking command in '/home/pathfinder/vis_ws/build/visualization_marker_tutorials': CMAKE_PREFIX_PATH=${CMAKE_PREFIX_PATH}:/home/pathfinder/ws_moveit2/install/moveit_configs_utils:/home/pathfinder/ws_moveit2/install/launch_param_builder:/opt/ros/humble /usr/bin/cmake --build /home/pathfinder/vis_ws/build/visualization_marker_tutorials -- -j12 -l12
[0.096s] [ 50%] Built target points_and_lines
[0.097s] [100%] Built target basic_shapes
[0.111s] Invoked command in '/home/pathfinder/vis_ws/build/visualization_marker_tutorials' returned '0': CMAKE_PREFIX_PATH=${CMAKE_PREFIX_PATH}:/home/pathfinder/ws_moveit2/install/moveit_configs_utils:/home/pathfinder/ws_moveit2/install/launch_param_builder:/opt/ros/humble /usr/bin/cmake --build /home/pathfinder/vis_ws/build/visualization_marker_tutorials -- -j12 -l12
[0.141s] Invoking command in '/home/pathfinder/vis_ws/build/visualization_marker_tutorials': CMAKE_PREFIX_PATH=${CMAKE_PREFIX_PATH}:/home/pathfinder/ws_moveit2/install/moveit_configs_utils:/home/pathfinder/ws_moveit2/install/launch_param_builder:/opt/ros/humble /usr/bin/cmake --install /home/pathfinder/vis_ws/build/visualization_marker_tutorials
[0.151s] -- Install configuration: ""
[0.151s] -- Up-to-date: /home/pathfinder/vis_ws/install/visualization_marker_tutorials/lib/visualization_marker_tutorials/basic_shapes
[0.151s] -- Up-to-date: /home/pathfinder/vis_ws/install/visualization_marker_tutorials/lib/visualization_marker_tutorials/points_and_lines
[0.151s] -- Up-to-date: /home/pathfinder/vis_ws/install/visualization_marker_tutorials/share/ament_index/resource_index/package_run_dependencies/visualization_marker_tutorials
[0.151s] -- Up-to-date: /home/pathfinder/vis_ws/install/visualization_marker_tutorials/share/ament_index/resource_index/parent_prefix_path/visualization_marker_tutorials
[0.151s] -- Up-to-date: /home/pathfinder/vis_ws/install/visualization_marker_tutorials/share/visualization_marker_tutorials/environment/ament_prefix_path.sh
[0.152s] -- Up-to-date: /home/pathfinder/vis_ws/install/visualization_marker_tutorials/share/visualization_marker_tutorials/environment/ament_prefix_path.dsv
[0.152s] -- Up-to-date: /home/pathfinder/vis_ws/install/visualization_marker_tutorials/share/visualization_marker_tutorials/environment/path.sh
[0.152s] -- Up-to-date: /home/pathfinder/vis_ws/install/visualization_marker_tutorials/share/visualization_marker_tutorials/environment/path.dsv
[0.152s] -- Up-to-date: /home/pathfinder/vis_ws/install/visualization_marker_tutorials/share/visualization_marker_tutorials/local_setup.bash
[0.152s] -- Up-to-date: /home/pathfinder/vis_ws/install/visualization_marker_tutorials/share/visualization_marker_tutorials/local_setup.sh
[0.152s] -- Up-to-date: /home/pathfinder/vis_ws/install/visualization_marker_tutorials/share/visualization_marker_tutorials/local_setup.zsh
[0.152s] -- Up-to-date: /home/pathfinder/vis_ws/install/visualization_marker_tutorials/share/visualization_marker_tutorials/local_setup.dsv
[0.152s] -- Installing: /home/pathfinder/vis_ws/install/visualization_marker_tutorials/share/visualization_marker_tutorials/package.dsv
[0.152s] -- Up-to-date: /home/pathfinder/vis_ws/install/visualization_marker_tutorials/share/ament_index/resource_index/packages/visualization_marker_tutorials
[0.152s] -- Up-to-date: /home/pathfinder/vis_ws/install/visualization_marker_tutorials/share/visualization_marker_tutorials/cmake/ament_cmake_export_dependencies-extras.cmake
[0.152s] -- Up-to-date: /home/pathfinder/vis_ws/install/visualization_marker_tutorials/share/visualization_marker_tutorials/cmake/visualization_marker_tutorialsConfig.cmake
[0.152s] -- Up-to-date: /home/pathfinder/vis_ws/install/visualization_marker_tutorials/share/visualization_marker_tutorials/cmake/visualization_marker_tutorialsConfig-version.cmake
[0.152s] -- Up-to-date: /home/pathfinder/vis_ws/install/visualization_marker_tutorials/share/visualization_marker_tutorials/package.xml
[0.157s] Invoked command in '/home/pathfinder/vis_ws/build/visualization_marker_tutorials' returned '0': CMAKE_PREFIX_PATH=${CMAKE_PREFIX_PATH}:/home/pathfinder/ws_moveit2/install/moveit_configs_utils:/home/pathfinder/ws_moveit2/install/launch_param_builder:/opt/ros/humble /usr/bin/cmake --install /home/pathfinder/vis_ws/build/visualization_marker_tutorials
