[0.028s] Invoking command in '/home/pathfinder/vis_ws/build/wholebody_visualization': CMAKE_PREFIX_PATH=${CMAKE_PREFIX_PATH}:/home/pathfinder/ws_moveit2/install/moveit_configs_utils:/home/pathfinder/ws_moveit2/install/launch_param_builder:/opt/ros/humble /usr/bin/cmake --build /home/pathfinder/vis_ws/build/wholebody_visualization -- -j12 -l12
[0.083s] [35m[1mConsolidate compiler generated dependencies of target wholebody_visualization[0m
[0.104s] [ 50%] [32mBuilding CXX object CMakeFiles/wholebody_visualization.dir/src/joint_state_pub.cpp.o[0m
[1.736s] [01m[K/home/pathfinder/vis_ws/src/wholebody_visualization/src/joint_state_pub.cpp:[m[K In constructor ‘[01m[KJointStatePub::JointStatePub(std::string)[m[K’:
[1.736s] [01m[K/home/pathfinder/vis_ws/src/wholebody_visualization/src/joint_state_pub.cpp:83:21:[m[K [01;31m[Kerror: [m[Kredeclaration of ‘[01m[Ktf2::Quaternion orien[m[K’
[1.737s]    83 |     tf2::Quaternion [01;31m[Korien[m[K(0.0, 1.0, 0.0, 1.0);
[1.737s]       |                     [01;31m[K^~~~~[m[K
[1.737s] [01m[K/home/pathfinder/vis_ws/src/wholebody_visualization/src/joint_state_pub.cpp:72:21:[m[K [01;36m[Knote: [m[K‘[01m[Ktf2::Quaternion orien[m[K’ previously declared here
[1.737s]    72 |     tf2::Quaternion [01;36m[Korien[m[K(1.0, 0.0, 0.0, 1.0);
[1.737s]       |                     [01;36m[K^~~~~[m[K
[1.737s] [01m[K/home/pathfinder/vis_ws/src/wholebody_visualization/src/joint_state_pub.cpp:95:21:[m[K [01;31m[Kerror: [m[Kredeclaration of ‘[01m[Ktf2::Quaternion orien[m[K’
[1.737s]    95 |     tf2::Quaternion [01;31m[Korien[m[K(0.0, 0.0, 1.0, 1.0);
[1.737s]       |                     [01;31m[K^~~~~[m[K
[1.737s] [01m[K/home/pathfinder/vis_ws/src/wholebody_visualization/src/joint_state_pub.cpp:72:21:[m[K [01;36m[Knote: [m[K‘[01m[Ktf2::Quaternion orien[m[K’ previously declared here
[1.737s]    72 |     tf2::Quaternion [01;36m[Korien[m[K(1.0, 0.0, 0.0, 1.0);
[1.737s]       |                     [01;36m[K^~~~~[m[K
[3.293s] gmake[2]: *** [CMakeFiles/wholebody_visualization.dir/build.make:76: CMakeFiles/wholebody_visualization.dir/src/joint_state_pub.cpp.o] Error 1
[3.293s] gmake[1]: *** [CMakeFiles/Makefile2:137: CMakeFiles/wholebody_visualization.dir/all] Error 2
[3.294s] gmake: *** [Makefile:146: all] Error 2
[3.296s] Invoked command in '/home/pathfinder/vis_ws/build/wholebody_visualization' returned '2': CMAKE_PREFIX_PATH=${CMAKE_PREFIX_PATH}:/home/pathfinder/ws_moveit2/install/moveit_configs_utils:/home/pathfinder/ws_moveit2/install/launch_param_builder:/opt/ros/humble /usr/bin/cmake --build /home/pathfinder/vis_ws/build/wholebody_visualization -- -j12 -l12
