[0.013s] Invoking command in '/home/pathfinder/vis_ws/build/interactive_marker_tutorials': CMAKE_PREFIX_PATH=${CMAKE_PREFIX_PATH}:/home/pathfinder/ws_moveit2/install/moveit_configs_utils:/home/pathfinder/ws_moveit2/install/launch_param_builder:/opt/ros/humble /usr/bin/cmake --build /home/pathfinder/vis_ws/build/interactive_marker_tutorials -- -j12 -l12
[0.057s] [ 14%] Built target cube
[0.057s] [ 28%] Built target pong_library
[0.059s] [ 42%] Built target basic_controls
[0.064s] [ 85%] [32mBuilding CXX object CMakeFiles/simple_marker.dir/src/simple_marker.cpp.o[0m
[0.064s] [ 92%] Built target selection
[0.064s] [ 92%] Built target pong
[0.064s] [ 92%] Built target menu
[2.389s] [100%] [32m[1mLinking CXX executable simple_marker[0m
[2.506s] [100%] Built target simple_marker
[2.514s] Invoked command in '/home/pathfinder/vis_ws/build/interactive_marker_tutorials' returned '0': CMAKE_PREFIX_PATH=${CMAKE_PREFIX_PATH}:/home/pathfinder/ws_moveit2/install/moveit_configs_utils:/home/pathfinder/ws_moveit2/install/launch_param_builder:/opt/ros/humble /usr/bin/cmake --build /home/pathfinder/vis_ws/build/interactive_marker_tutorials -- -j12 -l12
[2.559s] Invoking command in '/home/pathfinder/vis_ws/build/interactive_marker_tutorials': CMAKE_PREFIX_PATH=${CMAKE_PREFIX_PATH}:/home/pathfinder/ws_moveit2/install/moveit_configs_utils:/home/pathfinder/ws_moveit2/install/launch_param_builder:/opt/ros/humble /usr/bin/cmake --install /home/pathfinder/vis_ws/build/interactive_marker_tutorials
[2.566s] -- Install configuration: ""
[2.566s] -- Up-to-date: /home/pathfinder/vis_ws/install/interactive_marker_tutorials/lib/interactive_marker_tutorials/pong
[2.566s] -- Up-to-date: /home/pathfinder/vis_ws/install/interactive_marker_tutorials/bin/basic_controls.py
[2.566s] -- Up-to-date: /home/pathfinder/vis_ws/install/interactive_marker_tutorials/bin/cube.py
[2.566s] -- Up-to-date: /home/pathfinder/vis_ws/install/interactive_marker_tutorials/bin/menu.py
[2.566s] -- Up-to-date: /home/pathfinder/vis_ws/install/interactive_marker_tutorials/bin/simple_marker.py
[2.566s] -- Up-to-date: /home/pathfinder/vis_ws/install/interactive_marker_tutorials/lib/libpong_library.so
[2.566s] -- Up-to-date: /home/pathfinder/vis_ws/install/interactive_marker_tutorials/lib/interactive_marker_tutorials/basic_controls
[2.566s] -- Up-to-date: /home/pathfinder/vis_ws/install/interactive_marker_tutorials/lib/interactive_marker_tutorials/cube
[2.566s] -- Up-to-date: /home/pathfinder/vis_ws/install/interactive_marker_tutorials/lib/interactive_marker_tutorials/selection
[2.566s] -- Installing: /home/pathfinder/vis_ws/install/interactive_marker_tutorials/lib/interactive_marker_tutorials/simple_marker
[2.567s] -- Set runtime path of "/home/pathfinder/vis_ws/install/interactive_marker_tutorials/lib/interactive_marker_tutorials/simple_marker" to ""
[2.567s] -- Up-to-date: /home/pathfinder/vis_ws/install/interactive_marker_tutorials/lib/interactive_marker_tutorials/menu
[2.567s] -- Up-to-date: /home/pathfinder/vis_ws/install/interactive_marker_tutorials/share/ament_index/resource_index/package_run_dependencies/interactive_marker_tutorials
[2.567s] -- Up-to-date: /home/pathfinder/vis_ws/install/interactive_marker_tutorials/share/ament_index/resource_index/parent_prefix_path/interactive_marker_tutorials
[2.567s] -- Up-to-date: /home/pathfinder/vis_ws/install/interactive_marker_tutorials/share/interactive_marker_tutorials/environment/ament_prefix_path.sh
[2.567s] -- Up-to-date: /home/pathfinder/vis_ws/install/interactive_marker_tutorials/share/interactive_marker_tutorials/environment/ament_prefix_path.dsv
[2.567s] -- Up-to-date: /home/pathfinder/vis_ws/install/interactive_marker_tutorials/share/interactive_marker_tutorials/environment/path.sh
[2.568s] -- Up-to-date: /home/pathfinder/vis_ws/install/interactive_marker_tutorials/share/interactive_marker_tutorials/environment/path.dsv
[2.568s] -- Up-to-date: /home/pathfinder/vis_ws/install/interactive_marker_tutorials/share/interactive_marker_tutorials/local_setup.bash
[2.568s] -- Up-to-date: /home/pathfinder/vis_ws/install/interactive_marker_tutorials/share/interactive_marker_tutorials/local_setup.sh
[2.568s] -- Up-to-date: /home/pathfinder/vis_ws/install/interactive_marker_tutorials/share/interactive_marker_tutorials/local_setup.zsh
[2.568s] -- Up-to-date: /home/pathfinder/vis_ws/install/interactive_marker_tutorials/share/interactive_marker_tutorials/local_setup.dsv
[2.568s] -- Installing: /home/pathfinder/vis_ws/install/interactive_marker_tutorials/share/interactive_marker_tutorials/package.dsv
[2.568s] -- Up-to-date: /home/pathfinder/vis_ws/install/interactive_marker_tutorials/share/ament_index/resource_index/packages/interactive_marker_tutorials
[2.568s] -- Up-to-date: /home/pathfinder/vis_ws/install/interactive_marker_tutorials/share/ament_index/resource_index/rclcpp_components/interactive_marker_tutorials
[2.568s] -- Up-to-date: /home/pathfinder/vis_ws/install/interactive_marker_tutorials/share/interactive_marker_tutorials/cmake/ament_cmake_export_dependencies-extras.cmake
[2.568s] -- Up-to-date: /home/pathfinder/vis_ws/install/interactive_marker_tutorials/share/interactive_marker_tutorials/cmake/interactive_marker_tutorialsConfig.cmake
[2.568s] -- Up-to-date: /home/pathfinder/vis_ws/install/interactive_marker_tutorials/share/interactive_marker_tutorials/cmake/interactive_marker_tutorialsConfig-version.cmake
[2.569s] -- Up-to-date: /home/pathfinder/vis_ws/install/interactive_marker_tutorials/share/interactive_marker_tutorials/package.xml
[2.569s] Invoked command in '/home/pathfinder/vis_ws/build/interactive_marker_tutorials' returned '0': CMAKE_PREFIX_PATH=${CMAKE_PREFIX_PATH}:/home/pathfinder/ws_moveit2/install/moveit_configs_utils:/home/pathfinder/ws_moveit2/install/launch_param_builder:/opt/ros/humble /usr/bin/cmake --install /home/pathfinder/vis_ws/build/interactive_marker_tutorials
