[0.041s] Invoking command in '/home/pathfinder/vis_ws/build/interactive_marker_tutorials': CMAKE_PREFIX_PATH=${CMAKE_PREFIX_PATH}:/home/pathfinder/ws_moveit2/install/moveit_configs_utils:/home/pathfinder/ws_moveit2/install/launch_param_builder:/opt/ros/humble /usr/bin/cmake --build /home/pathfinder/vis_ws/build/interactive_marker_tutorials -- -j12 -l12
[0.082s] [35m[1mConsolidate compiler generated dependencies of target selection[0m
[0.082s] [35m[1mConsolidate compiler generated dependencies of target cube[0m
[0.083s] [35m[1mConsolidate compiler generated dependencies of target basic_controls[0m
[0.084s] [35m[1mConsolidate compiler generated dependencies of target pong[0m
[0.092s] [35m[1mConsolidate compiler generated dependencies of target pong_library[0m
[0.098s] [35m[1mConsolidate compiler generated dependencies of target simple_marker[0m
[0.100s] [ 14%] Built target selection
[0.101s] [35m[1mConsolidate compiler generated dependencies of target menu[0m
[0.103s] [ 28%] Built target cube
[0.103s] [ 57%] Built target pong
[0.105s] [ 57%] Built target basic_controls
[0.115s] [ 71%] Built target pong_library
[0.120s] [ 85%] Built target menu
[0.121s] [100%] Built target simple_marker
[0.138s] Invoked command in '/home/pathfinder/vis_ws/build/interactive_marker_tutorials' returned '0': CMAKE_PREFIX_PATH=${CMAKE_PREFIX_PATH}:/home/pathfinder/ws_moveit2/install/moveit_configs_utils:/home/pathfinder/ws_moveit2/install/launch_param_builder:/opt/ros/humble /usr/bin/cmake --build /home/pathfinder/vis_ws/build/interactive_marker_tutorials -- -j12 -l12
[0.199s] Invoking command in '/home/pathfinder/vis_ws/build/interactive_marker_tutorials': CMAKE_PREFIX_PATH=${CMAKE_PREFIX_PATH}:/home/pathfinder/ws_moveit2/install/moveit_configs_utils:/home/pathfinder/ws_moveit2/install/launch_param_builder:/opt/ros/humble /usr/bin/cmake --install /home/pathfinder/vis_ws/build/interactive_marker_tutorials
[0.213s] -- Install configuration: ""
[0.214s] -- Up-to-date: /home/pathfinder/vis_ws/install/interactive_marker_tutorials/lib/interactive_marker_tutorials/pong
[0.214s] -- Up-to-date: /home/pathfinder/vis_ws/install/interactive_marker_tutorials/bin/basic_controls.py
[0.217s] -- Up-to-date: /home/pathfinder/vis_ws/install/interactive_marker_tutorials/bin/cube.py
[0.218s] -- Up-to-date: /home/pathfinder/vis_ws/install/interactive_marker_tutorials/bin/menu.py
[0.218s] -- Up-to-date: /home/pathfinder/vis_ws/install/interactive_marker_tutorials/bin/simple_marker.py
[0.218s] -- Up-to-date: /home/pathfinder/vis_ws/install/interactive_marker_tutorials/lib/libpong_library.so
[0.218s] -- Up-to-date: /home/pathfinder/vis_ws/install/interactive_marker_tutorials/lib/interactive_marker_tutorials/basic_controls
[0.218s] -- Up-to-date: /home/pathfinder/vis_ws/install/interactive_marker_tutorials/lib/interactive_marker_tutorials/cube
[0.219s] -- Up-to-date: /home/pathfinder/vis_ws/install/interactive_marker_tutorials/lib/interactive_marker_tutorials/selection
[0.219s] -- Up-to-date: /home/pathfinder/vis_ws/install/interactive_marker_tutorials/lib/interactive_marker_tutorials/simple_marker
[0.219s] -- Up-to-date: /home/pathfinder/vis_ws/install/interactive_marker_tutorials/lib/interactive_marker_tutorials/menu
[0.219s] -- Up-to-date: /home/pathfinder/vis_ws/install/interactive_marker_tutorials/share/ament_index/resource_index/package_run_dependencies/interactive_marker_tutorials
[0.219s] -- Up-to-date: /home/pathfinder/vis_ws/install/interactive_marker_tutorials/share/ament_index/resource_index/parent_prefix_path/interactive_marker_tutorials
[0.219s] -- Up-to-date: /home/pathfinder/vis_ws/install/interactive_marker_tutorials/share/interactive_marker_tutorials/environment/ament_prefix_path.sh
[0.219s] -- Up-to-date: /home/pathfinder/vis_ws/install/interactive_marker_tutorials/share/interactive_marker_tutorials/environment/ament_prefix_path.dsv
[0.219s] -- Up-to-date: /home/pathfinder/vis_ws/install/interactive_marker_tutorials/share/interactive_marker_tutorials/environment/path.sh
[0.219s] -- Up-to-date: /home/pathfinder/vis_ws/install/interactive_marker_tutorials/share/interactive_marker_tutorials/environment/path.dsv
[0.219s] -- Up-to-date: /home/pathfinder/vis_ws/install/interactive_marker_tutorials/share/interactive_marker_tutorials/local_setup.bash
[0.220s] -- Up-to-date: /home/pathfinder/vis_ws/install/interactive_marker_tutorials/share/interactive_marker_tutorials/local_setup.sh
[0.220s] -- Up-to-date: /home/pathfinder/vis_ws/install/interactive_marker_tutorials/share/interactive_marker_tutorials/local_setup.zsh
[0.220s] -- Up-to-date: /home/pathfinder/vis_ws/install/interactive_marker_tutorials/share/interactive_marker_tutorials/local_setup.dsv
[0.220s] -- Installing: /home/pathfinder/vis_ws/install/interactive_marker_tutorials/share/interactive_marker_tutorials/package.dsv
[0.220s] -- Up-to-date: /home/pathfinder/vis_ws/install/interactive_marker_tutorials/share/ament_index/resource_index/packages/interactive_marker_tutorials
[0.220s] -- Up-to-date: /home/pathfinder/vis_ws/install/interactive_marker_tutorials/share/ament_index/resource_index/rclcpp_components/interactive_marker_tutorials
[0.220s] -- Up-to-date: /home/pathfinder/vis_ws/install/interactive_marker_tutorials/share/interactive_marker_tutorials/cmake/ament_cmake_export_dependencies-extras.cmake
[0.220s] -- Up-to-date: /home/pathfinder/vis_ws/install/interactive_marker_tutorials/share/interactive_marker_tutorials/cmake/interactive_marker_tutorialsConfig.cmake
[0.220s] -- Up-to-date: /home/pathfinder/vis_ws/install/interactive_marker_tutorials/share/interactive_marker_tutorials/cmake/interactive_marker_tutorialsConfig-version.cmake
[0.221s] -- Up-to-date: /home/pathfinder/vis_ws/install/interactive_marker_tutorials/share/interactive_marker_tutorials/package.xml
[0.221s] Invoked command in '/home/pathfinder/vis_ws/build/interactive_marker_tutorials' returned '0': CMAKE_PREFIX_PATH=${CMAKE_PREFIX_PATH}:/home/pathfinder/ws_moveit2/install/moveit_configs_utils:/home/pathfinder/ws_moveit2/install/launch_param_builder:/opt/ros/humble /usr/bin/cmake --install /home/pathfinder/vis_ws/build/interactive_marker_tutorials
