[0.010s] Invoking command in '/home/user/workspace/ros2_moveit2/src/wholebody_description/build/wholebody_description': CMAKE_PREFIX_PATH=${CMAKE_PREFIX_PATH}:/home/user/workspace/ws_moveit/install/moveit_configs_utils:/opt/ros/humble /usr/local/bin/cmake --build /home/user/workspace/ros2_moveit2/src/wholebody_description/build/wholebody_description -- -j24 -l24
[0.019s] -- Found ament_cmake: 1.3.4 (/opt/ros/humble/share/ament_cmake/cmake)
[0.126s] -- Configuring done (0.1s)
[0.129s] -- Generating done (0.0s)
[0.129s] -- Build files have been written to: /home/user/workspace/ros2_moveit2/src/wholebody_description/build/wholebody_description
[0.134s] Invoked command in '/home/user/workspace/ros2_moveit2/src/wholebody_description/build/wholebody_description' returned '0': CMAKE_PREFIX_PATH=${CMAKE_PREFIX_PATH}:/home/user/workspace/ws_moveit/install/moveit_configs_utils:/opt/ros/humble /usr/local/bin/cmake --build /home/user/workspace/ros2_moveit2/src/wholebody_description/build/wholebody_description -- -j24 -l24
[0.148s] Invoking command in '/home/user/workspace/ros2_moveit2/src/wholebody_description/build/wholebody_description': CMAKE_PREFIX_PATH=${CMAKE_PREFIX_PATH}:/home/user/workspace/ws_moveit/install/moveit_configs_utils:/opt/ros/humble /usr/local/bin/cmake --install /home/user/workspace/ros2_moveit2/src/wholebody_description/build/wholebody_description
[0.149s] -- Install configuration: ""
[0.149s] -- Installing: /home/user/workspace/ros2_moveit2/src/wholebody_description/install/wholebody_description/share/wholebody_description/meshes
[0.149s] -- Installing: /home/user/workspace/ros2_moveit2/src/wholebody_description/install/wholebody_description/share/wholebody_description/meshes/arm_link_04.STL
[0.149s] -- Installing: /home/user/workspace/ros2_moveit2/src/wholebody_description/install/wholebody_description/share/wholebody_description/meshes/hip_roll_new.STL
[0.151s] -- Installing: /home/user/workspace/ros2_moveit2/src/wholebody_description/install/wholebody_description/share/wholebody_description/meshes/arm_link_03.STL
[0.151s] -- Installing: /home/user/workspace/ros2_moveit2/src/wholebody_description/install/wholebody_description/share/wholebody_description/meshes/hip_roll.STL
[0.152s] -- Installing: /home/user/workspace/ros2_moveit2/src/wholebody_description/install/wholebody_description/share/wholebody_description/meshes/arm_link_06.STL
[0.153s] -- Installing: /home/user/workspace/ros2_moveit2/src/wholebody_description/install/wholebody_description/share/wholebody_description/meshes/body.STL
[0.155s] -- Installing: /home/user/workspace/ros2_moveit2/src/wholebody_description/install/wholebody_description/share/wholebody_description/meshes/arm_link_05.STL
[0.156s] -- Installing: /home/user/workspace/ros2_moveit2/src/wholebody_description/install/wholebody_description/share/wholebody_description/meshes/tarsus.STL
[0.158s] -- Installing: /home/user/workspace/ros2_moveit2/src/wholebody_description/install/wholebody_description/share/wholebody_description/meshes/body_new.STL
[0.162s] -- Installing: /home/user/workspace/ros2_moveit2/src/wholebody_description/install/wholebody_description/share/wholebody_description/meshes/zhiyuan-texture.png
[0.162s] -- Installing: /home/user/workspace/ros2_moveit2/src/wholebody_description/install/wholebody_description/share/wholebody_description/meshes/foot.STL
[0.163s] -- Installing: /home/user/workspace/ros2_moveit2/src/wholebody_description/install/wholebody_description/share/wholebody_description/meshes/arm_link_02.STL
[0.163s] -- Installing: /home/user/workspace/ros2_moveit2/src/wholebody_description/install/wholebody_description/share/wholebody_description/meshes/hip_yaw_new.STL
[0.166s] -- Installing: /home/user/workspace/ros2_moveit2/src/wholebody_description/install/wholebody_description/share/wholebody_description/meshes/hip_yaw.STL
[0.167s] -- Installing: /home/user/workspace/ros2_moveit2/src/wholebody_description/install/wholebody_description/share/wholebody_description/meshes/body_0526.STL
[0.171s] -- Installing: /home/user/workspace/ros2_moveit2/src/wholebody_description/install/wholebody_description/share/wholebody_description/meshes/arm_link_01.STL
[0.172s] -- Installing: /home/user/workspace/ros2_moveit2/src/wholebody_description/install/wholebody_description/share/wholebody_description/meshes/hip_pitch.STL
[0.176s] -- Installing: /home/user/workspace/ros2_moveit2/src/wholebody_description/install/wholebody_description/share/wholebody_description/meshes/untitled.STL
[0.176s] -- Installing: /home/user/workspace/ros2_moveit2/src/wholebody_description/install/wholebody_description/share/wholebody_description/meshes/body_0529.STL
[0.180s] -- Installing: /home/user/workspace/ros2_moveit2/src/wholebody_description/install/wholebody_description/share/wholebody_description/urdf
[0.180s] -- Installing: /home/user/workspace/ros2_moveit2/src/wholebody_description/install/wholebody_description/share/wholebody_description/urdf/zhiyuan_whole_body.urdf
[0.180s] -- Installing: /home/user/workspace/ros2_moveit2/src/wholebody_description/install/wholebody_description/share/ament_index/resource_index/package_run_dependencies/wholebody_description
[0.180s] -- Installing: /home/user/workspace/ros2_moveit2/src/wholebody_description/install/wholebody_description/share/ament_index/resource_index/parent_prefix_path/wholebody_description
[0.180s] -- Installing: /home/user/workspace/ros2_moveit2/src/wholebody_description/install/wholebody_description/share/wholebody_description/environment/ament_prefix_path.sh
[0.180s] -- Installing: /home/user/workspace/ros2_moveit2/src/wholebody_description/install/wholebody_description/share/wholebody_description/environment/ament_prefix_path.dsv
[0.180s] -- Installing: /home/user/workspace/ros2_moveit2/src/wholebody_description/install/wholebody_description/share/wholebody_description/environment/path.sh
[0.181s] -- Installing: /home/user/workspace/ros2_moveit2/src/wholebody_description/install/wholebody_description/share/wholebody_description/environment/path.dsv
[0.181s] -- Installing: /home/user/workspace/ros2_moveit2/src/wholebody_description/install/wholebody_description/share/wholebody_description/local_setup.bash
[0.181s] -- Installing: /home/user/workspace/ros2_moveit2/src/wholebody_description/install/wholebody_description/share/wholebody_description/local_setup.sh
[0.181s] -- Installing: /home/user/workspace/ros2_moveit2/src/wholebody_description/install/wholebody_description/share/wholebody_description/local_setup.zsh
[0.181s] -- Installing: /home/user/workspace/ros2_moveit2/src/wholebody_description/install/wholebody_description/share/wholebody_description/local_setup.dsv
[0.181s] -- Installing: /home/user/workspace/ros2_moveit2/src/wholebody_description/install/wholebody_description/share/wholebody_description/package.dsv
[0.181s] -- Installing: /home/user/workspace/ros2_moveit2/src/wholebody_description/install/wholebody_description/share/ament_index/resource_index/packages/wholebody_description
[0.181s] -- Installing: /home/user/workspace/ros2_moveit2/src/wholebody_description/install/wholebody_description/share/wholebody_description/cmake/wholebody_descriptionConfig.cmake
[0.181s] -- Installing: /home/user/workspace/ros2_moveit2/src/wholebody_description/install/wholebody_description/share/wholebody_description/cmake/wholebody_descriptionConfig-version.cmake
[0.181s] -- Installing: /home/user/workspace/ros2_moveit2/src/wholebody_description/install/wholebody_description/share/wholebody_description/package.xml
[0.183s] Invoked command in '/home/user/workspace/ros2_moveit2/src/wholebody_description/build/wholebody_description' returned '0': CMAKE_PREFIX_PATH=${CMAKE_PREFIX_PATH}:/home/user/workspace/ws_moveit/install/moveit_configs_utils:/opt/ros/humble /usr/local/bin/cmake --install /home/user/workspace/ros2_moveit2/src/wholebody_description/build/wholebody_description
