[0.208s] DEBUG:colcon:Command line arguments: ['/usr/bin/colcon', 'build', '--packages-select', 'interactive_marker_turtorials']
[0.208s] DEBUG:colcon:Parsed command line arguments: Namespace(log_base=None, log_level=None, verb_name='build', build_base='build', install_base='install', merge_install=False, symlink_install=False, test_result_base=None, continue_on_error=False, executor='parallel', parallel_workers=12, event_handlers=None, ignore_user_meta=False, metas=['./colcon.meta'], base_paths=['.'], packages_ignore=None, packages_ignore_regex=None, paths=None, packages_up_to=None, packages_up_to_regex=None, packages_above=None, packages_above_and_dependencies=None, packages_above_depth=None, packages_select_by_dep=None, packages_skip_by_dep=None, packages_skip_up_to=None, packages_select_build_failed=False, packages_skip_build_finished=False, packages_select_test_failures=False, packages_skip_test_passed=False, packages_select=['interactive_marker_turtorials'], packages_skip=None, packages_select_regex=None, packages_skip_regex=None, packages_start=None, packages_end=None, allow_overriding=[], cmake_args=None, cmake_target=None, cmake_target_skip_unavailable=False, cmake_clean_cache=False, cmake_clean_first=False, cmake_force_configure=False, ament_cmake_args=None, catkin_cmake_args=None, catkin_skip_building_tests=False, mixin_files=None, mixin=None, verb_parser=<colcon_mixin.mixin.mixin_argument.MixinArgumentDecorator object at 0x7f31bd1a9f90>, verb_extension=<colcon_core.verb.build.BuildVerb object at 0x7f31bd9da5f0>, main=<bound method BuildVerb.main of <colcon_core.verb.build.BuildVerb object at 0x7f31bd9da5f0>>, mixin_verb=('build',))
[0.223s] Level 1:colcon.colcon_core.package_discovery:discover_packages(colcon_meta) check parameters
[0.223s] Level 1:colcon.colcon_core.package_discovery:discover_packages(recursive) check parameters
[0.223s] Level 1:colcon.colcon_core.package_discovery:discover_packages(ignore) check parameters
[0.223s] Level 1:colcon.colcon_core.package_discovery:discover_packages(path) check parameters
[0.223s] Level 1:colcon.colcon_core.package_discovery:discover_packages(colcon_meta) discover
[0.223s] Level 1:colcon.colcon_core.package_discovery:discover_packages(recursive) discover
[0.223s] INFO:colcon.colcon_core.package_discovery:Crawling recursively for packages in '/home/pathfinder/vis_ws'
[0.223s] Level 1:colcon.colcon_core.package_identification:_identify(.) by extensions ['ignore', 'ignore_ament_install']
[0.223s] Level 1:colcon.colcon_core.package_identification:_identify(.) by extension 'ignore'
[0.223s] Level 1:colcon.colcon_core.package_identification:_identify(.) by extension 'ignore_ament_install'
[0.223s] Level 1:colcon.colcon_core.package_identification:_identify(.) by extensions ['colcon_pkg']
[0.223s] Level 1:colcon.colcon_core.package_identification:_identify(.) by extension 'colcon_pkg'
[0.223s] Level 1:colcon.colcon_core.package_identification:_identify(.) by extensions ['colcon_meta']
[0.223s] Level 1:colcon.colcon_core.package_identification:_identify(.) by extension 'colcon_meta'
[0.223s] Level 1:colcon.colcon_core.package_identification:_identify(.) by extensions ['ros']
[0.223s] Level 1:colcon.colcon_core.package_identification:_identify(.) by extension 'ros'
[0.229s] Level 1:colcon.colcon_core.package_identification:_identify(.) by extensions ['cmake', 'python']
[0.229s] Level 1:colcon.colcon_core.package_identification:_identify(.) by extension 'cmake'
[0.229s] Level 1:colcon.colcon_core.package_identification:_identify(.) by extension 'python'
[0.230s] Level 1:colcon.colcon_core.package_identification:_identify(.) by extensions ['python_setup_py']
[0.230s] Level 1:colcon.colcon_core.package_identification:_identify(.) by extension 'python_setup_py'
[0.230s] Level 1:colcon.colcon_core.package_identification:_identify(build) by extensions ['ignore', 'ignore_ament_install']
[0.230s] Level 1:colcon.colcon_core.package_identification:_identify(build) by extension 'ignore'
[0.230s] Level 1:colcon.colcon_core.package_identification:_identify(build) ignored
[0.230s] Level 1:colcon.colcon_core.package_identification:_identify(install) by extensions ['ignore', 'ignore_ament_install']
[0.230s] Level 1:colcon.colcon_core.package_identification:_identify(install) by extension 'ignore'
[0.230s] Level 1:colcon.colcon_core.package_identification:_identify(install) ignored
[0.230s] Level 1:colcon.colcon_core.package_identification:_identify(log) by extensions ['ignore', 'ignore_ament_install']
[0.230s] Level 1:colcon.colcon_core.package_identification:_identify(log) by extension 'ignore'
[0.230s] Level 1:colcon.colcon_core.package_identification:_identify(log) ignored
[0.230s] Level 1:colcon.colcon_core.package_identification:_identify(src) by extensions ['ignore', 'ignore_ament_install']
[0.230s] Level 1:colcon.colcon_core.package_identification:_identify(src) by extension 'ignore'
[0.230s] Level 1:colcon.colcon_core.package_identification:_identify(src) by extension 'ignore_ament_install'
[0.230s] Level 1:colcon.colcon_core.package_identification:_identify(src) by extensions ['colcon_pkg']
[0.230s] Level 1:colcon.colcon_core.package_identification:_identify(src) by extension 'colcon_pkg'
[0.230s] Level 1:colcon.colcon_core.package_identification:_identify(src) by extensions ['colcon_meta']
[0.230s] Level 1:colcon.colcon_core.package_identification:_identify(src) by extension 'colcon_meta'
[0.230s] Level 1:colcon.colcon_core.package_identification:_identify(src) by extensions ['ros']
[0.230s] Level 1:colcon.colcon_core.package_identification:_identify(src) by extension 'ros'
[0.230s] Level 1:colcon.colcon_core.package_identification:_identify(src) by extensions ['cmake', 'python']
[0.230s] Level 1:colcon.colcon_core.package_identification:_identify(src) by extension 'cmake'
[0.230s] Level 1:colcon.colcon_core.package_identification:_identify(src) by extension 'python'
[0.230s] Level 1:colcon.colcon_core.package_identification:_identify(src) by extensions ['python_setup_py']
[0.230s] Level 1:colcon.colcon_core.package_identification:_identify(src) by extension 'python_setup_py'
[0.230s] Level 1:colcon.colcon_core.package_identification:_identify(src/vis) by extensions ['ignore', 'ignore_ament_install']
[0.230s] Level 1:colcon.colcon_core.package_identification:_identify(src/vis) by extension 'ignore'
[0.230s] Level 1:colcon.colcon_core.package_identification:_identify(src/vis) by extension 'ignore_ament_install'
[0.230s] Level 1:colcon.colcon_core.package_identification:_identify(src/vis) by extensions ['colcon_pkg']
[0.230s] Level 1:colcon.colcon_core.package_identification:_identify(src/vis) by extension 'colcon_pkg'
[0.230s] Level 1:colcon.colcon_core.package_identification:_identify(src/vis) by extensions ['colcon_meta']
[0.230s] Level 1:colcon.colcon_core.package_identification:_identify(src/vis) by extension 'colcon_meta'
[0.230s] Level 1:colcon.colcon_core.package_identification:_identify(src/vis) by extensions ['ros']
[0.230s] Level 1:colcon.colcon_core.package_identification:_identify(src/vis) by extension 'ros'
[0.230s] Level 1:colcon.colcon_core.package_identification:_identify(src/vis) by extensions ['cmake', 'python']
[0.230s] Level 1:colcon.colcon_core.package_identification:_identify(src/vis) by extension 'cmake'
[0.230s] Level 1:colcon.colcon_core.package_identification:_identify(src/vis) by extension 'python'
[0.230s] Level 1:colcon.colcon_core.package_identification:_identify(src/vis) by extensions ['python_setup_py']
[0.230s] Level 1:colcon.colcon_core.package_identification:_identify(src/vis) by extension 'python_setup_py'
[0.231s] Level 1:colcon.colcon_core.package_identification:_identify(src/vis/__pycache__) by extensions ['ignore', 'ignore_ament_install']
[0.231s] Level 1:colcon.colcon_core.package_identification:_identify(src/vis/__pycache__) by extension 'ignore'
[0.231s] Level 1:colcon.colcon_core.package_identification:_identify(src/vis/__pycache__) by extension 'ignore_ament_install'
[0.231s] Level 1:colcon.colcon_core.package_identification:_identify(src/vis/__pycache__) by extensions ['colcon_pkg']
[0.231s] Level 1:colcon.colcon_core.package_identification:_identify(src/vis/__pycache__) by extension 'colcon_pkg'
[0.231s] Level 1:colcon.colcon_core.package_identification:_identify(src/vis/__pycache__) by extensions ['colcon_meta']
[0.231s] Level 1:colcon.colcon_core.package_identification:_identify(src/vis/__pycache__) by extension 'colcon_meta'
[0.231s] Level 1:colcon.colcon_core.package_identification:_identify(src/vis/__pycache__) by extensions ['ros']
[0.231s] Level 1:colcon.colcon_core.package_identification:_identify(src/vis/__pycache__) by extension 'ros'
[0.231s] Level 1:colcon.colcon_core.package_identification:_identify(src/vis/__pycache__) by extensions ['cmake', 'python']
[0.231s] Level 1:colcon.colcon_core.package_identification:_identify(src/vis/__pycache__) by extension 'cmake'
[0.231s] Level 1:colcon.colcon_core.package_identification:_identify(src/vis/__pycache__) by extension 'python'
[0.231s] Level 1:colcon.colcon_core.package_identification:_identify(src/vis/__pycache__) by extensions ['python_setup_py']
[0.231s] Level 1:colcon.colcon_core.package_identification:_identify(src/vis/__pycache__) by extension 'python_setup_py'
[0.231s] Level 1:colcon.colcon_core.package_identification:_identify(src/vis/build) by extensions ['ignore', 'ignore_ament_install']
[0.231s] Level 1:colcon.colcon_core.package_identification:_identify(src/vis/build) by extension 'ignore'
[0.231s] Level 1:colcon.colcon_core.package_identification:_identify(src/vis/build) ignored
[0.231s] Level 1:colcon.colcon_core.package_identification:_identify(src/vis/install) by extensions ['ignore', 'ignore_ament_install']
[0.231s] Level 1:colcon.colcon_core.package_identification:_identify(src/vis/install) by extension 'ignore'
[0.231s] Level 1:colcon.colcon_core.package_identification:_identify(src/vis/install) ignored
[0.231s] Level 1:colcon.colcon_core.package_identification:_identify(src/vis/interactive_marker_tutorials) by extensions ['ignore', 'ignore_ament_install']
[0.231s] Level 1:colcon.colcon_core.package_identification:_identify(src/vis/interactive_marker_tutorials) by extension 'ignore'
[0.231s] Level 1:colcon.colcon_core.package_identification:_identify(src/vis/interactive_marker_tutorials) by extension 'ignore_ament_install'
[0.231s] Level 1:colcon.colcon_core.package_identification:_identify(src/vis/interactive_marker_tutorials) by extensions ['colcon_pkg']
[0.231s] Level 1:colcon.colcon_core.package_identification:_identify(src/vis/interactive_marker_tutorials) by extension 'colcon_pkg'
[0.231s] Level 1:colcon.colcon_core.package_identification:_identify(src/vis/interactive_marker_tutorials) by extensions ['colcon_meta']
[0.231s] Level 1:colcon.colcon_core.package_identification:_identify(src/vis/interactive_marker_tutorials) by extension 'colcon_meta'
[0.231s] Level 1:colcon.colcon_core.package_identification:_identify(src/vis/interactive_marker_tutorials) by extensions ['ros']
[0.231s] Level 1:colcon.colcon_core.package_identification:_identify(src/vis/interactive_marker_tutorials) by extension 'ros'
[0.233s] DEBUG:colcon.colcon_core.package_identification:Package 'src/vis/interactive_marker_tutorials' with type 'ros.ament_cmake' and name 'interactive_marker_tutorials'
[0.233s] Level 1:colcon.colcon_core.package_identification:_identify(src/vis/librviz_tutorial) by extensions ['ignore', 'ignore_ament_install']
[0.233s] Level 1:colcon.colcon_core.package_identification:_identify(src/vis/librviz_tutorial) by extension 'ignore'
[0.233s] Level 1:colcon.colcon_core.package_identification:_identify(src/vis/librviz_tutorial) by extension 'ignore_ament_install'
[0.233s] Level 1:colcon.colcon_core.package_identification:_identify(src/vis/librviz_tutorial) by extensions ['colcon_pkg']
[0.233s] Level 1:colcon.colcon_core.package_identification:_identify(src/vis/librviz_tutorial) by extension 'colcon_pkg'
[0.233s] Level 1:colcon.colcon_core.package_identification:_identify(src/vis/librviz_tutorial) by extensions ['colcon_meta']
[0.233s] Level 1:colcon.colcon_core.package_identification:_identify(src/vis/librviz_tutorial) by extension 'colcon_meta'
[0.233s] Level 1:colcon.colcon_core.package_identification:_identify(src/vis/librviz_tutorial) by extensions ['ros']
[0.233s] Level 1:colcon.colcon_core.package_identification:_identify(src/vis/librviz_tutorial) by extension 'ros'
[0.234s] DEBUG:colcon.colcon_core.package_identification:Package 'src/vis/librviz_tutorial' with type 'ros.ament_cmake' and name 'librviz_tutorial'
[0.234s] Level 1:colcon.colcon_core.package_identification:_identify(src/vis/log) by extensions ['ignore', 'ignore_ament_install']
[0.234s] Level 1:colcon.colcon_core.package_identification:_identify(src/vis/log) by extension 'ignore'
[0.234s] Level 1:colcon.colcon_core.package_identification:_identify(src/vis/log) ignored
[0.234s] Level 1:colcon.colcon_core.package_identification:_identify(src/vis/rviz_plugin_tutorials) by extensions ['ignore', 'ignore_ament_install']
[0.234s] Level 1:colcon.colcon_core.package_identification:_identify(src/vis/rviz_plugin_tutorials) by extension 'ignore'
[0.234s] Level 1:colcon.colcon_core.package_identification:_identify(src/vis/rviz_plugin_tutorials) by extension 'ignore_ament_install'
[0.234s] Level 1:colcon.colcon_core.package_identification:_identify(src/vis/rviz_plugin_tutorials) by extensions ['colcon_pkg']
[0.234s] Level 1:colcon.colcon_core.package_identification:_identify(src/vis/rviz_plugin_tutorials) by extension 'colcon_pkg'
[0.234s] Level 1:colcon.colcon_core.package_identification:_identify(src/vis/rviz_plugin_tutorials) by extensions ['colcon_meta']
[0.234s] Level 1:colcon.colcon_core.package_identification:_identify(src/vis/rviz_plugin_tutorials) by extension 'colcon_meta'
[0.234s] Level 1:colcon.colcon_core.package_identification:_identify(src/vis/rviz_plugin_tutorials) by extensions ['ros']
[0.234s] Level 1:colcon.colcon_core.package_identification:_identify(src/vis/rviz_plugin_tutorials) by extension 'ros'
[0.234s] DEBUG:colcon.colcon_core.package_identification:Package 'src/vis/rviz_plugin_tutorials' with type 'ros.ament_cmake' and name 'rviz_plugin_tutorials'
[0.234s] Level 1:colcon.colcon_core.package_identification:_identify(src/vis/rviz_python_tutorial) by extensions ['ignore', 'ignore_ament_install']
[0.235s] Level 1:colcon.colcon_core.package_identification:_identify(src/vis/rviz_python_tutorial) by extension 'ignore'
[0.235s] Level 1:colcon.colcon_core.package_identification:_identify(src/vis/rviz_python_tutorial) ignored
[0.235s] Level 1:colcon.colcon_core.package_identification:_identify(src/vis/visualization_marker_tutorials) by extensions ['ignore', 'ignore_ament_install']
[0.235s] Level 1:colcon.colcon_core.package_identification:_identify(src/vis/visualization_marker_tutorials) by extension 'ignore'
[0.235s] Level 1:colcon.colcon_core.package_identification:_identify(src/vis/visualization_marker_tutorials) by extension 'ignore_ament_install'
[0.235s] Level 1:colcon.colcon_core.package_identification:_identify(src/vis/visualization_marker_tutorials) by extensions ['colcon_pkg']
[0.235s] Level 1:colcon.colcon_core.package_identification:_identify(src/vis/visualization_marker_tutorials) by extension 'colcon_pkg'
[0.235s] Level 1:colcon.colcon_core.package_identification:_identify(src/vis/visualization_marker_tutorials) by extensions ['colcon_meta']
[0.235s] Level 1:colcon.colcon_core.package_identification:_identify(src/vis/visualization_marker_tutorials) by extension 'colcon_meta'
[0.235s] Level 1:colcon.colcon_core.package_identification:_identify(src/vis/visualization_marker_tutorials) by extensions ['ros']
[0.235s] Level 1:colcon.colcon_core.package_identification:_identify(src/vis/visualization_marker_tutorials) by extension 'ros'
[0.235s] DEBUG:colcon.colcon_core.package_identification:Package 'src/vis/visualization_marker_tutorials' with type 'ros.ament_cmake' and name 'visualization_marker_tutorials'
[0.235s] Level 1:colcon.colcon_core.package_identification:_identify(src/vis/visualization_tutorials) by extensions ['ignore', 'ignore_ament_install']
[0.235s] Level 1:colcon.colcon_core.package_identification:_identify(src/vis/visualization_tutorials) by extension 'ignore'
[0.235s] Level 1:colcon.colcon_core.package_identification:_identify(src/vis/visualization_tutorials) by extension 'ignore_ament_install'
[0.235s] Level 1:colcon.colcon_core.package_identification:_identify(src/vis/visualization_tutorials) by extensions ['colcon_pkg']
[0.235s] Level 1:colcon.colcon_core.package_identification:_identify(src/vis/visualization_tutorials) by extension 'colcon_pkg'
[0.235s] Level 1:colcon.colcon_core.package_identification:_identify(src/vis/visualization_tutorials) by extensions ['colcon_meta']
[0.235s] Level 1:colcon.colcon_core.package_identification:_identify(src/vis/visualization_tutorials) by extension 'colcon_meta'
[0.235s] Level 1:colcon.colcon_core.package_identification:_identify(src/vis/visualization_tutorials) by extensions ['ros']
[0.235s] Level 1:colcon.colcon_core.package_identification:_identify(src/vis/visualization_tutorials) by extension 'ros'
[0.236s] DEBUG:colcon.colcon_core.package_identification:Package 'src/vis/visualization_tutorials' with type 'ros.ament_cmake' and name 'visualization_tutorials'
[0.236s] Level 1:colcon.colcon_core.package_identification:_identify(src/whole_vis) by extensions ['ignore', 'ignore_ament_install']
[0.236s] Level 1:colcon.colcon_core.package_identification:_identify(src/whole_vis) by extension 'ignore'
[0.236s] Level 1:colcon.colcon_core.package_identification:_identify(src/whole_vis) by extension 'ignore_ament_install'
[0.236s] Level 1:colcon.colcon_core.package_identification:_identify(src/whole_vis) by extensions ['colcon_pkg']
[0.236s] Level 1:colcon.colcon_core.package_identification:_identify(src/whole_vis) by extension 'colcon_pkg'
[0.236s] Level 1:colcon.colcon_core.package_identification:_identify(src/whole_vis) by extensions ['colcon_meta']
[0.236s] Level 1:colcon.colcon_core.package_identification:_identify(src/whole_vis) by extension 'colcon_meta'
[0.236s] Level 1:colcon.colcon_core.package_identification:_identify(src/whole_vis) by extensions ['ros']
[0.236s] Level 1:colcon.colcon_core.package_identification:_identify(src/whole_vis) by extension 'ros'
[0.236s] Level 1:colcon.colcon_core.package_identification:_identify(src/whole_vis) by extensions ['cmake', 'python']
[0.236s] Level 1:colcon.colcon_core.package_identification:_identify(src/whole_vis) by extension 'cmake'
[0.236s] Level 1:colcon.colcon_core.package_identification:_identify(src/whole_vis) by extension 'python'
[0.236s] Level 1:colcon.colcon_core.package_identification:_identify(src/whole_vis) by extensions ['python_setup_py']
[0.236s] Level 1:colcon.colcon_core.package_identification:_identify(src/whole_vis) by extension 'python_setup_py'
[0.236s] Level 1:colcon.colcon_core.package_identification:_identify(src/wholebody_description) by extensions ['ignore', 'ignore_ament_install']
[0.236s] Level 1:colcon.colcon_core.package_identification:_identify(src/wholebody_description) by extension 'ignore'
[0.236s] Level 1:colcon.colcon_core.package_identification:_identify(src/wholebody_description) by extension 'ignore_ament_install'
[0.236s] Level 1:colcon.colcon_core.package_identification:_identify(src/wholebody_description) by extensions ['colcon_pkg']
[0.236s] Level 1:colcon.colcon_core.package_identification:_identify(src/wholebody_description) by extension 'colcon_pkg'
[0.236s] Level 1:colcon.colcon_core.package_identification:_identify(src/wholebody_description) by extensions ['colcon_meta']
[0.236s] Level 1:colcon.colcon_core.package_identification:_identify(src/wholebody_description) by extension 'colcon_meta'
[0.236s] Level 1:colcon.colcon_core.package_identification:_identify(src/wholebody_description) by extensions ['ros']
[0.236s] Level 1:colcon.colcon_core.package_identification:_identify(src/wholebody_description) by extension 'ros'
[0.236s] DEBUG:colcon.colcon_core.package_identification:Package 'src/wholebody_description' with type 'ros.ament_cmake' and name 'wholebody_description'
[0.236s] Level 1:colcon.colcon_core.package_identification:_identify(src/wholebody_visualization) by extensions ['ignore', 'ignore_ament_install']
[0.236s] Level 1:colcon.colcon_core.package_identification:_identify(src/wholebody_visualization) by extension 'ignore'
[0.236s] Level 1:colcon.colcon_core.package_identification:_identify(src/wholebody_visualization) by extension 'ignore_ament_install'
[0.236s] Level 1:colcon.colcon_core.package_identification:_identify(src/wholebody_visualization) by extensions ['colcon_pkg']
[0.236s] Level 1:colcon.colcon_core.package_identification:_identify(src/wholebody_visualization) by extension 'colcon_pkg'
[0.236s] Level 1:colcon.colcon_core.package_identification:_identify(src/wholebody_visualization) by extensions ['colcon_meta']
[0.236s] Level 1:colcon.colcon_core.package_identification:_identify(src/wholebody_visualization) by extension 'colcon_meta'
[0.237s] Level 1:colcon.colcon_core.package_identification:_identify(src/wholebody_visualization) by extensions ['ros']
[0.237s] Level 1:colcon.colcon_core.package_identification:_identify(src/wholebody_visualization) by extension 'ros'
[0.237s] DEBUG:colcon.colcon_core.package_identification:Package 'src/wholebody_visualization' with type 'ros.ament_cmake' and name 'wholebody_visualization'
[0.237s] Level 1:colcon.colcon_core.package_discovery:discover_packages(recursive) using defaults
[0.237s] Level 1:colcon.colcon_core.package_discovery:discover_packages(ignore) discover
[0.237s] Level 1:colcon.colcon_core.package_discovery:discover_packages(ignore) using defaults
[0.237s] Level 1:colcon.colcon_core.package_discovery:discover_packages(path) discover
[0.237s] Level 1:colcon.colcon_core.package_discovery:discover_packages(path) using defaults
[0.238s] WARNING:colcon.colcon_core.package_selection:ignoring unknown package 'interactive_marker_turtorials' in --packages-select
[0.252s] INFO:colcon.colcon_core.package_selection:Skipping not selected package 'interactive_marker_tutorials' in 'src/vis/interactive_marker_tutorials'
[0.252s] INFO:colcon.colcon_core.package_selection:Skipping not selected package 'librviz_tutorial' in 'src/vis/librviz_tutorial'
[0.252s] INFO:colcon.colcon_core.package_selection:Skipping not selected package 'rviz_plugin_tutorials' in 'src/vis/rviz_plugin_tutorials'
[0.252s] INFO:colcon.colcon_core.package_selection:Skipping not selected package 'visualization_marker_tutorials' in 'src/vis/visualization_marker_tutorials'
[0.253s] INFO:colcon.colcon_core.package_selection:Skipping not selected package 'wholebody_description' in 'src/wholebody_description'
[0.253s] INFO:colcon.colcon_core.package_selection:Skipping not selected package 'wholebody_visualization' in 'src/wholebody_visualization'
[0.253s] INFO:colcon.colcon_core.package_selection:Skipping not selected package 'visualization_tutorials' in 'src/vis/visualization_tutorials'
[0.253s] Level 1:colcon.colcon_core.package_discovery:discover_packages(prefix_path) check parameters
[0.253s] Level 1:colcon.colcon_core.package_discovery:discover_packages(prefix_path) discover
[0.257s] DEBUG:colcon.colcon_installed_package_information.package_discovery:Found 7 installed packages in /home/pathfinder/vis_ws/install
[0.258s] DEBUG:colcon.colcon_installed_package_information.package_discovery:Found 58 installed packages in /home/pathfinder/ws_moveit2/install
[0.260s] DEBUG:colcon.colcon_installed_package_information.package_discovery:Found 364 installed packages in /opt/ros/humble
[0.261s] Level 1:colcon.colcon_core.package_discovery:discover_packages(prefix_path) using defaults
[0.298s] INFO:colcon.colcon_core.executor:Executing jobs using 'parallel' executor
[0.300s] DEBUG:colcon.colcon_parallel_executor.executor.parallel:run_until_complete
[0.300s] DEBUG:colcon.colcon_parallel_executor.executor.parallel:closing loop
[0.300s] DEBUG:colcon.colcon_parallel_executor.executor.parallel:loop closed
[0.300s] DEBUG:colcon.colcon_parallel_executor.executor.parallel:run_until_complete finished with '0'
[0.300s] DEBUG:colcon.colcon_core.event_reactor:joining thread
[0.305s] INFO:colcon.colcon_core.plugin_system:Skipping extension 'colcon_notification.desktop_notification.terminal_notifier': Not used on non-Darwin systems
[0.305s] INFO:colcon.colcon_core.plugin_system:Skipping extension 'colcon_notification.desktop_notification.win32': Not used on non-Windows systems
[0.305s] INFO:colcon.colcon_notification.desktop_notification:Sending desktop notification using 'notify2'
[0.318s] DEBUG:colcon.colcon_core.event_reactor:joined thread
[0.322s] INFO:colcon.colcon_core.plugin_system:Skipping extension 'colcon_core.shell.bat': Not used on non-Windows systems
[0.322s] INFO:colcon.colcon_core.shell:Creating prefix script '/home/pathfinder/vis_ws/install/local_setup.ps1'
[0.323s] INFO:colcon.colcon_core.shell:Creating prefix util module '/home/pathfinder/vis_ws/install/_local_setup_util_ps1.py'
[0.324s] INFO:colcon.colcon_core.shell:Creating prefix chain script '/home/pathfinder/vis_ws/install/setup.ps1'
[0.325s] INFO:colcon.colcon_core.shell:Creating prefix script '/home/pathfinder/vis_ws/install/local_setup.sh'
[0.326s] INFO:colcon.colcon_core.shell:Creating prefix util module '/home/pathfinder/vis_ws/install/_local_setup_util_sh.py'
[0.326s] INFO:colcon.colcon_core.shell:Creating prefix chain script '/home/pathfinder/vis_ws/install/setup.sh'
[0.327s] INFO:colcon.colcon_core.shell:Creating prefix script '/home/pathfinder/vis_ws/install/local_setup.bash'
[0.328s] INFO:colcon.colcon_core.shell:Creating prefix chain script '/home/pathfinder/vis_ws/install/setup.bash'
[0.329s] INFO:colcon.colcon_core.shell:Creating prefix script '/home/pathfinder/vis_ws/install/local_setup.zsh'
[0.329s] INFO:colcon.colcon_core.shell:Creating prefix chain script '/home/pathfinder/vis_ws/install/setup.zsh'
